Unity Editor version:    2022.3.1f1 (f18e0c1b5784)
Branch:                  2022.3/staging
Build type:              Release
Batch mode:              YES
System name:             Linux
Distro version:          #44~22.04.1-Ubuntu SMP PREEMPT_DYNAMIC Mon May 22 13:39:36 UTC 2
Kernel version:          5.19.0-43-generic
Architecture:            x86_64
Available memory:        15413 MB
Using pre-set license
Pro License: YES
Desktop is 1920 x 1080 @ 60 Hz
Initialize udev device monitor.

COMMAND LINE ARGUMENTS:
Unity
-adb2
-batchMode
-noUpm
-name
AssetImportWorker2
-projectPath
/home/lvquang/Desktop/test_unity
-logFile
Logs/AssetImportWorker2.log
-srvPort
37511
Successfully changed project path to: /home/lvquang/Desktop/test_unity
/home/lvquang/Desktop/test_unity
[UnityMemory] Configuration Parameters - Can be set up in boot.config
    "memorysetup-bucket-allocator-granularity=16"
    "memorysetup-bucket-allocator-bucket-count=8"
    "memorysetup-bucket-allocator-block-size=33554432"
    "memorysetup-bucket-allocator-block-count=8"
    "memorysetup-main-allocator-block-size=16777216"
    "memorysetup-thread-allocator-block-size=16777216"
    "memorysetup-gfx-main-allocator-block-size=16777216"
    "memorysetup-gfx-thread-allocator-block-size=16777216"
    "memorysetup-cache-allocator-block-size=4194304"
    "memorysetup-typetree-allocator-block-size=2097152"
    "memorysetup-profiler-bucket-allocator-granularity=16"
    "memorysetup-profiler-bucket-allocator-bucket-count=8"
    "memorysetup-profiler-bucket-allocator-block-size=33554432"
    "memorysetup-profiler-bucket-allocator-block-count=8"
    "memorysetup-profiler-allocator-block-size=16777216"
    "memorysetup-profiler-editor-allocator-block-size=1048576"
    "memorysetup-temp-allocator-size-main=16777216"
    "memorysetup-job-temp-allocator-block-size=2097152"
    "memorysetup-job-temp-allocator-block-size-background=1048576"
    "memorysetup-job-temp-allocator-reduction-small-platforms=262144"
    "memorysetup-allocator-temp-initial-block-size-main=262144"
    "memorysetup-allocator-temp-initial-block-size-worker=262144"
    "memorysetup-temp-allocator-size-background-worker=32768"
    "memorysetup-temp-allocator-size-job-worker=262144"
    "memorysetup-temp-allocator-size-preload-manager=33554432"
    "memorysetup-temp-allocator-size-nav-mesh-worker=65536"
    "memorysetup-temp-allocator-size-audio-worker=65536"
    "memorysetup-temp-allocator-size-cloud-worker=32768"
    "memorysetup-temp-allocator-size-gi-baking-worker=262144"
    "memorysetup-temp-allocator-size-gfx=262144"
Player connection [140219276239808] Host "[IP] 192.168.0.108 [Port] 0 [Flags] 2 [Guid] 2857940026 [EditorId] 2857940026 [Version] 1048832 [Id] LinuxEditor(16,192.168.0.108) [Debug] 1 [PackageName] LinuxEditor [ProjectName] Editor" joined multi-casting on [225.0.0.222:54997]...

Player connection [140219276239808] Host "[IP] 192.168.0.108 [Port] 0 [Flags] 2 [Guid] 2857940026 [EditorId] 2857940026 [Version] 1048832 [Id] LinuxEditor(16,192.168.0.108) [Debug] 1 [PackageName] LinuxEditor [ProjectName] Editor" joined alternative multi-casting on [225.0.0.222:34997]...

Refreshing native plugins compatible for Editor in 4.83 ms, found 2 plugins.
Preloading 0 native plugins for Editor in 0.00 ms.
Initialize engine version: 2022.3.1f1 (f18e0c1b5784)
[Subsystems] Discovering subsystems at path /home/lvquang/Unity/Hub/Editor/2022.3.1f1/Editor/Data/Resources/UnitySubsystems
[Subsystems] Discovering subsystems at path /home/lvquang/Desktop/test_unity/Assets
GLX Extensions: GLX_ARB_context_flush_control GLX_ARB_create_context GLX_ARB_create_context_no_error GLX_ARB_create_context_profile GLX_ARB_create_context_robustness GLX_ARB_fbconfig_float GLX_ARB_framebuffer_sRGB GLX_ARB_get_proc_address GLX_ARB_multisample GLX_EXT_buffer_age GLX_EXT_create_context_es2_profile GLX_EXT_create_context_es_profile GLX_EXT_fbconfig_packed_float GLX_EXT_framebuffer_sRGB GLX_EXT_no_config_context GLX_EXT_swap_control GLX_EXT_swap_control_tear GLX_EXT_texture_from_pixmap GLX_EXT_visual_info GLX_EXT_visual_rating GLX_INTEL_swap_event GLX_MESA_copy_sub_buffer GLX_MESA_query_renderer GLX_MESA_swap_control GLX_OML_swap_method GLX_OML_sync_control GLX_SGIS_multisample GLX_SGIX_fbconfig GLX_SGIX_pbuffer GLX_SGIX_visual_select_group GLX_SGI_make_current_read GLX_SGI_swap_control GLX_SGI_video_sync 
Renderer: RENOIR (renoir, LLVM 15.0.6, DRM 3.47, 5.19.0-43-generic)
Vendor:   AMD
Version:  4.6 (Core Profile) Mesa 22.2.5
GLES:     0
 GL_AMD_conservative_depth GL_AMD_depth_clamp_separate GL_AMD_draw_buffers_blend GL_AMD_framebuffer_multisample_advanced GL_AMD_gpu_shader_int64 GL_AMD_multi_draw_indirect GL_AMD_performance_monitor GL_AMD_pinned_memory GL_AMD_query_buffer_object GL_AMD_seamless_cubemap_per_texture GL_AMD_shader_stencil_export GL_AMD_shader_trinary_minmax GL_AMD_texture_texture4 GL_AMD_vertex_shader_layer GL_AMD_vertex_shader_viewport_index GL_ANGLE_texture_compression_dxt3 GL_ANGLE_texture_compression_dxt5 GL_ARB_ES2_compatibility GL_ARB_ES3_1_compatibility GL_ARB_ES3_2_compatibility GL_ARB_ES3_compatibility GL_ARB_arrays_of_arrays GL_ARB_base_instance GL_ARB_bindless_texture GL_ARB_blend_func_extended GL_ARB_buffer_storage GL_ARB_clear_buffer_object GL_ARB_clear_texture GL_ARB_clip_control GL_ARB_color_buffer_float GL_ARB_compressed_texture_pixel_storage GL_ARB_compute_shader GL_ARB_compute_variable_group_size GL_ARB_conditional_render_inverted GL_ARB_conservative_depth GL_ARB_copy_buffer GL_ARB_copy_image GL_ARB_cull_dist
ance GL_ARB_debug_output GL_ARB_depth_buffer_float GL_ARB_depth_clamp GL_ARB_derivative_control GL_ARB_direct_state_access GL_ARB_draw_buffers GL_ARB_draw_buffers_blend GL_ARB_draw_elements_base_vertex GL_ARB_draw_indirect GL_ARB_draw_instanced GL_ARB_enhanced_layouts GL_ARB_explicit_attrib_location GL_ARB_explicit_uniform_location GL_ARB_fragment_coord_conventions GL_ARB_fragment_layer_viewport GL_ARB_fragment_shader GL_ARB_framebuffer_no_attachments GL_ARB_framebuffer_object GL_ARB_framebuffer_sRGB GL_ARB_get_program_binary GL_ARB_get_texture_sub_image GL_ARB_gl_spirv GL_ARB_gpu_shader5 GL_ARB_gpu_shader_fp64 GL_ARB_gpu_shader_int64 GL_ARB_half_float_pixel GL_ARB_half_float_vertex GL_ARB_indirect_parameters GL_ARB_instanced_arrays GL_ARB_internalformat_query GL_ARB_internalformat_query2 GL_ARB_invalidate_subdata GL_ARB_map_buffer_alignment GL_ARB_map_buffer_range GL_ARB_multi_bind GL_ARB_multi_draw_indirect GL_ARB_occlusion_query2 GL_ARB_parallel_shader_compile GL_ARB_pipeline_statistics_query GL_ARB_pixel
_buffer_object GL_ARB_point_sprite GL_ARB_polygon_offset_clamp GL_ARB_program_interface_query GL_ARB_provoking_vertex GL_ARB_query_buffer_object GL_ARB_robust_buffer_access_behavior GL_ARB_robustness GL_ARB_sample_shading GL_ARB_sampler_objects GL_ARB_seamless_cube_map GL_ARB_seamless_cubemap_per_texture GL_ARB_separate_shader_objects GL_ARB_shader_atomic_counter_ops GL_ARB_shader_atomic_counters GL_ARB_shader_ballot GL_ARB_shader_bit_encoding GL_ARB_shader_clock GL_ARB_shader_draw_parameters GL_ARB_shader_group_vote GL_ARB_shader_image_load_store GL_ARB_shader_image_size GL_ARB_shader_objects GL_ARB_shader_precision GL_ARB_shader_stencil_export GL_ARB_shader_storage_buffer_object GL_ARB_shader_subroutine GL_ARB_shader_texture_image_samples GL_ARB_shader_texture_lod GL_ARB_shader_viewport_layer_array GL_ARB_shading_language_420pack GL_ARB_shading_language_include GL_ARB_shading_language_packing GL_ARB_sparse_buffer GL_ARB_sparse_texture GL_ARB_sparse_texture2 GL_ARB_sparse_texture_clamp GL_ARB_spirv_extensio
ns GL_ARB_stencil_texturing GL_ARB_sync GL_ARB_tessellation_shader GL_ARB_texture_barrier GL_ARB_texture_buffer_object GL_ARB_texture_buffer_object_rgb32 GL_ARB_texture_buffer_range GL_ARB_texture_compression_bptc GL_ARB_texture_compression_rgtc GL_ARB_texture_cube_map_array GL_ARB_texture_filter_anisotropic GL_ARB_texture_float GL_ARB_texture_gather GL_ARB_texture_mirror_clamp_to_edge GL_ARB_texture_multisample GL_ARB_texture_non_power_of_two GL_ARB_texture_query_levels GL_ARB_texture_query_lod GL_ARB_texture_rectangle GL_ARB_texture_rg GL_ARB_texture_rgb10_a2ui GL_ARB_texture_stencil8 GL_ARB_texture_storage GL_ARB_texture_storage_multisample GL_ARB_texture_swizzle GL_ARB_texture_view GL_ARB_timer_query GL_ARB_transform_feedback2 GL_ARB_transform_feedback3 GL_ARB_transform_feedback_instanced GL_ARB_transform_feedback_overflow_query GL_ARB_uniform_buffer_object GL_ARB_vertex_array_bgra GL_ARB_vertex_array_object GL_ARB_vertex_attrib_64bit GL_ARB_vertex_attrib_binding GL_ARB_vertex_buffer_object GL_ARB_vertex
_shader GL_ARB_vertex_type_10f_11f_11f_rev GL_ARB_vertex_type_2_10_10_10_rev GL_ARB_viewport_array GL_ATI_blend_equation_separate GL_ATI_meminfo GL_ATI_texture_float GL_ATI_texture_mirror_once GL_EXT_EGL_image_storage GL_EXT_EGL_sync GL_EXT_abgr GL_EXT_blend_equation_separate GL_EXT_demote_to_helper_invocation GL_EXT_depth_bounds_test GL_EXT_draw_buffers2 GL_EXT_draw_instanced GL_EXT_framebuffer_blit GL_EXT_framebuffer_multisample GL_EXT_framebuffer_multisample_blit_scaled GL_EXT_framebuffer_object GL_EXT_framebuffer_sRGB GL_EXT_memory_object GL_EXT_memory_object_fd GL_EXT_packed_depth_stencil GL_EXT_packed_float GL_EXT_pixel_buffer_object GL_EXT_polygon_offset_clamp GL_EXT_provoking_vertex GL_EXT_semaphore GL_EXT_semaphore_fd GL_EXT_shader_image_load_formatted GL_EXT_shader_image_load_store GL_EXT_shader_integer_mix GL_EXT_shader_samples_identical GL_EXT_texture_array GL_EXT_texture_compression_dxt1 GL_EXT_texture_compression_rgtc GL_EXT_texture_compression_s3tc GL_EXT_texture_filter_anisotropic GL_EXT_text
ure_integer GL_EXT_texture_mirror_clamp GL_EXT_texture_sRGB GL_EXT_texture_sRGB_R8 GL_EXT_texture_sRGB_decode GL_EXT_texture_shadow_lod GL_EXT_texture_shared_exponent GL_EXT_texture_snorm GL_EXT_texture_swizzle GL_EXT_timer_query GL_EXT_transform_feedback GL_EXT_vertex_array_bgra GL_EXT_vertex_attrib_64bit GL_EXT_window_rectangles GL_IBM_multimode_draw_arrays GL_INTEL_blackhole_render GL_KHR_blend_equation_advanced GL_KHR_context_flush_control GL_KHR_debug GL_KHR_no_error GL_KHR_parallel_shader_compile GL_KHR_robust_buffer_access_behavior GL_KHR_robustness GL_KHR_texture_compression_astc_ldr GL_KHR_texture_compression_astc_sliced_3d GL_MESA_framebuffer_flip_y GL_MESA_pack_invert GL_MESA_shader_integer_functions GL_MESA_texture_signed_rgba GL_NVX_gpu_memory_info GL_NV_alpha_to_coverage_dither_control GL_NV_compute_shader_derivatives GL_NV_conditional_render GL_NV_copy_image GL_NV_depth_clamp GL_NV_packed_depth_stencil GL_NV_shader_atomic_int64 GL_NV_texture_barrier GL_NV_vdpau_interop GL_OES_EGL_image GL_S3_s
3tc
OPENGL LOG: Creating OpenGL 4.6 graphics device ; Context level  <OpenGL 4.5> ; Context handle 972700160
Initialize mono
Mono path[0] = '/home/lvquang/Unity/Hub/Editor/2022.3.1f1/Editor/Data/Managed'
Mono path[1] = '/home/lvquang/Unity/Hub/Editor/2022.3.1f1/Editor/Data/MonoBleedingEdge/lib/mono/unityjit-linux'
Mono config path = '/home/lvquang/Unity/Hub/Editor/2022.3.1f1/Editor/Data/MonoBleedingEdge/etc'
Using monoOptions --debugger-agent=transport=dt_socket,embedding=1,server=y,suspend=n,address=127.0.0.1:56071
Begin MonoManager ReloadAssembly
Registering precompiled unity dll's ...
Register platform support module: /home/lvquang/Unity/Hub/Editor/2022.3.1f1/Editor/Data/PlaybackEngines/WebGLSupport/UnityEditor.WebGL.Extensions.dll
Register platform support module: /home/lvquang/Unity/Hub/Editor/2022.3.1f1/Editor/Data/PlaybackEngines/LinuxStandaloneSupport/UnityEditor.LinuxStandalone.Extensions.dll
Registered in 0.005689 seconds.
- Loaded All Assemblies, in  0.330 seconds
Native extension for LinuxStandalone target not found
Native extension for WebGL target not found
Mono: successfully reloaded assembly
- Finished resetting the current domain, in  0.371 seconds
Domain Reload Profiling: 700ms
	BeginReloadAssembly (77ms)
		ExecutionOrderSort (0ms)
		DisableScriptedObjects (0ms)
		BackupInstance (0ms)
		ReleaseScriptingObjects (0ms)
		CreateAndSetChildDomain (1ms)
	RebuildCommonClasses (34ms)
	RebuildNativeTypeToScriptingClass (8ms)
	initialDomainReloadingComplete (77ms)
	LoadAllAssembliesAndSetupDomain (133ms)
		LoadAssemblies (75ms)
		RebuildTransferFunctionScriptingTraits (0ms)
		AnalyzeDomain (128ms)
			TypeCache.Refresh (127ms)
				TypeCache.ScanAssembly (117ms)
			ScanForSourceGeneratedMonoScriptInfo (0ms)
			ResolveRequiredComponents (1ms)
	FinalizeReload (371ms)
		ReleaseScriptCaches (0ms)
		RebuildScriptCaches (0ms)
		SetupLoadedEditorAssemblies (294ms)
			LogAssemblyErrors (0ms)
			InitializePlatformSupportModulesInManaged (14ms)
			SetLoadedEditorAssemblies (7ms)
			RefreshPlugins (0ms)
			BeforeProcessingInitializeOnLoad (4ms)
			ProcessInitializeOnLoadAttributes (197ms)
			ProcessInitializeOnLoadMethodAttributes (72ms)
			AfterProcessingInitializeOnLoad (0ms)
			EditorAssembliesLoaded (0ms)
		ExecutionOrderSort2 (0ms)
		AwakeInstancesAfterBackupRestoration (0ms)
========================================================================
Worker process is ready to serve import requests
Begin MonoManager ReloadAssembly
Symbol file LoadedFromMemory doesn't match image /home/lvquang/Desktop/test_unity/Library/PackageCache/com.unity.visualscripting@1.8.0/Editor/VisualScripting.Core/Dependencies/YamlDotNet/Unity.VisualScripting.YamlDotNet.dll
Symbol file LoadedFromMemory doesn't match image /home/lvquang/Desktop/test_unity/Library/PackageCache/com.unity.visualscripting@1.8.0/Editor/VisualScripting.Core/Dependencies/DotNetZip/Unity.VisualScripting.IonicZip.dll
- Loaded All Assemblies, in  0.718 seconds
Refreshing native plugins compatible for Editor in 3.39 ms, found 2 plugins.
Native extension for LinuxStandalone target not found
Native extension for WebGL target not found
Mono: successfully reloaded assembly
- Finished resetting the current domain, in  0.715 seconds
Domain Reload Profiling: 1433ms
	BeginReloadAssembly (150ms)
		ExecutionOrderSort (0ms)
		DisableScriptedObjects (9ms)
		BackupInstance (0ms)
		ReleaseScriptingObjects (0ms)
		CreateAndSetChildDomain (35ms)
	RebuildCommonClasses (34ms)
	RebuildNativeTypeToScriptingClass (8ms)
	initialDomainReloadingComplete (57ms)
	LoadAllAssembliesAndSetupDomain (467ms)
		LoadAssemblies (223ms)
		RebuildTransferFunctionScriptingTraits (0ms)
		AnalyzeDomain (301ms)
			TypeCache.Refresh (268ms)
				TypeCache.ScanAssembly (256ms)
			ScanForSourceGeneratedMonoScriptInfo (27ms)
			ResolveRequiredComponents (7ms)
	FinalizeReload (716ms)
		ReleaseScriptCaches (0ms)
		RebuildScriptCaches (0ms)
		SetupLoadedEditorAssemblies (503ms)
			LogAssemblyErrors (0ms)
			InitializePlatformSupportModulesInManaged (9ms)
			SetLoadedEditorAssemblies (4ms)
			RefreshPlugins (0ms)
			BeforeProcessingInitializeOnLoad (63ms)
			ProcessInitializeOnLoadAttributes (361ms)
			ProcessInitializeOnLoadMethodAttributes (59ms)
			AfterProcessingInitializeOnLoad (5ms)
			EditorAssembliesLoaded (0ms)
		ExecutionOrderSort2 (0ms)
		AwakeInstancesAfterBackupRestoration (6ms)
Launched and connected shader compiler UnityShaderCompiler after 0.02 seconds
Refreshing native plugins compatible for Editor in 3.12 ms, found 2 plugins.
Preloading 0 native plugins for Editor in 0.00 ms.
Unloading 3405 Unused Serialized files (Serialized files now loaded: 0)
Unloading 39 unused Assets / (51.4 KB). Loaded Objects now: 3861.
Memory consumption went from 118.2 MB to 118.1 MB.
Total: 4.620978 ms (FindLiveObjects: 0.383149 ms CreateObjectMapping: 0.094216 ms MarkObjects: 3.921588 ms  DeleteObjects: 0.214483 ms)

AssetImportParameters requested are different than current active one (requested -> active):
  custom:container-demuxer-ogg: 62fdf1f143b41e24485cea50d1cbac27 -> 
  custom:video-decoder-ogg-theora: a1e56fd34408186e4bbccfd4996cb3dc -> 
  custom:container-demuxer-webm: 4f35f7cbe854078d1ac9338744f61a02 -> 
  custom:container-muxer-webm: aa71ff27fc2769a1b78a27578f13a17b -> 
  custom:video-decoder-webm-vp8: 9c59270c3fd7afecdb556c50c9e8de78 -> 
  custom:AudioImporter_EditorPlatform: 2f0ff77a95e0ac474e3e8eeba4e2f7cb -> 
  custom:video-encoder-webm-vp8: eb34c28f22e8b96e1ab97ce403110664 -> 
  custom:audio-decoder-ogg-vorbis: bf7c407c2cedff20999df2af8eb42d56 -> 
  custom:audio-encoder-webm-vorbis: bf7c407c2cedff20999df2af8eb42d56 -> 
========================================================================
Received Prepare
Refreshing native plugins compatible for Editor in 3.23 ms, found 2 plugins.
Preloading 0 native plugins for Editor in 0.00 ms.
Unloading 1 Unused Serialized files (Serialized files now loaded: 0)
Unloading 1 unused Assets / (3.0 KB). Loaded Objects now: 3861.
Memory consumption went from 64.2 MB to 64.2 MB.
Total: 5.291874 ms (FindLiveObjects: 0.601543 ms CreateObjectMapping: 0.277270 ms MarkObjects: 4.371994 ms  DeleteObjects: 0.033175 ms)

Prepare: number of updated asset objects reloaded= 0
AssetImportParameters requested are different than current active one (requested -> active):
  custom:container-demuxer-ogg: 62fdf1f143b41e24485cea50d1cbac27 -> 
  custom:video-decoder-ogg-theora: a1e56fd34408186e4bbccfd4996cb3dc -> 
  custom:container-demuxer-webm: 4f35f7cbe854078d1ac9338744f61a02 -> 
  custom:container-muxer-webm: aa71ff27fc2769a1b78a27578f13a17b -> 
  custom:video-decoder-webm-vp8: 9c59270c3fd7afecdb556c50c9e8de78 -> 
  custom:SearchIndexIgnoredProperties: e643bd26f0fe6173181afceb89e7c659 -> 
  custom:AudioImporter_EditorPlatform: 2f0ff77a95e0ac474e3e8eeba4e2f7cb -> 
  custom:video-encoder-webm-vp8: eb34c28f22e8b96e1ab97ce403110664 -> 
  custom:audio-decoder-ogg-vorbis: bf7c407c2cedff20999df2af8eb42d56 -> 
  custom:audio-encoder-webm-vorbis: bf7c407c2cedff20999df2af8eb42d56 -> 
========================================================================
Received Import Request.
  Time since last request: 20742.381350 seconds.
  path: Assets/URDF/welding_robot_description/CMakeLists.txt
  artifactKey: Guid(d0b825f12b7888591b80b48ee24bf8ea) Importer(2089858483,0ecaa5967403d082aa24f35e1b516d23)
Start importing Assets/URDF/welding_robot_description/CMakeLists.txt using Guid(d0b825f12b7888591b80b48ee24bf8ea) Importer(2089858483,0ecaa5967403d082aa24f35e1b516d23)  -> (artifact id: '350c75ecd479d71cc69bcc392f569379') in 0.128399 seconds
Number of updated asset objects reloaded before import = 0
Number of asset objects unloaded after import = 1
========================================================================
Received Import Request.
  Time since last request: 0.000018 seconds.
  path: Assets/URDF/welding_robot_description
  artifactKey: Guid(cdfd6d31a0f082ac19ba2e865bb8fdab) Importer(2089858483,0ecaa5967403d082aa24f35e1b516d23)
Start importing Assets/URDF/welding_robot_description using Guid(cdfd6d31a0f082ac19ba2e865bb8fdab) Importer(2089858483,0ecaa5967403d082aa24f35e1b516d23)  -> (artifact id: '742cc80685f1b1994d54515ddeb60d81') in 0.004743 seconds
Number of updated asset objects reloaded before import = 0
Number of asset objects unloaded after import = 1
========================================================================
Received Import Request.
  Time since last request: 5.163726 seconds.
  path: Assets/URDF/welding_robot_description/urdf
  artifactKey: Guid(b5b7ca88155c7e7249335cc78b28aec3) Importer(815301076,1909f56bfc062723c751e8b465ee728b)
Start importing Assets/URDF/welding_robot_description/urdf using Guid(b5b7ca88155c7e7249335cc78b28aec3) Importer(815301076,1909f56bfc062723c751e8b465ee728b)  -> (artifact id: 'e6096d5b7e6f116e4dd66a69f8b9be0b') in 0.000649 seconds
Number of updated asset objects reloaded before import = 0
Number of asset objects unloaded after import = 0
========================================================================
Received Import Request.
  Time since last request: 1.031197 seconds.
  path: Assets/URDF/welding_robot_description/urdf/welding_robot_macro.xacro
  artifactKey: Guid(bda02e2bd4fa35a9096e2dde597908e5) Importer(815301076,1909f56bfc062723c751e8b465ee728b)
Start importing Assets/URDF/welding_robot_description/urdf/welding_robot_macro.xacro using Guid(bda02e2bd4fa35a9096e2dde597908e5) Importer(815301076,1909f56bfc062723c751e8b465ee728b)  -> (artifact id: 'ee48085bfa38364c9e889551ffed69c5') in 0.009573 seconds
Number of updated asset objects reloaded before import = 0
Number of asset objects unloaded after import = 1
========================================================================
Received Import Request.
  Time since last request: 1.603882 seconds.
  path: Assets/URDF/welding_robot_description/urdf/welding_robot_gazebo.xacro
  artifactKey: Guid(a726aa200ea2ec95bb4755cd27d1a03e) Importer(815301076,1909f56bfc062723c751e8b465ee728b)
Start importing Assets/URDF/welding_robot_description/urdf/welding_robot_gazebo.xacro using Guid(a726aa200ea2ec95bb4755cd27d1a03e) Importer(815301076,1909f56bfc062723c751e8b465ee728b)  -> (artifact id: '379422e1eb32501388067cb8c903e06c') in 0.001423 seconds
Number of updated asset objects reloaded before import = 0
Number of asset objects unloaded after import = 1
========================================================================
Received Import Request.
  Time since last request: 0.672777 seconds.
  path: Assets/URDF/welding_robot_description/urdf/welding_robot.urdf.xacro
  artifactKey: Guid(1f4e0ae98b7b28e49a3010d819a94bb9) Importer(815301076,1909f56bfc062723c751e8b465ee728b)
Start importing Assets/URDF/welding_robot_description/urdf/welding_robot.urdf.xacro using Guid(1f4e0ae98b7b28e49a3010d819a94bb9) Importer(815301076,1909f56bfc062723c751e8b465ee728b)  -> (artifact id: 'cc9e79c587d57832061811fd296a4a09') in 0.001551 seconds
Number of updated asset objects reloaded before import = 0
Number of asset objects unloaded after import = 1
========================================================================
Received Import Request.
  Time since last request: 0.443569 seconds.
  path: Assets/URDF/welding_robot_description/urdf/common.xacro
  artifactKey: Guid(dd05777df2ac3aeccbd1bab93f3bc33f) Importer(815301076,1909f56bfc062723c751e8b465ee728b)
Start importing Assets/URDF/welding_robot_description/urdf/common.xacro using Guid(dd05777df2ac3aeccbd1bab93f3bc33f) Importer(815301076,1909f56bfc062723c751e8b465ee728b)  -> (artifact id: 'a50205b876118bf7165cc8268baa82e0') in 0.001520 seconds
Number of updated asset objects reloaded before import = 0
Number of asset objects unloaded after import = 1
========================================================================
Received Import Request.
  Time since last request: 166.876170 seconds.
  path: Assets/URDF/welding_robot.urdf
  artifactKey: Guid(c3877fb877b87c767bc6febf196fbeb3) Importer(2089858483,0ecaa5967403d082aa24f35e1b516d23)
Start importing Assets/URDF/welding_robot.urdf using Guid(c3877fb877b87c767bc6febf196fbeb3) Importer(2089858483,0ecaa5967403d082aa24f35e1b516d23)  -> (artifact id: 'aa3550eca9ef711cc85440f6617efa4f') in 0.003753 seconds
Number of updated asset objects reloaded before import = 0
Number of asset objects unloaded after import = 1
========================================================================
Received Import Request.
  Time since last request: 24.676352 seconds.
  path: Assets/URDF/welding_robot.urdf
  artifactKey: Guid(c3877fb877b87c767bc6febf196fbeb3) Importer(815301076,1909f56bfc062723c751e8b465ee728b)
Start importing Assets/URDF/welding_robot.urdf using Guid(c3877fb877b87c767bc6febf196fbeb3) Importer(815301076,1909f56bfc062723c751e8b465ee728b)  -> (artifact id: 'ef812deac0310f350e9793d20e68dc2d') in 0.000759 seconds
Number of updated asset objects reloaded before import = 0
Number of asset objects unloaded after import = 1
========================================================================
Received Import Request.
  Time since last request: 119.989069 seconds.
  path: Assets/URDF/welding_robot.urdf
  artifactKey: Guid(c3877fb877b87c767bc6febf196fbeb3) Importer(815301076,1909f56bfc062723c751e8b465ee728b)
Start importing Assets/URDF/welding_robot.urdf using Guid(c3877fb877b87c767bc6febf196fbeb3) Importer(815301076,1909f56bfc062723c751e8b465ee728b)  -> (artifact id: '170077310082a4b35a79084476ad267a') in 0.000961 seconds
Number of updated asset objects reloaded before import = 0
Number of asset objects unloaded after import = 1
========================================================================
Received Import Request.
  Time since last request: 0.972184 seconds.
  path: Assets/URDF/welding_robot.urdf
  artifactKey: Guid(c3877fb877b87c767bc6febf196fbeb3) Importer(2089858483,0ecaa5967403d082aa24f35e1b516d23)
Start importing Assets/URDF/welding_robot.urdf using Guid(c3877fb877b87c767bc6febf196fbeb3) Importer(2089858483,0ecaa5967403d082aa24f35e1b516d23)  -> (artifact id: '1149b2818037b82e528a656a661a7630') in 0.006130 seconds
Number of updated asset objects reloaded before import = 0
Number of asset objects unloaded after import = 1
========================================================================
Received Import Request.
  Time since last request: 35.405315 seconds.
  path: Assets/URDF/Materials
  artifactKey: Guid(fa3a549a557cd33e58523a555ab6824f) Importer(2089858483,0ecaa5967403d082aa24f35e1b516d23)
Start importing Assets/URDF/Materials using Guid(fa3a549a557cd33e58523a555ab6824f) Importer(2089858483,0ecaa5967403d082aa24f35e1b516d23)  -> (artifact id: '6222982ae4f6c5668a99ae8a148bd53a') in 0.001924 seconds
Number of updated asset objects reloaded before import = 0
Number of asset objects unloaded after import = 1
========================================================================
Received Import Request.
  Time since last request: 0.027846 seconds.
  path: Assets/URDF/welding_robot_description/meshes/welding_robot/collision/base_link_1.asset
  artifactKey: Guid(c1b31f41c9645fcc6a8ddd2ced76ed53) Importer(2089858483,0ecaa5967403d082aa24f35e1b516d23)
Start importing Assets/URDF/welding_robot_description/meshes/welding_robot/collision/base_link_1.asset using Guid(c1b31f41c9645fcc6a8ddd2ced76ed53) Importer(2089858483,0ecaa5967403d082aa24f35e1b516d23)  -> (artifact id: 'd97a0fdd53d1d5d41f9b924de62d25b3') in 0.035908 seconds
Number of updated asset objects reloaded before import = 0
Number of asset objects unloaded after import = 1
========================================================================
Received Import Request.
  Time since last request: 0.000074 seconds.
  path: Assets/URDF/welding_robot_description/meshes/welding_robot/collision/link1_1.asset
  artifactKey: Guid(9b524b24ebf4fe36b8d9ae1ac3796c16) Importer(2089858483,0ecaa5967403d082aa24f35e1b516d23)
Start importing Assets/URDF/welding_robot_description/meshes/welding_robot/collision/link1_1.asset using Guid(9b524b24ebf4fe36b8d9ae1ac3796c16) Importer(2089858483,0ecaa5967403d082aa24f35e1b516d23)  -> (artifact id: '65447ba44ade023754f035b52dc02a24') in 0.004682 seconds
Number of updated asset objects reloaded before import = 0
Number of asset objects unloaded after import = 1
========================================================================
Received Import Request.
  Time since last request: 0.000045 seconds.
  path: Assets/URDF/welding_robot_description/meshes/welding_robot/collision/link1.prefab
  artifactKey: Guid(087c84d8504447bf19c29d8e1f3bd3d9) Importer(2089858483,0ecaa5967403d082aa24f35e1b516d23)
Start importing Assets/URDF/welding_robot_description/meshes/welding_robot/collision/link1.prefab using Guid(087c84d8504447bf19c29d8e1f3bd3d9) Importer(2089858483,0ecaa5967403d082aa24f35e1b516d23)  -> (artifact id: '725ab4023563b8a9270461c5d2b6a7d2') in 0.021730 seconds
Number of updated asset objects reloaded before import = 0
Number of asset objects unloaded after import = 9
========================================================================
Received Import Request.
  Time since last request: 0.000029 seconds.
  path: Assets/URDF/welding_robot_description/meshes/welding_robot/collision/link1_7.asset
  artifactKey: Guid(daf243d9f47b28e29b057fc074f41f29) Importer(2089858483,0ecaa5967403d082aa24f35e1b516d23)
Start importing Assets/URDF/welding_robot_description/meshes/welding_robot/collision/link1_7.asset using Guid(daf243d9f47b28e29b057fc074f41f29) Importer(2089858483,0ecaa5967403d082aa24f35e1b516d23)  -> (artifact id: '937aef0ad245e7dba092290f8253dc44') in 0.003048 seconds
Number of updated asset objects reloaded before import = 0
Number of asset objects unloaded after import = 1
========================================================================
Received Import Request.
  Time since last request: 0.000040 seconds.
  path: Assets/URDF/Materials/rgba-0.792156862745098-0.819607843137255-0.933333333333333-1.mat
  artifactKey: Guid(95df786f375409ceaa9f4e5fc150346d) Importer(2089858483,0ecaa5967403d082aa24f35e1b516d23)
Start importing Assets/URDF/Materials/rgba-0.792156862745098-0.819607843137255-0.933333333333333-1.mat using Guid(95df786f375409ceaa9f4e5fc150346d) Importer(2089858483,0ecaa5967403d082aa24f35e1b516d23)  -> (artifact id: '0eff91b593073a101a088a151b6c35ae') in 0.069045 seconds
Number of updated asset objects reloaded before import = 0
Number of asset objects unloaded after import = 1
========================================================================
Received Import Request.
  Time since last request: 0.000022 seconds.
  path: Assets/URDF/welding_robot_description/meshes/welding_robot/collision/base_link_3.asset
  artifactKey: Guid(0703132b36e4986b885021381186865e) Importer(2089858483,0ecaa5967403d082aa24f35e1b516d23)
Start importing Assets/URDF/welding_robot_description/meshes/welding_robot/collision/base_link_3.asset using Guid(0703132b36e4986b885021381186865e) Importer(2089858483,0ecaa5967403d082aa24f35e1b516d23)  -> (artifact id: 'c0d7e5d682b40768085c20d65b3ba01f') in 0.002780 seconds
Number of updated asset objects reloaded before import = 0
Number of asset objects unloaded after import = 1
========================================================================
Received Import Request.
  Time since last request: 0.000034 seconds.
  path: Assets/URDF/welding_robot_description/meshes/welding_robot/collision/link1_8.asset
  artifactKey: Guid(20be66917026a4340bbd5acf71fff771) Importer(2089858483,0ecaa5967403d082aa24f35e1b516d23)
Start importing Assets/URDF/welding_robot_description/meshes/welding_robot/collision/link1_8.asset using Guid(20be66917026a4340bbd5acf71fff771) Importer(2089858483,0ecaa5967403d082aa24f35e1b516d23)  -> (artifact id: '854ce45e1475566bedfdd85166917235') in 0.002354 seconds
Number of updated asset objects reloaded before import = 0
Number of asset objects unloaded after import = 1
========================================================================
Received Import Request.
  Time since last request: 0.000032 seconds.
  path: Assets/URDF/welding_robot_description/meshes/welding_robot/collision/link1_3.asset
  artifactKey: Guid(a90dae0c4004947f18efe64cd8216cdf) Importer(2089858483,0ecaa5967403d082aa24f35e1b516d23)
Start importing Assets/URDF/welding_robot_description/meshes/welding_robot/collision/link1_3.asset using Guid(a90dae0c4004947f18efe64cd8216cdf) Importer(2089858483,0ecaa5967403d082aa24f35e1b516d23)  -> (artifact id: '975e33f0a33341f3e569f16b8bad97c6') in 0.003065 seconds
Number of updated asset objects reloaded before import = 0
Number of asset objects unloaded after import = 1
========================================================================
Received Import Request.
  Time since last request: 0.000045 seconds.
  path: Assets/URDF/welding_robot_description/meshes/welding_robot/collision/link1_10.asset
  artifactKey: Guid(9e86161bb3689310884b1277b9429925) Importer(2089858483,0ecaa5967403d082aa24f35e1b516d23)
Start importing Assets/URDF/welding_robot_description/meshes/welding_robot/collision/link1_10.asset using Guid(9e86161bb3689310884b1277b9429925) Importer(2089858483,0ecaa5967403d082aa24f35e1b516d23)  -> (artifact id: 'bb84ceb0e2747879f79f6975292c2bbe') in 0.004811 seconds
Number of updated asset objects reloaded before import = 0
Number of asset objects unloaded after import = 1
========================================================================
Received Import Request.
  Time since last request: 0.000043 seconds.
  path: Assets/URDF/welding_robot_description/meshes/welding_robot/collision/link1_9.asset
  artifactKey: Guid(439d9acae0f12cb84bb530fce361f01e) Importer(2089858483,0ecaa5967403d082aa24f35e1b516d23)
Start importing Assets/URDF/welding_robot_description/meshes/welding_robot/collision/link1_9.asset using Guid(439d9acae0f12cb84bb530fce361f01e) Importer(2089858483,0ecaa5967403d082aa24f35e1b516d23)  -> (artifact id: '9cdf0e954a1223f3db1a57b2c32140e4') in 0.002291 seconds
Number of updated asset objects reloaded before import = 0
Number of asset objects unloaded after import = 1
========================================================================
Received Import Request.
  Time since last request: 0.000050 seconds.
  path: Assets/URDF/welding_robot_description/meshes/welding_robot/collision/link1_0.asset
  artifactKey: Guid(63259670b762de071981da4fb884b7b7) Importer(2089858483,0ecaa5967403d082aa24f35e1b516d23)
Start importing Assets/URDF/welding_robot_description/meshes/welding_robot/collision/link1_0.asset using Guid(63259670b762de071981da4fb884b7b7) Importer(2089858483,0ecaa5967403d082aa24f35e1b516d23)  -> (artifact id: '8ee367ce5400aef76ba4aeda98679ebd') in 0.009437 seconds
Number of updated asset objects reloaded before import = 0
Number of asset objects unloaded after import = 1
========================================================================
Received Import Request.
  Time since last request: 0.000021 seconds.
  path: Assets/URDF/welding_robot_description/meshes/welding_robot/collision/link1_12.asset
  artifactKey: Guid(a02bf69d7566308c3929dc0de9e448ba) Importer(2089858483,0ecaa5967403d082aa24f35e1b516d23)
Start importing Assets/URDF/welding_robot_description/meshes/welding_robot/collision/link1_12.asset using Guid(a02bf69d7566308c3929dc0de9e448ba) Importer(2089858483,0ecaa5967403d082aa24f35e1b516d23)  -> (artifact id: '4aaa55a7442742bfbcb6b2dec7970ab6') in 0.003331 seconds
Number of updated asset objects reloaded before import = 0
Number of asset objects unloaded after import = 1
========================================================================
Received Import Request.
  Time since last request: 0.000029 seconds.
  path: Assets/URDF/welding_robot_description/meshes/welding_robot/collision/link1_13.asset
  artifactKey: Guid(4d962e98909d79b9a9b4c82c9656dc9f) Importer(2089858483,0ecaa5967403d082aa24f35e1b516d23)
Start importing Assets/URDF/welding_robot_description/meshes/welding_robot/collision/link1_13.asset using Guid(4d962e98909d79b9a9b4c82c9656dc9f) Importer(2089858483,0ecaa5967403d082aa24f35e1b516d23)  -> (artifact id: 'a581a0fbf0b9dae1fbc9d3e3bfc66052') in 0.002978 seconds
Number of updated asset objects reloaded before import = 0
Number of asset objects unloaded after import = 1
========================================================================
Received Import Request.
  Time since last request: 0.000020 seconds.
  path: Assets/URDF/welding_robot_description/meshes/welding_robot/collision/base_link.prefab
  artifactKey: Guid(cdae5917ba32446ee8b16b4622a154e9) Importer(2089858483,0ecaa5967403d082aa24f35e1b516d23)
Start importing Assets/URDF/welding_robot_description/meshes/welding_robot/collision/base_link.prefab using Guid(cdae5917ba32446ee8b16b4622a154e9) Importer(2089858483,0ecaa5967403d082aa24f35e1b516d23)  -> (artifact id: 'bc15ab181c83ffd41cd5309a3a54e392') in 0.011642 seconds
Number of updated asset objects reloaded before import = 0
Number of asset objects unloaded after import = 9
========================================================================
Received Import Request.
  Time since last request: 0.000017 seconds.
  path: Assets/URDF/welding_robot_description/meshes/welding_robot/collision/base_link_2.asset
  artifactKey: Guid(6b0fac7555e4e344183789e6e0210aa7) Importer(2089858483,0ecaa5967403d082aa24f35e1b516d23)
Start importing Assets/URDF/welding_robot_description/meshes/welding_robot/collision/base_link_2.asset using Guid(6b0fac7555e4e344183789e6e0210aa7) Importer(2089858483,0ecaa5967403d082aa24f35e1b516d23)  -> (artifact id: '7e19670389531209b4a67577649d8c0c') in 0.003054 seconds
Number of updated asset objects reloaded before import = 0
Number of asset objects unloaded after import = 1
========================================================================
Received Import Request.
  Time since last request: 0.000059 seconds.
  path: Assets/URDF/welding_robot_description/meshes/welding_robot/collision/link1_4.asset
  artifactKey: Guid(f7f605715dd1773f3abcc5d939719f5c) Importer(2089858483,0ecaa5967403d082aa24f35e1b516d23)
Start importing Assets/URDF/welding_robot_description/meshes/welding_robot/collision/link1_4.asset using Guid(f7f605715dd1773f3abcc5d939719f5c) Importer(2089858483,0ecaa5967403d082aa24f35e1b516d23)  -> (artifact id: '516535965572a844056e433d42868d9e') in 0.002631 seconds
Number of updated asset objects reloaded before import = 0
Number of asset objects unloaded after import = 1
========================================================================
Received Import Request.
  Time since last request: 0.000018 seconds.
  path: Assets/URDF/welding_robot_description/meshes/welding_robot/collision/base_link_4.asset
  artifactKey: Guid(8dd6fb358aa72c292afbd8ae7f418618) Importer(2089858483,0ecaa5967403d082aa24f35e1b516d23)
Start importing Assets/URDF/welding_robot_description/meshes/welding_robot/collision/base_link_4.asset using Guid(8dd6fb358aa72c292afbd8ae7f418618) Importer(2089858483,0ecaa5967403d082aa24f35e1b516d23)  -> (artifact id: 'b31f4dc2a83a6ec5f26a3c90cfe33eae') in 0.003613 seconds
Number of updated asset objects reloaded before import = 0
Number of asset objects unloaded after import = 1
========================================================================
Received Import Request.
  Time since last request: 0.000019 seconds.
  path: Assets/URDF/welding_robot_description/meshes/welding_robot/collision/base_link_0.asset
  artifactKey: Guid(7f7c5ce0379231abcb2ee172f222c4c2) Importer(2089858483,0ecaa5967403d082aa24f35e1b516d23)
Start importing Assets/URDF/welding_robot_description/meshes/welding_robot/collision/base_link_0.asset using Guid(7f7c5ce0379231abcb2ee172f222c4c2) Importer(2089858483,0ecaa5967403d082aa24f35e1b516d23)  -> (artifact id: 'a569d34813cb8cd30c78aa8619b57120') in 0.009503 seconds
Number of updated asset objects reloaded before import = 0
Number of asset objects unloaded after import = 1
========================================================================
Received Import Request.
  Time since last request: 312.963006 seconds.
  path: Assets/Materials
  artifactKey: Guid(0781f728798c0ef85813d38eeec26863) Importer(2089858483,0ecaa5967403d082aa24f35e1b516d23)
Start importing Assets/Materials using Guid(0781f728798c0ef85813d38eeec26863) Importer(2089858483,0ecaa5967403d082aa24f35e1b516d23)  -> (artifact id: '7ed23333ffb7c05dab9e4bd3fcb0b63b') in 0.003726 seconds
Number of updated asset objects reloaded before import = 0
Number of asset objects unloaded after import = 1
========================================================================
Received Import Request.
  Time since last request: 0.000028 seconds.
  path: Assets/Materials/rgba-0.792156862745098-0.819607843137255-0.933333333333333-1.mat
  artifactKey: Guid(2b5ed16910f8c4455aad2182a2eddc55) Importer(2089858483,0ecaa5967403d082aa24f35e1b516d23)
Start importing Assets/Materials/rgba-0.792156862745098-0.819607843137255-0.933333333333333-1.mat using Guid(2b5ed16910f8c4455aad2182a2eddc55) Importer(2089858483,0ecaa5967403d082aa24f35e1b516d23)  -> (artifact id: 'a5ecee1faac9b2325462a7164cc5c8b4') in 0.009711 seconds
Number of updated asset objects reloaded before import = 0
Number of asset objects unloaded after import = 1
========================================================================
Received Import Request.
  Time since last request: 148.718663 seconds.
  path: Assets/URDF/welding_robot_description/meshes/welding_robot/collision/link2.prefab
  artifactKey: Guid(c7cb13ebb572af6c09a8fc80ff8b911c) Importer(2089858483,0ecaa5967403d082aa24f35e1b516d23)
Start importing Assets/URDF/welding_robot_description/meshes/welding_robot/collision/link2.prefab using Guid(c7cb13ebb572af6c09a8fc80ff8b911c) Importer(2089858483,0ecaa5967403d082aa24f35e1b516d23)  -> (artifact id: 'de7d2d8ecfa7b36ebe0ff97d6e4cd7b5') in 0.006587 seconds
Number of updated asset objects reloaded before import = 0
Number of asset objects unloaded after import = 9
========================================================================
Received Import Request.
  Time since last request: 0.022621 seconds.
  path: Assets/URDF/welding_robot_description/meshes/welding_robot/collision/link2_3.asset
  artifactKey: Guid(d27aab54923274dcb9acb35139f63efa) Importer(2089858483,0ecaa5967403d082aa24f35e1b516d23)
Start importing Assets/URDF/welding_robot_description/meshes/welding_robot/collision/link2_3.asset using Guid(d27aab54923274dcb9acb35139f63efa) Importer(2089858483,0ecaa5967403d082aa24f35e1b516d23)  -> (artifact id: 'a83301c21187d1854379b0ec0046e032') in 0.002864 seconds
Number of updated asset objects reloaded before import = 0
Number of asset objects unloaded after import = 1
========================================================================
Received Import Request.
  Time since last request: 10.407389 seconds.
  path: Assets/URDF/welding_robot_description/meshes/welding_robot/collision/link4.prefab
  artifactKey: Guid(1ced285151363c6c79deec6f3510f712) Importer(2089858483,0ecaa5967403d082aa24f35e1b516d23)
Start importing Assets/URDF/welding_robot_description/meshes/welding_robot/collision/link4.prefab using Guid(1ced285151363c6c79deec6f3510f712) Importer(2089858483,0ecaa5967403d082aa24f35e1b516d23)  -> (artifact id: '1cd9919ecd6d490c88e1f5613373be5a') in 0.017674 seconds
Number of updated asset objects reloaded before import = 0
Number of asset objects unloaded after import = 9
========================================================================
Received Import Request.
  Time since last request: 0.000022 seconds.
  path: Assets/URDF/welding_robot_description/meshes/welding_robot/collision/link5_15.asset
  artifactKey: Guid(e9525d858fedc226799240607908b1da) Importer(2089858483,0ecaa5967403d082aa24f35e1b516d23)
Start importing Assets/URDF/welding_robot_description/meshes/welding_robot/collision/link5_15.asset using Guid(e9525d858fedc226799240607908b1da) Importer(2089858483,0ecaa5967403d082aa24f35e1b516d23)  -> (artifact id: '6ff4f1ac17be59d3479ba8ab2a4205df') in 0.004878 seconds
Number of updated asset objects reloaded before import = 0
Number of asset objects unloaded after import = 1
========================================================================
Received Import Request.
  Time since last request: 0.000023 seconds.
  path: Assets/URDF/welding_robot_description/meshes/welding_robot/collision/link5_1.asset
  artifactKey: Guid(1c18bb96453f1614e86f98789da0d4c1) Importer(2089858483,0ecaa5967403d082aa24f35e1b516d23)
Start importing Assets/URDF/welding_robot_description/meshes/welding_robot/collision/link5_1.asset using Guid(1c18bb96453f1614e86f98789da0d4c1) Importer(2089858483,0ecaa5967403d082aa24f35e1b516d23)  -> (artifact id: '6ffff252406fbd780856897210467758') in 0.004826 seconds
Number of updated asset objects reloaded before import = 0
Number of asset objects unloaded after import = 1
========================================================================
Received Import Request.
  Time since last request: 0.000056 seconds.
  path: Assets/URDF/welding_robot_description/meshes/welding_robot/collision/link5_7.asset
  artifactKey: Guid(d3f491fc5de08f4fb9005c165c8e0258) Importer(2089858483,0ecaa5967403d082aa24f35e1b516d23)
Start importing Assets/URDF/welding_robot_description/meshes/welding_robot/collision/link5_7.asset using Guid(d3f491fc5de08f4fb9005c165c8e0258) Importer(2089858483,0ecaa5967403d082aa24f35e1b516d23)  -> (artifact id: '2479b409076c558e7e460a6fdb6813b7') in 0.005359 seconds
Number of updated asset objects reloaded before import = 0
Number of asset objects unloaded after import = 1
========================================================================
Received Import Request.
  Time since last request: 0.000024 seconds.
  path: Assets/URDF/welding_robot_description/meshes/welding_robot/collision/link5_3.asset
  artifactKey: Guid(99e7c7ce4fcf91f1a90f599cbb24fef1) Importer(2089858483,0ecaa5967403d082aa24f35e1b516d23)
Start importing Assets/URDF/welding_robot_description/meshes/welding_robot/collision/link5_3.asset using Guid(99e7c7ce4fcf91f1a90f599cbb24fef1) Importer(2089858483,0ecaa5967403d082aa24f35e1b516d23)  -> (artifact id: 'c7361532d1bdd5a14e4694ed489a52e3') in 0.005003 seconds
Number of updated asset objects reloaded before import = 0
Number of asset objects unloaded after import = 1
========================================================================
Received Import Request.
  Time since last request: 0.000139 seconds.
  path: Assets/URDF/welding_robot_description/meshes/welding_robot/collision/link5_12.asset
  artifactKey: Guid(6978b7b2bd6d7c19aacc3623fd8854fa) Importer(2089858483,0ecaa5967403d082aa24f35e1b516d23)
Start importing Assets/URDF/welding_robot_description/meshes/welding_robot/collision/link5_12.asset using Guid(6978b7b2bd6d7c19aacc3623fd8854fa) Importer(2089858483,0ecaa5967403d082aa24f35e1b516d23)  -> (artifact id: '936833b4b00da39784cae8d4c9d07f7c') in 0.005285 seconds
Number of updated asset objects reloaded before import = 0
Number of asset objects unloaded after import = 1
========================================================================
Received Import Request.
  Time since last request: 0.000024 seconds.
  path: Assets/URDF/welding_robot_description/meshes/welding_robot/collision/link5_6.asset
  artifactKey: Guid(0ccc0acada62ad7e9bd9d39be1e30e09) Importer(2089858483,0ecaa5967403d082aa24f35e1b516d23)
Start importing Assets/URDF/welding_robot_description/meshes/welding_robot/collision/link5_6.asset using Guid(0ccc0acada62ad7e9bd9d39be1e30e09) Importer(2089858483,0ecaa5967403d082aa24f35e1b516d23)  -> (artifact id: '1027ee57ba654f5741a54b940bc2582f') in 0.004834 seconds
Number of updated asset objects reloaded before import = 0
Number of asset objects unloaded after import = 1
========================================================================
Received Import Request.
  Time since last request: 0.000038 seconds.
  path: Assets/URDF/welding_robot_description/meshes/welding_robot/collision/link5_18.asset
  artifactKey: Guid(8025066e8d39a22c09d4bd5f42176336) Importer(2089858483,0ecaa5967403d082aa24f35e1b516d23)
Start importing Assets/URDF/welding_robot_description/meshes/welding_robot/collision/link5_18.asset using Guid(8025066e8d39a22c09d4bd5f42176336) Importer(2089858483,0ecaa5967403d082aa24f35e1b516d23)  -> (artifact id: 'bfe9fccf4e6b95f364229d4e21ae4ed3') in 0.005925 seconds
Number of updated asset objects reloaded before import = 0
Number of asset objects unloaded after import = 1
========================================================================
Received Import Request.
  Time since last request: 0.000084 seconds.
  path: Assets/URDF/welding_robot_description/meshes/welding_robot/collision/link5_4.asset
  artifactKey: Guid(7020f6dec3cd2ef59ad863d855c7eb5d) Importer(2089858483,0ecaa5967403d082aa24f35e1b516d23)
Start importing Assets/URDF/welding_robot_description/meshes/welding_robot/collision/link5_4.asset using Guid(7020f6dec3cd2ef59ad863d855c7eb5d) Importer(2089858483,0ecaa5967403d082aa24f35e1b516d23)  -> (artifact id: '597ea115bc41a3128f33fe2acb5af6d4') in 0.002294 seconds
Number of updated asset objects reloaded before import = 0
Number of asset objects unloaded after import = 1
========================================================================
Received Import Request.
  Time since last request: 0.000087 seconds.
  path: Assets/URDF/welding_robot_description/meshes/welding_robot/collision/link5_0.asset
  artifactKey: Guid(e64f9bd73e9c9bfc993c78b5a4173c58) Importer(2089858483,0ecaa5967403d082aa24f35e1b516d23)
Start importing Assets/URDF/welding_robot_description/meshes/welding_robot/collision/link5_0.asset using Guid(e64f9bd73e9c9bfc993c78b5a4173c58) Importer(2089858483,0ecaa5967403d082aa24f35e1b516d23)  -> (artifact id: 'dde8fcf3b6ae58639b4b9e2e9c0bb52b') in 0.005057 seconds
Number of updated asset objects reloaded before import = 0
Number of asset objects unloaded after import = 1
========================================================================
Received Import Request.
  Time since last request: 0.000020 seconds.
  path: Assets/URDF/welding_robot_description/meshes/welding_robot/collision/link4_3.asset
  artifactKey: Guid(490313608d0322c2b8fd7ad146a2188c) Importer(2089858483,0ecaa5967403d082aa24f35e1b516d23)
Start importing Assets/URDF/welding_robot_description/meshes/welding_robot/collision/link4_3.asset using Guid(490313608d0322c2b8fd7ad146a2188c) Importer(2089858483,0ecaa5967403d082aa24f35e1b516d23)  -> (artifact id: 'bcaff5c2318fd7099916b55a23f75f57') in 0.002518 seconds
Number of updated asset objects reloaded before import = 0
Number of asset objects unloaded after import = 1
========================================================================
Received Import Request.
  Time since last request: 0.000069 seconds.
  path: Assets/URDF/welding_robot_description/meshes/welding_robot/collision/link5_10.asset
  artifactKey: Guid(88fa0a863fb437f02a271d3db9d6d501) Importer(2089858483,0ecaa5967403d082aa24f35e1b516d23)
Start importing Assets/URDF/welding_robot_description/meshes/welding_robot/collision/link5_10.asset using Guid(88fa0a863fb437f02a271d3db9d6d501) Importer(2089858483,0ecaa5967403d082aa24f35e1b516d23)  -> (artifact id: '8d30d89f35a19013b2108c459765043a') in 0.002231 seconds
Number of updated asset objects reloaded before import = 0
Number of asset objects unloaded after import = 1
========================================================================
Received Import Request.
  Time since last request: 0.000032 seconds.
  path: Assets/URDF/welding_robot_description/meshes/welding_robot/collision/link5_5.asset
  artifactKey: Guid(ef36f1cb7787e1194a6506a9522d60b3) Importer(2089858483,0ecaa5967403d082aa24f35e1b516d23)
Start importing Assets/URDF/welding_robot_description/meshes/welding_robot/collision/link5_5.asset using Guid(ef36f1cb7787e1194a6506a9522d60b3) Importer(2089858483,0ecaa5967403d082aa24f35e1b516d23)  -> (artifact id: '84257cba6a2b70d1e1e41cccaeed446b') in 0.002265 seconds
Number of updated asset objects reloaded before import = 0
Number of asset objects unloaded after import = 1
========================================================================
Received Import Request.
  Time since last request: 0.000094 seconds.
  path: Assets/URDF/welding_robot_description/meshes/welding_robot/collision/link5_17.asset
  artifactKey: Guid(d40f7e421e1c5543ebab8899afa93974) Importer(2089858483,0ecaa5967403d082aa24f35e1b516d23)
Start importing Assets/URDF/welding_robot_description/meshes/welding_robot/collision/link5_17.asset using Guid(d40f7e421e1c5543ebab8899afa93974) Importer(2089858483,0ecaa5967403d082aa24f35e1b516d23)  -> (artifact id: 'dbb9b39d073f3e6ac4ab645d980751d9') in 0.002153 seconds
Number of updated asset objects reloaded before import = 0
Number of asset objects unloaded after import = 1
========================================================================
Received Import Request.
  Time since last request: 0.497596 seconds.
  path: Assets/URDF/welding_robot_description/meshes/welding_robot/collision/eef.prefab
  artifactKey: Guid(cadd870d7822e4d51a870cbbd6d20400) Importer(2089858483,0ecaa5967403d082aa24f35e1b516d23)
Start importing Assets/URDF/welding_robot_description/meshes/welding_robot/collision/eef.prefab using Guid(cadd870d7822e4d51a870cbbd6d20400) Importer(2089858483,0ecaa5967403d082aa24f35e1b516d23)  -> (artifact id: '65ed6023b2595be7dcd16caf439208f5') in 0.003590 seconds
Number of updated asset objects reloaded before import = 0
Number of asset objects unloaded after import = 9
========================================================================
Received Import Request.
  Time since last request: 0.000015 seconds.
  path: Assets/URDF/welding_robot_description/meshes/welding_robot/collision/eef_6.asset
  artifactKey: Guid(9f49ed767352ffce498fc38bbf33fcfc) Importer(2089858483,0ecaa5967403d082aa24f35e1b516d23)
Start importing Assets/URDF/welding_robot_description/meshes/welding_robot/collision/eef_6.asset using Guid(9f49ed767352ffce498fc38bbf33fcfc) Importer(2089858483,0ecaa5967403d082aa24f35e1b516d23)  -> (artifact id: 'c2b7087d377e26a9426980e7011bb11e') in 0.004035 seconds
Number of updated asset objects reloaded before import = 0
Number of asset objects unloaded after import = 1
========================================================================
Received Import Request.
  Time since last request: 0.000067 seconds.
  path: Assets/URDF/welding_robot_description/meshes/welding_robot/collision/eef_5.asset
  artifactKey: Guid(d9f91b807551c2605a85dddbbfa7e382) Importer(2089858483,0ecaa5967403d082aa24f35e1b516d23)
Start importing Assets/URDF/welding_robot_description/meshes/welding_robot/collision/eef_5.asset using Guid(d9f91b807551c2605a85dddbbfa7e382) Importer(2089858483,0ecaa5967403d082aa24f35e1b516d23)  -> (artifact id: 'afc77bbc993690cbe66bb0c9cd7c87a0') in 0.002483 seconds
Number of updated asset objects reloaded before import = 0
Number of asset objects unloaded after import = 1
========================================================================
Received Import Request.
  Time since last request: 0.000056 seconds.
  path: Assets/URDF/welding_robot_description/meshes/welding_robot/collision/eef_3.asset
  artifactKey: Guid(aac22fe14ecab19119bbb2a34a481071) Importer(2089858483,0ecaa5967403d082aa24f35e1b516d23)
Start importing Assets/URDF/welding_robot_description/meshes/welding_robot/collision/eef_3.asset using Guid(aac22fe14ecab19119bbb2a34a481071) Importer(2089858483,0ecaa5967403d082aa24f35e1b516d23)  -> (artifact id: '2b1624b44627d67132d1ea4f81e114f4') in 0.002343 seconds
Number of updated asset objects reloaded before import = 0
Number of asset objects unloaded after import = 1
========================================================================
Received Import Request.
  Time since last request: 0.566688 seconds.
  path: Assets/URDF/welding_robot_description/meshes/welding_robot/collision/link3.prefab
  artifactKey: Guid(b5af4ab4a8201cfdc9acd62e99723d83) Importer(2089858483,0ecaa5967403d082aa24f35e1b516d23)
Start importing Assets/URDF/welding_robot_description/meshes/welding_robot/collision/link3.prefab using Guid(b5af4ab4a8201cfdc9acd62e99723d83) Importer(2089858483,0ecaa5967403d082aa24f35e1b516d23)  -> (artifact id: '254e28b4a8ded472801a5a649a1a38f8') in 0.013797 seconds
Number of updated asset objects reloaded before import = 0
Number of asset objects unloaded after import = 9
Editor requested this worker to shutdown with reason: Scaling down because of idle timeout
TcpMessagingSession - receive error: operation aborted. errorcode: 125, details: Operation aborted.
AssetImportWorker is now disconnected from the server
Process exiting
Assertion failed on expression: 'm_PodArrays.empty()'
Checking for leaked weakptr:
  Found no leaked weakptrs.
All object instances wasn't destroyed before shutting down
Assertion failed on expression: 'm_MemoryFSRefCount == 0'
Memory Statistics:
[ALLOC_TEMP_TLS] TLS Allocator
  StackAllocators : 
    [ALLOC_TEMP_Loading.PreloadManager]
      Peak usage frame count: [0-1.0 KB]: 2 frames
      Initial Block Size 32.0 MB
      Current Block Size 32.0 MB
      Peak Allocated Bytes 0 B
      Overflow Count 0
    [ALLOC_TEMP_BakingJobs.worker 11]
      Initial Block Size 256.0 KB
      Current Block Size 256.0 KB
      Peak Allocated Bytes 0 B
      Overflow Count 0
    [ALLOC_TEMP_BakingJobs.worker 10]
      Initial Block Size 256.0 KB
      Current Block Size 256.0 KB
      Peak Allocated Bytes 0 B
      Overflow Count 0
    [ALLOC_TEMP_BakingJobs.worker 9]
      Initial Block Size 256.0 KB
      Current Block Size 256.0 KB
      Peak Allocated Bytes 0 B
      Overflow Count 0
    [ALLOC_TEMP_BakingJobs.worker 8]
      Initial Block Size 256.0 KB
      Current Block Size 256.0 KB
      Peak Allocated Bytes 0 B
      Overflow Count 0
    [ALLOC_TEMP_BakingJobs.worker 7]
      Initial Block Size 256.0 KB
      Current Block Size 256.0 KB
      Peak Allocated Bytes 0 B
      Overflow Count 0
    [ALLOC_TEMP_BakingJobs.worker 6]
      Initial Block Size 256.0 KB
      Current Block Size 256.0 KB
      Peak Allocated Bytes 0 B
      Overflow Count 0
    [ALLOC_TEMP_BakingJobs.worker 5]
      Initial Block Size 256.0 KB
      Current Block Size 256.0 KB
      Peak Allocated Bytes 0 B
      Overflow Count 0
    [ALLOC_TEMP_BakingJobs.worker 4]
      Initial Block Size 256.0 KB
      Current Block Size 256.0 KB
      Peak Allocated Bytes 0 B
      Overflow Count 0
    [ALLOC_TEMP_BakingJobs.worker 3]
      Initial Block Size 256.0 KB
      Current Block Size 256.0 KB
      Peak Allocated Bytes 0 B
      Overflow Count 0
    [ALLOC_TEMP_BakingJobs.worker 2]
      Initial Block Size 256.0 KB
      Current Block Size 256.0 KB
      Peak Allocated Bytes 0 B
      Overflow Count 0
    [ALLOC_TEMP_BakingJobs.worker 1]
      Initial Block Size 256.0 KB
      Current Block Size 256.0 KB
      Peak Allocated Bytes 0 B
      Overflow Count 0
    [ALLOC_TEMP_BakingJobs.worker 0]
      Initial Block Size 256.0 KB
      Current Block Size 256.0 KB
      Peak Allocated Bytes 0 B
      Overflow Count 0
    [ALLOC_TEMP_AssetDatabase.FileHasherHasher]
      Initial Block Size 64.0 KB
      Current Block Size 64.0 KB
      Peak Allocated Bytes 31 B
      Overflow Count 0
    [ALLOC_TEMP_AssetDatabase.FileHasherReader]
      Initial Block Size 64.0 KB
      Current Block Size 64.0 KB
      Peak Allocated Bytes 31 B
      Overflow Count 0
    [ALLOC_TEMP_AssetDatabase.FileHasherHasher]
      Initial Block Size 64.0 KB
      Current Block Size 64.0 KB
      Peak Allocated Bytes 31 B
      Overflow Count 0
    [ALLOC_TEMP_AssetDatabase.FileHasherReader]
      Initial Block Size 64.0 KB
      Current Block Size 64.0 KB
      Peak Allocated Bytes 31 B
      Overflow Count 0
    [ALLOC_TEMP_AssetDatabase.FileHasherHasher]
      Initial Block Size 64.0 KB
      Current Block Size 64.0 KB
      Peak Allocated Bytes 31 B
      Overflow Count 0
    [ALLOC_TEMP_AssetDatabase.FileHasherReader]
      Initial Block Size 64.0 KB
      Current Block Size 64.0 KB
      Peak Allocated Bytes 31 B
      Overflow Count 0
    [ALLOC_TEMP_AssetDatabase.FileHasherHasher]
      Initial Block Size 64.0 KB
      Current Block Size 64.0 KB
      Peak Allocated Bytes 31 B
      Overflow Count 0
    [ALLOC_TEMP_AssetDatabase.FileHasherReader]
      Initial Block Size 64.0 KB
      Current Block Size 64.0 KB
      Peak Allocated Bytes 31 B
      Overflow Count 0
    [ALLOC_TEMP_Loading.AsyncRead]
      Initial Block Size 64.0 KB
      Current Block Size 64.0 KB
      Peak Allocated Bytes 0 B
      Overflow Count 0
    [ALLOC_TEMP_BatchDeleteObjects]
      Initial Block Size 64.0 KB
      Current Block Size 64.0 KB
      Peak Allocated Bytes 0 B
      Overflow Count 0
    [ALLOC_TEMP_Background Job.worker 15]
      Initial Block Size 32.0 KB
      Current Block Size 32.0 KB
      Peak Allocated Bytes 0 B
      Overflow Count 0
    [ALLOC_TEMP_Background Job.worker 14]
      Initial Block Size 32.0 KB
      Current Block Size 32.0 KB
      Peak Allocated Bytes 0 B
      Overflow Count 0
    [ALLOC_TEMP_Background Job.worker 13]
      Initial Block Size 32.0 KB
      Current Block Size 32.0 KB
      Peak Allocated Bytes 0 B
      Overflow Count 0
    [ALLOC_TEMP_Background Job.worker 12]
      Initial Block Size 32.0 KB
      Current Block Size 32.0 KB
      Peak Allocated Bytes 0 B
      Overflow Count 0
    [ALLOC_TEMP_Background Job.worker 11]
      Initial Block Size 32.0 KB
      Current Block Size 32.0 KB
      Peak Allocated Bytes 0 B
      Overflow Count 0
    [ALLOC_TEMP_Background Job.worker 10]
      Initial Block Size 32.0 KB
      Current Block Size 32.0 KB
      Peak Allocated Bytes 0 B
      Overflow Count 0
    [ALLOC_TEMP_Background Job.worker 9]
      Initial Block Size 32.0 KB
      Current Block Size 32.0 KB
      Peak Allocated Bytes 0 B
      Overflow Count 0
    [ALLOC_TEMP_Background Job.worker 8]
      Initial Block Size 32.0 KB
      Current Block Size 32.0 KB
      Peak Allocated Bytes 0 B
      Overflow Count 0
    [ALLOC_TEMP_Background Job.worker 7]
      Initial Block Size 32.0 KB
      Current Block Size 32.0 KB
      Peak Allocated Bytes 0 B
      Overflow Count 0
    [ALLOC_TEMP_Background Job.worker 6]
      Initial Block Size 32.0 KB
      Current Block Size 32.0 KB
      Peak Allocated Bytes 0 B
      Overflow Count 0
    [ALLOC_TEMP_Background Job.worker 5]
      Initial Block Size 32.0 KB
      Current Block Size 32.0 KB
      Peak Allocated Bytes 0 B
      Overflow Count 0
    [ALLOC_TEMP_Background Job.worker 4]
      Initial Block Size 32.0 KB
      Current Block Size 32.0 KB
      Peak Allocated Bytes 0 B
      Overflow Count 0
    [ALLOC_TEMP_Background Job.worker 3]
      Initial Block Size 32.0 KB
      Current Block Size 32.0 KB
      Peak Allocated Bytes 0 B
      Overflow Count 0
    [ALLOC_TEMP_Background Job.worker 2]
      Initial Block Size 32.0 KB
      Current Block Size 32.0 KB
      Peak Allocated Bytes 0 B
      Overflow Count 0
    [ALLOC_TEMP_Background Job.worker 1]
      Initial Block Size 32.0 KB
      Current Block Size 32.0 KB
      Peak Allocated Bytes 5.1 KB
      Overflow Count 0
    [ALLOC_TEMP_Background Job.worker 0]
      Initial Block Size 32.0 KB
      Current Block Size 32.0 KB
      Peak Allocated Bytes 0 B
      Overflow Count 0
    [ALLOC_TEMP_Job.worker 10]
      Initial Block Size 256.0 KB
      Current Block Size 256.0 KB
      Peak Allocated Bytes 0 B
      Overflow Count 0
    [ALLOC_TEMP_Job.worker 9]
      Initial Block Size 256.0 KB
      Current Block Size 256.0 KB
      Peak Allocated Bytes 0 B
      Overflow Count 0
    [ALLOC_TEMP_Job.worker 8]
      Initial Block Size 256.0 KB
      Current Block Size 256.0 KB
      Peak Allocated Bytes 0 B
      Overflow Count 0
    [ALLOC_TEMP_Job.worker 7]
      Initial Block Size 256.0 KB
      Current Block Size 256.0 KB
      Peak Allocated Bytes 0 B
      Overflow Count 0
    [ALLOC_TEMP_Job.worker 6]
      Initial Block Size 256.0 KB
      Current Block Size 256.0 KB
      Peak Allocated Bytes 0 B
      Overflow Count 0
    [ALLOC_TEMP_Job.worker 5]
      Initial Block Size 256.0 KB
      Current Block Size 256.0 KB
      Peak Allocated Bytes 0 B
      Overflow Count 0
    [ALLOC_TEMP_Job.worker 4]
      Initial Block Size 256.0 KB
      Current Block Size 256.0 KB
      Peak Allocated Bytes 0 B
      Overflow Count 0
    [ALLOC_TEMP_Job.worker 3]
      Initial Block Size 256.0 KB
      Current Block Size 256.0 KB
      Peak Allocated Bytes 0 B
      Overflow Count 0
    [ALLOC_TEMP_Job.worker 2]
      Initial Block Size 256.0 KB
      Current Block Size 256.0 KB
      Peak Allocated Bytes 0 B
      Overflow Count 0
    [ALLOC_TEMP_Job.worker 1]
      Initial Block Size 256.0 KB
      Current Block Size 256.0 KB
      Peak Allocated Bytes 0.6 KB
      Overflow Count 0
    [ALLOC_TEMP_Job.worker 0]
      Initial Block Size 256.0 KB
      Current Block Size 256.0 KB
      Peak Allocated Bytes 0 B
      Overflow Count 0
    [ALLOC_TEMP_MAIN]
      Peak usage frame count: [32.0 KB-64.0 KB]: 6 frames, [1.0 MB-2.0 MB]: 38 frames, [2.0 MB-4.0 MB]: 4 frames, [4.0 MB-8.0 MB]: 4 frames, [8.0 MB-16.0 MB]: 1 frames
      Initial Block Size 16.0 MB
      Current Block Size 18.7 MB
      Peak Allocated Bytes 15.3 MB
      Overflow Count 0
    [ALLOC_TEMP_CoreBusinessMetricsCache]
      Initial Block Size 64.0 KB
      Current Block Size 64.0 KB
      Peak Allocated Bytes 0 B
      Overflow Count 0
    [ALLOC_TEMP_AssetDatabase.IOService]
      Initial Block Size 64.0 KB
      Current Block Size 64.0 KB
      Peak Allocated Bytes 32.6 KB
      Overflow Count 0
    [ALLOC_TEMP_Profiler.Dispatcher]
      Initial Block Size 64.0 KB
      Current Block Size 64.0 KB
      Peak Allocated Bytes 0 B
      Overflow Count 0
    [ALLOC_TEMP_AssetGarbageCollectorHelper] x 11
      Initial Block Size 64.0 KB
      Current Block Size 64.0 KB
      Peak Allocated Bytes 0 B
      Overflow Count 0
[ALLOC_MEMORYPROFILER]
  Peak usage frame count: [256.0 KB-0.5 MB]: 52 frames, [0.5 MB-1.0 MB]: 1 frames
  Requested Block Size 1.0 MB
  Peak Block count 1
  Peak Allocated memory 0.6 MB
  Peak Large allocation bytes 0 B
[ALLOC_DEFAULT] Dual Thread Allocator
  Peak main deferred allocation count 18
    [ALLOC_BUCKET]
      Large Block size 32.0 MB
      Used Block count 1
      Peak Allocated bytes 7.3 MB
    [ALLOC_DEFAULT_MAIN]
      Peak usage frame count: [32.0 MB-64.0 MB]: 53 frames
      Requested Block Size 16.0 MB
      Peak Block count 4
      Peak Allocated memory 49.5 MB
      Peak Large allocation bytes 0 B
    [ALLOC_DEFAULT_THREAD]
      Peak usage frame count: [0.5 MB-1.0 MB]: 52 frames, [2.0 MB-4.0 MB]: 1 frames
      Requested Block Size 16.0 MB
      Peak Block count 1
      Peak Allocated memory 3.3 MB
      Peak Large allocation bytes 0 B
[ALLOC_TEMP_JOB_1_FRAME]
  Initial Block Size 2.0 MB
  Used Block Count 0
  Overflow Count (too large) 0
  Overflow Count (full) 0
[ALLOC_TEMP_JOB_2_FRAMES]
  Initial Block Size 2.0 MB
  Used Block Count 0
  Overflow Count (too large) 0
  Overflow Count (full) 0
[ALLOC_TEMP_JOB_4_FRAMES (JobTemp)]
  Initial Block Size 2.0 MB
  Used Block Count 1
  Overflow Count (too large) 0
  Overflow Count (full) 0
[ALLOC_TEMP_JOB_ASYNC (Background)]
  Initial Block Size 1.0 MB
  Used Block Count 1
  Overflow Count (too large) 0
  Overflow Count (full) 0
[ALLOC_GFX] Dual Thread Allocator
  Peak main deferred allocation count 0
    [ALLOC_BUCKET]
      Large Block size 32.0 MB
      Used Block count 1
      Peak Allocated bytes 7.3 MB
    [ALLOC_GFX_MAIN]
      Peak usage frame count: [64.0 KB-128.0 KB]: 44 frames, [128.0 KB-256.0 KB]: 1 frames, [256.0 KB-0.5 MB]: 1 frames, [0.5 MB-1.0 MB]: 5 frames, [1.0 MB-2.0 MB]: 2 frames
      Requested Block Size 16.0 MB
      Peak Block count 1
      Peak Allocated memory 1.1 MB
      Peak Large allocation bytes 0 B
    [ALLOC_GFX_THREAD]
      Peak usage frame count: [0-1.0 KB]: 53 frames
      Requested Block Size 16.0 MB
      Peak Block count 0
      Peak Allocated memory 0 B
      Peak Large allocation bytes 0 B
[ALLOC_CACHEOBJECTS] Dual Thread Allocator
  Peak main deferred allocation count 17140
    [ALLOC_BUCKET]
      Large Block size 32.0 MB
      Used Block count 1
      Peak Allocated bytes 7.3 MB
    [ALLOC_CACHEOBJECTS_MAIN]
      Peak usage frame count: [2.0 MB-4.0 MB]: 52 frames, [32.0 MB-64.0 MB]: 1 frames
      Requested Block Size 4.0 MB
      Peak Block count 11
      Peak Allocated memory 40.7 MB
      Peak Large allocation bytes 0 B
    [ALLOC_CACHEOBJECTS_THREAD]
      Peak usage frame count: [0-1.0 KB]: 53 frames
      Requested Block Size 4.0 MB
      Peak Block count 0
      Peak Allocated memory 0 B
      Peak Large allocation bytes 0 B
[ALLOC_TYPETREE] Dual Thread Allocator
  Peak main deferred allocation count 27209
    [ALLOC_BUCKET]
      Large Block size 32.0 MB
      Used Block count 1
      Peak Allocated bytes 7.3 MB
    [ALLOC_TYPETREE_MAIN]
      Peak usage frame count: [128.0 KB-256.0 KB]: 51 frames, [256.0 KB-0.5 MB]: 1 frames, [16.0 MB-32.0 MB]: 1 frames
      Requested Block Size 2.0 MB
      Peak Block count 10
      Peak Allocated memory 16.7 MB
      Peak Large allocation bytes 0 B
    [ALLOC_TYPETREE_THREAD]
      Peak usage frame count: [0-1.0 KB]: 53 frames
      Requested Block Size 2.0 MB
      Peak Block count 0
      Peak Allocated memory 0 B
      Peak Large allocation bytes 0 B
[ALLOC_PROFILER]
  Peak usage frame count: [64.0 KB-128.0 KB]: 53 frames
  Requested Block Size 16.0 MB
  Peak Block count 1
  Peak Allocated memory 117.3 KB
  Peak Large allocation bytes 0 B
    [ALLOC_PROFILER_BUCKET]
      Large Block size 32.0 MB
      Used Block count 1
      Peak Allocated bytes 2.7 KB
[ALLOC_PROFILER_EDITOR]
  Peak usage frame count: [0-1.0 KB]: 53 frames
  Requested Block Size 1.0 MB
  Peak Block count 0
  Peak Allocated memory 0 B
  Peak Large allocation bytes 0 B
    [ALLOC_PROFILER_BUCKET]
      Large Block size 32.0 MB
      Used Block count 1
      Peak Allocated bytes 2.7 KB
##utp:{"type":"MemoryLeaks","version":2,"phase":"Immediate","time":1686209364861,"processId":82071,"allocatedMemory":48038175,"memoryLabels":[{"Default":41369},{"Permanent":18086},{"Thread":1086336},{"Manager":3364209},{"VertexData":12},{"Geometry":408},{"Particles":17856},{"VFX":44},{"Texture":70041},{"Shader":149743},{"Material":3160},{"GfxDevice":225512},{"Animation":15046},{"Audio":4932},{"Font":1792},{"FontEngine":336},{"Physics":272157},{"Physics2D":153264},{"Serialization":3036479},{"Input":59520},{"JobScheduler":12818680},{"GarbageCollector":1049152},{"Mono":92},{"ScriptingNativeRuntime":7924736},{"BaseObject":1820668},{"Resource":1260},{"Renderer":7128},{"Transform":48},{"File":32094},{"Network":3356},{"WebCam":40},{"Culling":48},{"Terrain":1073},{"TerrainPhysics":8},{"Wind":24},{"STL":142848},{"String":441050},{"DynamicArray":997654},{"HashMap":1296467},{"Utility":2917118},{"PoolAlloc":1488},{"AI":59656},{"TypeTree":4533},{"ScriptManager":1518832},{"MonoScriptCache":569712},{"RuntimeInitializeOnLoadManager":72},{"SpriteAtlas":112},{"GI":16312},{"Director":7928},{"WebRequest":720},{"VR":45961},{"SceneManager":640},{"Video":256},{"LazyScriptCache":32},{"ManagedAttributeManager":1},{"TextureStreaming":1416},{"NativeArray":839},{"ScreenCapture":8},{"Camera":25},{"Secure":1},{"CrashReporter":1040},{"SerializationCache":1576},{"APIUpdating":11856},{"Subsystems":384},{"VirtualTexturing":59488},{"StaticSafetyDebugInfo":327680},{"EditorGui":4728292},{"EditorUtility":21303},{"VersionControl":4},{"Undo":736},{"AssetDatabase":2316828},{"AssetImporter":284083},{"RestService":2880},{"EditorGi":24528},{"ProgressiveLightmapper":11144},{"License":3144},{"UnityConnect":25432},{"Collab":25},{"Upm":1232},{"DrivenProperties":80},{"LocalIPC":120},{"ProfilerEditor":10991},{"CoreBusinessMetrics":2875},{"AssetReference":32},{"IPCStream":32}]}
