Unity Editor version:    2022.3.1f1 (f18e0c1b5784)
Branch:                  2022.3/staging
Build type:              Release
Batch mode:              YES
System name:             Linux
Distro version:          #44~22.04.1-Ubuntu SMP PREEMPT_DYNAMIC Mon May 22 13:39:36 UTC 2
Kernel version:          5.19.0-43-generic
Architecture:            x86_64
Available memory:        15413 MB
Using pre-set license
Pro License: YES
Desktop is 1920 x 1080 @ 60 Hz
Initialize udev device monitor.

COMMAND LINE ARGUMENTS:
Unity
-adb2
-batchMode
-noUpm
-name
AssetImportWorker1
-projectPath
/home/lvquang/Desktop/test_unity
-logFile
Logs/AssetImportWorker1.log
-srvPort
37511
Successfully changed project path to: /home/lvquang/Desktop/test_unity
/home/lvquang/Desktop/test_unity
[UnityMemory] Configuration Parameters - Can be set up in boot.config
    "memorysetup-bucket-allocator-granularity=16"
    "memorysetup-bucket-allocator-bucket-count=8"
    "memorysetup-bucket-allocator-block-size=33554432"
    "memorysetup-bucket-allocator-block-count=8"
    "memorysetup-main-allocator-block-size=16777216"
    "memorysetup-thread-allocator-block-size=16777216"
    "memorysetup-gfx-main-allocator-block-size=16777216"
    "memorysetup-gfx-thread-allocator-block-size=16777216"
    "memorysetup-cache-allocator-block-size=4194304"
    "memorysetup-typetree-allocator-block-size=2097152"
    "memorysetup-profiler-bucket-allocator-granularity=16"
    "memorysetup-profiler-bucket-allocator-bucket-count=8"
    "memorysetup-profiler-bucket-allocator-block-size=33554432"
    "memorysetup-profiler-bucket-allocator-block-count=8"
    "memorysetup-profiler-allocator-block-size=16777216"
    "memorysetup-profiler-editor-allocator-block-size=1048576"
    "memorysetup-temp-allocator-size-main=16777216"
    "memorysetup-job-temp-allocator-block-size=2097152"
    "memorysetup-job-temp-allocator-block-size-background=1048576"
    "memorysetup-job-temp-allocator-reduction-small-platforms=262144"
    "memorysetup-allocator-temp-initial-block-size-main=262144"
    "memorysetup-allocator-temp-initial-block-size-worker=262144"
    "memorysetup-temp-allocator-size-background-worker=32768"
    "memorysetup-temp-allocator-size-job-worker=262144"
    "memorysetup-temp-allocator-size-preload-manager=33554432"
    "memorysetup-temp-allocator-size-nav-mesh-worker=65536"
    "memorysetup-temp-allocator-size-audio-worker=65536"
    "memorysetup-temp-allocator-size-cloud-worker=32768"
    "memorysetup-temp-allocator-size-gi-baking-worker=262144"
    "memorysetup-temp-allocator-size-gfx=262144"
Player connection [139676501775296] Host "[IP] 192.168.0.108 [Port] 0 [Flags] 2 [Guid] 2957400855 [EditorId] 2957400855 [Version] 1048832 [Id] LinuxEditor(16,192.168.0.108) [Debug] 1 [PackageName] LinuxEditor [ProjectName] Editor" joined multi-casting on [225.0.0.222:54997]...

Player connection [139676501775296] Host "[IP] 192.168.0.108 [Port] 0 [Flags] 2 [Guid] 2957400855 [EditorId] 2957400855 [Version] 1048832 [Id] LinuxEditor(16,192.168.0.108) [Debug] 1 [PackageName] LinuxEditor [ProjectName] Editor" joined alternative multi-casting on [225.0.0.222:34997]...

Refreshing native plugins compatible for Editor in 5.20 ms, found 2 plugins.
Preloading 0 native plugins for Editor in 0.00 ms.
Initialize engine version: 2022.3.1f1 (f18e0c1b5784)
[Subsystems] Discovering subsystems at path /home/lvquang/Unity/Hub/Editor/2022.3.1f1/Editor/Data/Resources/UnitySubsystems
[Subsystems] Discovering subsystems at path /home/lvquang/Desktop/test_unity/Assets
GLX Extensions: GLX_ARB_context_flush_control GLX_ARB_create_context GLX_ARB_create_context_no_error GLX_ARB_create_context_profile GLX_ARB_create_context_robustness GLX_ARB_fbconfig_float GLX_ARB_framebuffer_sRGB GLX_ARB_get_proc_address GLX_ARB_multisample GLX_EXT_buffer_age GLX_EXT_create_context_es2_profile GLX_EXT_create_context_es_profile GLX_EXT_fbconfig_packed_float GLX_EXT_framebuffer_sRGB GLX_EXT_no_config_context GLX_EXT_swap_control GLX_EXT_swap_control_tear GLX_EXT_texture_from_pixmap GLX_EXT_visual_info GLX_EXT_visual_rating GLX_INTEL_swap_event GLX_MESA_copy_sub_buffer GLX_MESA_query_renderer GLX_MESA_swap_control GLX_OML_swap_method GLX_OML_sync_control GLX_SGIS_multisample GLX_SGIX_fbconfig GLX_SGIX_pbuffer GLX_SGIX_visual_select_group GLX_SGI_make_current_read GLX_SGI_swap_control GLX_SGI_video_sync 
Renderer: RENOIR (renoir, LLVM 15.0.6, DRM 3.47, 5.19.0-43-generic)
Vendor:   AMD
Version:  4.6 (Core Profile) Mesa 22.2.5
GLES:     0
 GL_AMD_conservative_depth GL_AMD_depth_clamp_separate GL_AMD_draw_buffers_blend GL_AMD_framebuffer_multisample_advanced GL_AMD_gpu_shader_int64 GL_AMD_multi_draw_indirect GL_AMD_performance_monitor GL_AMD_pinned_memory GL_AMD_query_buffer_object GL_AMD_seamless_cubemap_per_texture GL_AMD_shader_stencil_export GL_AMD_shader_trinary_minmax GL_AMD_texture_texture4 GL_AMD_vertex_shader_layer GL_AMD_vertex_shader_viewport_index GL_ANGLE_texture_compression_dxt3 GL_ANGLE_texture_compression_dxt5 GL_ARB_ES2_compatibility GL_ARB_ES3_1_compatibility GL_ARB_ES3_2_compatibility GL_ARB_ES3_compatibility GL_ARB_arrays_of_arrays GL_ARB_base_instance GL_ARB_bindless_texture GL_ARB_blend_func_extended GL_ARB_buffer_storage GL_ARB_clear_buffer_object GL_ARB_clear_texture GL_ARB_clip_control GL_ARB_color_buffer_float GL_ARB_compressed_texture_pixel_storage GL_ARB_compute_shader GL_ARB_compute_variable_group_size GL_ARB_conditional_render_inverted GL_ARB_conservative_depth GL_ARB_copy_buffer GL_ARB_copy_image GL_ARB_cull_dist
ance GL_ARB_debug_output GL_ARB_depth_buffer_float GL_ARB_depth_clamp GL_ARB_derivative_control GL_ARB_direct_state_access GL_ARB_draw_buffers GL_ARB_draw_buffers_blend GL_ARB_draw_elements_base_vertex GL_ARB_draw_indirect GL_ARB_draw_instanced GL_ARB_enhanced_layouts GL_ARB_explicit_attrib_location GL_ARB_explicit_uniform_location GL_ARB_fragment_coord_conventions GL_ARB_fragment_layer_viewport GL_ARB_fragment_shader GL_ARB_framebuffer_no_attachments GL_ARB_framebuffer_object GL_ARB_framebuffer_sRGB GL_ARB_get_program_binary GL_ARB_get_texture_sub_image GL_ARB_gl_spirv GL_ARB_gpu_shader5 GL_ARB_gpu_shader_fp64 GL_ARB_gpu_shader_int64 GL_ARB_half_float_pixel GL_ARB_half_float_vertex GL_ARB_indirect_parameters GL_ARB_instanced_arrays GL_ARB_internalformat_query GL_ARB_internalformat_query2 GL_ARB_invalidate_subdata GL_ARB_map_buffer_alignment GL_ARB_map_buffer_range GL_ARB_multi_bind GL_ARB_multi_draw_indirect GL_ARB_occlusion_query2 GL_ARB_parallel_shader_compile GL_ARB_pipeline_statistics_query GL_ARB_pixel
_buffer_object GL_ARB_point_sprite GL_ARB_polygon_offset_clamp GL_ARB_program_interface_query GL_ARB_provoking_vertex GL_ARB_query_buffer_object GL_ARB_robust_buffer_access_behavior GL_ARB_robustness GL_ARB_sample_shading GL_ARB_sampler_objects GL_ARB_seamless_cube_map GL_ARB_seamless_cubemap_per_texture GL_ARB_separate_shader_objects GL_ARB_shader_atomic_counter_ops GL_ARB_shader_atomic_counters GL_ARB_shader_ballot GL_ARB_shader_bit_encoding GL_ARB_shader_clock GL_ARB_shader_draw_parameters GL_ARB_shader_group_vote GL_ARB_shader_image_load_store GL_ARB_shader_image_size GL_ARB_shader_objects GL_ARB_shader_precision GL_ARB_shader_stencil_export GL_ARB_shader_storage_buffer_object GL_ARB_shader_subroutine GL_ARB_shader_texture_image_samples GL_ARB_shader_texture_lod GL_ARB_shader_viewport_layer_array GL_ARB_shading_language_420pack GL_ARB_shading_language_include GL_ARB_shading_language_packing GL_ARB_sparse_buffer GL_ARB_sparse_texture GL_ARB_sparse_texture2 GL_ARB_sparse_texture_clamp GL_ARB_spirv_extensio
ns GL_ARB_stencil_texturing GL_ARB_sync GL_ARB_tessellation_shader GL_ARB_texture_barrier GL_ARB_texture_buffer_object GL_ARB_texture_buffer_object_rgb32 GL_ARB_texture_buffer_range GL_ARB_texture_compression_bptc GL_ARB_texture_compression_rgtc GL_ARB_texture_cube_map_array GL_ARB_texture_filter_anisotropic GL_ARB_texture_float GL_ARB_texture_gather GL_ARB_texture_mirror_clamp_to_edge GL_ARB_texture_multisample GL_ARB_texture_non_power_of_two GL_ARB_texture_query_levels GL_ARB_texture_query_lod GL_ARB_texture_rectangle GL_ARB_texture_rg GL_ARB_texture_rgb10_a2ui GL_ARB_texture_stencil8 GL_ARB_texture_storage GL_ARB_texture_storage_multisample GL_ARB_texture_swizzle GL_ARB_texture_view GL_ARB_timer_query GL_ARB_transform_feedback2 GL_ARB_transform_feedback3 GL_ARB_transform_feedback_instanced GL_ARB_transform_feedback_overflow_query GL_ARB_uniform_buffer_object GL_ARB_vertex_array_bgra GL_ARB_vertex_array_object GL_ARB_vertex_attrib_64bit GL_ARB_vertex_attrib_binding GL_ARB_vertex_buffer_object GL_ARB_vertex
_shader GL_ARB_vertex_type_10f_11f_11f_rev GL_ARB_vertex_type_2_10_10_10_rev GL_ARB_viewport_array GL_ATI_blend_equation_separate GL_ATI_meminfo GL_ATI_texture_float GL_ATI_texture_mirror_once GL_EXT_EGL_image_storage GL_EXT_EGL_sync GL_EXT_abgr GL_EXT_blend_equation_separate GL_EXT_demote_to_helper_invocation GL_EXT_depth_bounds_test GL_EXT_draw_buffers2 GL_EXT_draw_instanced GL_EXT_framebuffer_blit GL_EXT_framebuffer_multisample GL_EXT_framebuffer_multisample_blit_scaled GL_EXT_framebuffer_object GL_EXT_framebuffer_sRGB GL_EXT_memory_object GL_EXT_memory_object_fd GL_EXT_packed_depth_stencil GL_EXT_packed_float GL_EXT_pixel_buffer_object GL_EXT_polygon_offset_clamp GL_EXT_provoking_vertex GL_EXT_semaphore GL_EXT_semaphore_fd GL_EXT_shader_image_load_formatted GL_EXT_shader_image_load_store GL_EXT_shader_integer_mix GL_EXT_shader_samples_identical GL_EXT_texture_array GL_EXT_texture_compression_dxt1 GL_EXT_texture_compression_rgtc GL_EXT_texture_compression_s3tc GL_EXT_texture_filter_anisotropic GL_EXT_text
ure_integer GL_EXT_texture_mirror_clamp GL_EXT_texture_sRGB GL_EXT_texture_sRGB_R8 GL_EXT_texture_sRGB_decode GL_EXT_texture_shadow_lod GL_EXT_texture_shared_exponent GL_EXT_texture_snorm GL_EXT_texture_swizzle GL_EXT_timer_query GL_EXT_transform_feedback GL_EXT_vertex_array_bgra GL_EXT_vertex_attrib_64bit GL_EXT_window_rectangles GL_IBM_multimode_draw_arrays GL_INTEL_blackhole_render GL_KHR_blend_equation_advanced GL_KHR_context_flush_control GL_KHR_debug GL_KHR_no_error GL_KHR_parallel_shader_compile GL_KHR_robust_buffer_access_behavior GL_KHR_robustness GL_KHR_texture_compression_astc_ldr GL_KHR_texture_compression_astc_sliced_3d GL_MESA_framebuffer_flip_y GL_MESA_pack_invert GL_MESA_shader_integer_functions GL_MESA_texture_signed_rgba GL_NVX_gpu_memory_info GL_NV_alpha_to_coverage_dither_control GL_NV_compute_shader_derivatives GL_NV_conditional_render GL_NV_copy_image GL_NV_depth_clamp GL_NV_packed_depth_stencil GL_NV_shader_atomic_int64 GL_NV_texture_barrier GL_NV_vdpau_interop GL_OES_EGL_image GL_S3_s
3tc
OPENGL LOG: Creating OpenGL 4.6 graphics device ; Context level  <OpenGL 4.5> ; Context handle -578890704
Initialize mono
Mono path[0] = '/home/lvquang/Unity/Hub/Editor/2022.3.1f1/Editor/Data/Managed'
Mono path[1] = '/home/lvquang/Unity/Hub/Editor/2022.3.1f1/Editor/Data/MonoBleedingEdge/lib/mono/unityjit-linux'
Mono config path = '/home/lvquang/Unity/Hub/Editor/2022.3.1f1/Editor/Data/MonoBleedingEdge/etc'
Using monoOptions --debugger-agent=transport=dt_socket,embedding=1,server=y,suspend=n,address=127.0.0.1:56385
Begin MonoManager ReloadAssembly
Registering precompiled unity dll's ...
Register platform support module: /home/lvquang/Unity/Hub/Editor/2022.3.1f1/Editor/Data/PlaybackEngines/WebGLSupport/UnityEditor.WebGL.Extensions.dll
Register platform support module: /home/lvquang/Unity/Hub/Editor/2022.3.1f1/Editor/Data/PlaybackEngines/LinuxStandaloneSupport/UnityEditor.LinuxStandalone.Extensions.dll
Registered in 0.005772 seconds.
- Loaded All Assemblies, in  0.347 seconds
Native extension for LinuxStandalone target not found
Native extension for WebGL target not found
Mono: successfully reloaded assembly
- Finished resetting the current domain, in  0.395 seconds
Domain Reload Profiling: 741ms
	BeginReloadAssembly (82ms)
		ExecutionOrderSort (0ms)
		DisableScriptedObjects (0ms)
		BackupInstance (0ms)
		ReleaseScriptingObjects (0ms)
		CreateAndSetChildDomain (1ms)
	RebuildCommonClasses (35ms)
	RebuildNativeTypeToScriptingClass (8ms)
	initialDomainReloadingComplete (79ms)
	LoadAllAssembliesAndSetupDomain (142ms)
		LoadAssemblies (80ms)
		RebuildTransferFunctionScriptingTraits (0ms)
		AnalyzeDomain (137ms)
			TypeCache.Refresh (136ms)
				TypeCache.ScanAssembly (125ms)
			ScanForSourceGeneratedMonoScriptInfo (0ms)
			ResolveRequiredComponents (1ms)
	FinalizeReload (396ms)
		ReleaseScriptCaches (0ms)
		RebuildScriptCaches (0ms)
		SetupLoadedEditorAssemblies (308ms)
			LogAssemblyErrors (0ms)
			InitializePlatformSupportModulesInManaged (14ms)
			SetLoadedEditorAssemblies (8ms)
			RefreshPlugins (0ms)
			BeforeProcessingInitializeOnLoad (4ms)
			ProcessInitializeOnLoadAttributes (203ms)
			ProcessInitializeOnLoadMethodAttributes (80ms)
			AfterProcessingInitializeOnLoad (0ms)
			EditorAssembliesLoaded (0ms)
		ExecutionOrderSort2 (0ms)
		AwakeInstancesAfterBackupRestoration (0ms)
========================================================================
Worker process is ready to serve import requests
Begin MonoManager ReloadAssembly
Symbol file LoadedFromMemory doesn't match image /home/lvquang/Desktop/test_unity/Library/PackageCache/com.unity.visualscripting@1.8.0/Editor/VisualScripting.Core/Dependencies/YamlDotNet/Unity.VisualScripting.YamlDotNet.dll
Symbol file LoadedFromMemory doesn't match image /home/lvquang/Desktop/test_unity/Library/PackageCache/com.unity.visualscripting@1.8.0/Editor/VisualScripting.Core/Dependencies/DotNetZip/Unity.VisualScripting.IonicZip.dll
- Loaded All Assemblies, in  0.724 seconds
Refreshing native plugins compatible for Editor in 3.13 ms, found 2 plugins.
Native extension for LinuxStandalone target not found
Native extension for WebGL target not found
Mono: successfully reloaded assembly
- Finished resetting the current domain, in  0.688 seconds
Domain Reload Profiling: 1410ms
	BeginReloadAssembly (151ms)
		ExecutionOrderSort (0ms)
		DisableScriptedObjects (9ms)
		BackupInstance (0ms)
		ReleaseScriptingObjects (0ms)
		CreateAndSetChildDomain (24ms)
	RebuildCommonClasses (38ms)
	RebuildNativeTypeToScriptingClass (8ms)
	initialDomainReloadingComplete (64ms)
	LoadAllAssembliesAndSetupDomain (461ms)
		LoadAssemblies (241ms)
		RebuildTransferFunctionScriptingTraits (0ms)
		AnalyzeDomain (283ms)
			TypeCache.Refresh (260ms)
				TypeCache.ScanAssembly (251ms)
			ScanForSourceGeneratedMonoScriptInfo (18ms)
			ResolveRequiredComponents (5ms)
	FinalizeReload (689ms)
		ReleaseScriptCaches (0ms)
		RebuildScriptCaches (0ms)
		SetupLoadedEditorAssemblies (501ms)
			LogAssemblyErrors (0ms)
			InitializePlatformSupportModulesInManaged (9ms)
			SetLoadedEditorAssemblies (5ms)
			RefreshPlugins (0ms)
			BeforeProcessingInitializeOnLoad (69ms)
			ProcessInitializeOnLoadAttributes (359ms)
			ProcessInitializeOnLoadMethodAttributes (53ms)
			AfterProcessingInitializeOnLoad (5ms)
			EditorAssembliesLoaded (0ms)
		ExecutionOrderSort2 (0ms)
		AwakeInstancesAfterBackupRestoration (6ms)
Launched and connected shader compiler UnityShaderCompiler after 0.02 seconds
Refreshing native plugins compatible for Editor in 3.17 ms, found 2 plugins.
Preloading 0 native plugins for Editor in 0.00 ms.
Unloading 3405 Unused Serialized files (Serialized files now loaded: 0)
Unloading 39 unused Assets / (51.2 KB). Loaded Objects now: 3861.
Memory consumption went from 118.2 MB to 118.1 MB.
Total: 4.118261 ms (FindLiveObjects: 0.459556 ms CreateObjectMapping: 0.130743 ms MarkObjects: 3.312293 ms  DeleteObjects: 0.207777 ms)

AssetImportParameters requested are different than current active one (requested -> active):
  custom:container-demuxer-ogg: 62fdf1f143b41e24485cea50d1cbac27 -> 
  custom:video-decoder-ogg-theora: a1e56fd34408186e4bbccfd4996cb3dc -> 
  custom:container-demuxer-webm: 4f35f7cbe854078d1ac9338744f61a02 -> 
  custom:container-muxer-webm: aa71ff27fc2769a1b78a27578f13a17b -> 
  custom:video-decoder-webm-vp8: 9c59270c3fd7afecdb556c50c9e8de78 -> 
  custom:AudioImporter_EditorPlatform: 2f0ff77a95e0ac474e3e8eeba4e2f7cb -> 
  custom:video-encoder-webm-vp8: eb34c28f22e8b96e1ab97ce403110664 -> 
  custom:audio-decoder-ogg-vorbis: bf7c407c2cedff20999df2af8eb42d56 -> 
  custom:audio-encoder-webm-vorbis: bf7c407c2cedff20999df2af8eb42d56 -> 
========================================================================
Received Import Request.
  Time since last request: 19922.215598 seconds.
  path: Assets/URDF/welding_robot.urdf
  artifactKey: Guid(c3877fb877b87c767bc6febf196fbeb3) Importer(2089858483,0ecaa5967403d082aa24f35e1b516d23)
Start importing Assets/URDF/welding_robot.urdf using Guid(c3877fb877b87c767bc6febf196fbeb3) Importer(2089858483,0ecaa5967403d082aa24f35e1b516d23)  -> (artifact id: '07301e08db8e755b20e6e5db2b486e62') in 0.093290 seconds
Number of updated asset objects reloaded before import = 0
Number of asset objects unloaded after import = 1
========================================================================
Received Import Request.
  Time since last request: 0.000069 seconds.
  path: Assets/URDF/meshes/welding_robot/collision/link1.STL
  artifactKey: Guid(8c5d2d5933797b99ba5c6b043541e42f) Importer(2089858483,0ecaa5967403d082aa24f35e1b516d23)
Start importing Assets/URDF/meshes/welding_robot/collision/link1.STL using Guid(8c5d2d5933797b99ba5c6b043541e42f) Importer(2089858483,0ecaa5967403d082aa24f35e1b516d23)  -> (artifact id: '8fa5fd60da4103c2aa589e7c831ba178') in 0.002723 seconds
Number of updated asset objects reloaded before import = 0
Number of asset objects unloaded after import = 1
========================================================================
Received Import Request.
  Time since last request: 0.000086 seconds.
  path: Assets/URDF/meshes/welding_robot/visual/link1.STL
  artifactKey: Guid(e40d9800cfcbad965abd31d5211ec077) Importer(2089858483,0ecaa5967403d082aa24f35e1b516d23)
Start importing Assets/URDF/meshes/welding_robot/visual/link1.STL using Guid(e40d9800cfcbad965abd31d5211ec077) Importer(2089858483,0ecaa5967403d082aa24f35e1b516d23)  -> (artifact id: 'b61a7c3d2206c0b0200b918c9378d39d') in 0.002943 seconds
Number of updated asset objects reloaded before import = 0
Number of asset objects unloaded after import = 1
========================================================================
Received Import Request.
  Time since last request: 0.000058 seconds.
  path: Assets/URDF/meshes/welding_robot/visual/link5.STL
  artifactKey: Guid(699cac96b066cef87a76d87fa519e44b) Importer(2089858483,0ecaa5967403d082aa24f35e1b516d23)
Start importing Assets/URDF/meshes/welding_robot/visual/link5.STL using Guid(699cac96b066cef87a76d87fa519e44b) Importer(2089858483,0ecaa5967403d082aa24f35e1b516d23)  -> (artifact id: '04d9604587bec5131786ed0a7f724f6b') in 0.002684 seconds
Number of updated asset objects reloaded before import = 0
Number of asset objects unloaded after import = 1
========================================================================
Received Import Request.
  Time since last request: 0.000119 seconds.
  path: Assets/URDF/meshes/welding_robot/collision/link2.STL
  artifactKey: Guid(743e131fd5cfa14d8a0e77229748910a) Importer(2089858483,0ecaa5967403d082aa24f35e1b516d23)
Start importing Assets/URDF/meshes/welding_robot/collision/link2.STL using Guid(743e131fd5cfa14d8a0e77229748910a) Importer(2089858483,0ecaa5967403d082aa24f35e1b516d23)  -> (artifact id: '5ccc9c7c9e1c5d3e182fb2c3da8f080c') in 0.003851 seconds
Number of updated asset objects reloaded before import = 0
Number of asset objects unloaded after import = 1
========================================================================
Received Import Request.
  Time since last request: 0.000071 seconds.
  path: Assets/URDF/meshes/welding_robot/collision/link5.STL
  artifactKey: Guid(24111bf662d514326885e8c932e37cec) Importer(2089858483,0ecaa5967403d082aa24f35e1b516d23)
Start importing Assets/URDF/meshes/welding_robot/collision/link5.STL using Guid(24111bf662d514326885e8c932e37cec) Importer(2089858483,0ecaa5967403d082aa24f35e1b516d23)  -> (artifact id: '1546d08773e40ff4a4cc79535ebb2ffb') in 0.002546 seconds
Number of updated asset objects reloaded before import = 0
Number of asset objects unloaded after import = 1
========================================================================
Received Import Request.
  Time since last request: 0.000375 seconds.
  path: Assets/URDF/meshes/welding_robot/visual/link3.STL
  artifactKey: Guid(b29bfc52483e7d1e692b70fa046bd925) Importer(2089858483,0ecaa5967403d082aa24f35e1b516d23)
Start importing Assets/URDF/meshes/welding_robot/visual/link3.STL using Guid(b29bfc52483e7d1e692b70fa046bd925) Importer(2089858483,0ecaa5967403d082aa24f35e1b516d23)  -> (artifact id: '4e7adf441f75ef3dd46d895a57d828c7') in 0.002522 seconds
Number of updated asset objects reloaded before import = 0
Number of asset objects unloaded after import = 1
========================================================================
Received Import Request.
  Time since last request: 0.000067 seconds.
  path: Assets/URDF/meshes/welding_robot/collision/eef.STL
  artifactKey: Guid(1ce49966879f2ab17b121d05d7b71993) Importer(2089858483,0ecaa5967403d082aa24f35e1b516d23)
Start importing Assets/URDF/meshes/welding_robot/collision/eef.STL using Guid(1ce49966879f2ab17b121d05d7b71993) Importer(2089858483,0ecaa5967403d082aa24f35e1b516d23)  -> (artifact id: 'afbb2fbf61cbe83fe3f7019d696b2698') in 0.002516 seconds
Number of updated asset objects reloaded before import = 0
Number of asset objects unloaded after import = 1
========================================================================
Received Import Request.
  Time since last request: 0.000058 seconds.
  path: Assets/URDF/meshes/welding_robot/collision/base_link.STL
  artifactKey: Guid(9bd8a5ad7954a6f2893262a792130a86) Importer(2089858483,0ecaa5967403d082aa24f35e1b516d23)
Start importing Assets/URDF/meshes/welding_robot/collision/base_link.STL using Guid(9bd8a5ad7954a6f2893262a792130a86) Importer(2089858483,0ecaa5967403d082aa24f35e1b516d23)  -> (artifact id: '2a9b476c5467005b732b9d37f72cb011') in 0.002321 seconds
Number of updated asset objects reloaded before import = 0
Number of asset objects unloaded after import = 1
========================================================================
Received Import Request.
  Time since last request: 0.000071 seconds.
  path: Assets/URDF/meshes/welding_robot/collision/link3.STL
  artifactKey: Guid(6e06c4ed66797bdd89c5a5046a22c0c2) Importer(2089858483,0ecaa5967403d082aa24f35e1b516d23)
Start importing Assets/URDF/meshes/welding_robot/collision/link3.STL using Guid(6e06c4ed66797bdd89c5a5046a22c0c2) Importer(2089858483,0ecaa5967403d082aa24f35e1b516d23)  -> (artifact id: 'e5caaae7b8204b0236683abaf4db00e3') in 0.002007 seconds
Number of updated asset objects reloaded before import = 0
Number of asset objects unloaded after import = 1
========================================================================
Received Import Request.
  Time since last request: 0.000063 seconds.
  path: Assets/URDF/meshes/welding_robot/visual/link2.STL
  artifactKey: Guid(d144949349228c58bbb01c6404675d65) Importer(2089858483,0ecaa5967403d082aa24f35e1b516d23)
Start importing Assets/URDF/meshes/welding_robot/visual/link2.STL using Guid(d144949349228c58bbb01c6404675d65) Importer(2089858483,0ecaa5967403d082aa24f35e1b516d23)  -> (artifact id: '3930f2bedf9b3198effbe8ed727886ce') in 0.002718 seconds
Number of updated asset objects reloaded before import = 0
Number of asset objects unloaded after import = 1
========================================================================
Received Import Request.
  Time since last request: 0.000070 seconds.
  path: Assets/URDF/meshes/welding_robot/visual/eef.STL
  artifactKey: Guid(32e2f0fd5fefdc605bf3605019c8156a) Importer(2089858483,0ecaa5967403d082aa24f35e1b516d23)
Start importing Assets/URDF/meshes/welding_robot/visual/eef.STL using Guid(32e2f0fd5fefdc605bf3605019c8156a) Importer(2089858483,0ecaa5967403d082aa24f35e1b516d23)  -> (artifact id: 'c910513ca94e2fcb1b45a43a1475908b') in 0.002049 seconds
Number of updated asset objects reloaded before import = 0
Number of asset objects unloaded after import = 1
========================================================================
Received Prepare
Refreshing native plugins compatible for Editor in 3.45 ms, found 2 plugins.
Preloading 0 native plugins for Editor in 0.00 ms.
Unloading 0 Unused Serialized files (Serialized files now loaded: 0)
Unloading 1 unused Assets / (0.8 KB). Loaded Objects now: 3861.
Memory consumption went from 63.6 MB to 63.6 MB.
Total: 3.963283 ms (FindLiveObjects: 0.256666 ms CreateObjectMapping: 0.102527 ms MarkObjects: 3.573499 ms  DeleteObjects: 0.024235 ms)

Prepare: number of updated asset objects reloaded= 0
AssetImportParameters requested are different than current active one (requested -> active):
  custom:container-demuxer-ogg: 62fdf1f143b41e24485cea50d1cbac27 -> 
  custom:video-decoder-ogg-theora: a1e56fd34408186e4bbccfd4996cb3dc -> 
  custom:container-demuxer-webm: 4f35f7cbe854078d1ac9338744f61a02 -> 
  custom:container-muxer-webm: aa71ff27fc2769a1b78a27578f13a17b -> 
  custom:video-decoder-webm-vp8: 9c59270c3fd7afecdb556c50c9e8de78 -> 
  custom:SearchIndexIgnoredProperties: e643bd26f0fe6173181afceb89e7c659 -> 
  custom:AudioImporter_EditorPlatform: 2f0ff77a95e0ac474e3e8eeba4e2f7cb -> 
  custom:video-encoder-webm-vp8: eb34c28f22e8b96e1ab97ce403110664 -> 
  custom:audio-decoder-ogg-vorbis: bf7c407c2cedff20999df2af8eb42d56 -> 
  custom:audio-encoder-webm-vorbis: bf7c407c2cedff20999df2af8eb42d56 -> 
========================================================================
Received Import Request.
  Time since last request: 820.038054 seconds.
  path: Assets/URDF/welding_robot_description/meshes/welding_robot/collision/link5.STL
  artifactKey: Guid(190440fcbf84831d397516d0039d4b99) Importer(2089858483,0ecaa5967403d082aa24f35e1b516d23)
Start importing Assets/URDF/welding_robot_description/meshes/welding_robot/collision/link5.STL using Guid(190440fcbf84831d397516d0039d4b99) Importer(2089858483,0ecaa5967403d082aa24f35e1b516d23)  -> (artifact id: '24f50de8a6734bed90f26b922b016ca8') in 0.002256 seconds
Number of updated asset objects reloaded before import = 0
Number of asset objects unloaded after import = 1
========================================================================
Received Import Request.
  Time since last request: 0.025911 seconds.
  path: Assets/URDF/welding_robot_description/meshes/welding_robot/visual/link5.STL
  artifactKey: Guid(af4ce1c3fe8be0c7aa55c61b041090e4) Importer(2089858483,0ecaa5967403d082aa24f35e1b516d23)
Start importing Assets/URDF/welding_robot_description/meshes/welding_robot/visual/link5.STL using Guid(af4ce1c3fe8be0c7aa55c61b041090e4) Importer(2089858483,0ecaa5967403d082aa24f35e1b516d23)  -> (artifact id: '91241510a3192fcd70ffbd5daa78ba92') in 0.002506 seconds
Number of updated asset objects reloaded before import = 0
Number of asset objects unloaded after import = 1
========================================================================
Received Import Request.
  Time since last request: 0.000052 seconds.
  path: Assets/URDF/welding_robot_description/meshes/welding_robot/collision/link1.STL
  artifactKey: Guid(1cd2bf23db15b926d841509e32f1adfd) Importer(2089858483,0ecaa5967403d082aa24f35e1b516d23)
Start importing Assets/URDF/welding_robot_description/meshes/welding_robot/collision/link1.STL using Guid(1cd2bf23db15b926d841509e32f1adfd) Importer(2089858483,0ecaa5967403d082aa24f35e1b516d23)  -> (artifact id: 'dd44f82ceb0caeaa3f487e7466e7525b') in 0.002438 seconds
Number of updated asset objects reloaded before import = 0
Number of asset objects unloaded after import = 1
========================================================================
Received Import Request.
  Time since last request: 0.000083 seconds.
  path: Assets/URDF/welding_robot_description/urdf/common.xacro
  artifactKey: Guid(dd05777df2ac3aeccbd1bab93f3bc33f) Importer(2089858483,0ecaa5967403d082aa24f35e1b516d23)
Start importing Assets/URDF/welding_robot_description/urdf/common.xacro using Guid(dd05777df2ac3aeccbd1bab93f3bc33f) Importer(2089858483,0ecaa5967403d082aa24f35e1b516d23)  -> (artifact id: '8c406c811002e56a5d964fc7b27871b4') in 0.002475 seconds
Number of updated asset objects reloaded before import = 0
Number of asset objects unloaded after import = 1
========================================================================
Received Import Request.
  Time since last request: 0.000031 seconds.
  path: Assets/URDF/welding_robot_description/include
  artifactKey: Guid(c308c2f15eba9a63987f2e8c3835a994) Importer(2089858483,0ecaa5967403d082aa24f35e1b516d23)
Start importing Assets/URDF/welding_robot_description/include using Guid(c308c2f15eba9a63987f2e8c3835a994) Importer(2089858483,0ecaa5967403d082aa24f35e1b516d23)  -> (artifact id: 'd2c9db58f997e21c1bac0cbe1e98abf4') in 0.002315 seconds
Number of updated asset objects reloaded before import = 0
Number of asset objects unloaded after import = 1
========================================================================
Received Import Request.
  Time since last request: 0.000039 seconds.
  path: Assets/URDF/welding_robot_description/meshes/welding_robot/visual/link3.STL
  artifactKey: Guid(54e281b04b14b7cafaaa44efff12de29) Importer(2089858483,0ecaa5967403d082aa24f35e1b516d23)
Start importing Assets/URDF/welding_robot_description/meshes/welding_robot/visual/link3.STL using Guid(54e281b04b14b7cafaaa44efff12de29) Importer(2089858483,0ecaa5967403d082aa24f35e1b516d23)  -> (artifact id: '8ed52ac1d60c25e9223c4cbb173ab80a') in 0.003653 seconds
Number of updated asset objects reloaded before import = 0
Number of asset objects unloaded after import = 1
========================================================================
Received Import Request.
  Time since last request: 0.000037 seconds.
  path: Assets/URDF/welding_robot_description/urdf/welding_robot.urdf.xacro
  artifactKey: Guid(1f4e0ae98b7b28e49a3010d819a94bb9) Importer(2089858483,0ecaa5967403d082aa24f35e1b516d23)
Start importing Assets/URDF/welding_robot_description/urdf/welding_robot.urdf.xacro using Guid(1f4e0ae98b7b28e49a3010d819a94bb9) Importer(2089858483,0ecaa5967403d082aa24f35e1b516d23)  -> (artifact id: 'e541a7a4096039aa8f5c537fb4e5cac1') in 0.002818 seconds
Number of updated asset objects reloaded before import = 0
Number of asset objects unloaded after import = 1
========================================================================
Received Import Request.
  Time since last request: 0.000040 seconds.
  path: Assets/URDF/welding_robot_description/meshes
  artifactKey: Guid(f49f9afca7c2b7bcabd1c319470cac71) Importer(2089858483,0ecaa5967403d082aa24f35e1b516d23)
Start importing Assets/URDF/welding_robot_description/meshes using Guid(f49f9afca7c2b7bcabd1c319470cac71) Importer(2089858483,0ecaa5967403d082aa24f35e1b516d23)  -> (artifact id: 'b3967c52e8c114c760aae15de9227e81') in 0.002470 seconds
Number of updated asset objects reloaded before import = 0
Number of asset objects unloaded after import = 1
========================================================================
Received Import Request.
  Time since last request: 0.000041 seconds.
  path: Assets/URDF/welding_robot_description/meshes/welding_robot/visual/link2.STL
  artifactKey: Guid(01d94cb183a659c078ba53ff9c91b043) Importer(2089858483,0ecaa5967403d082aa24f35e1b516d23)
Start importing Assets/URDF/welding_robot_description/meshes/welding_robot/visual/link2.STL using Guid(01d94cb183a659c078ba53ff9c91b043) Importer(2089858483,0ecaa5967403d082aa24f35e1b516d23)  -> (artifact id: 'a0613ab6b1846ca40b84a3799a7b24d5') in 0.002671 seconds
Number of updated asset objects reloaded before import = 0
Number of asset objects unloaded after import = 1
========================================================================
Received Import Request.
  Time since last request: 0.000046 seconds.
  path: Assets/URDF/welding_robot_description/meshes/welding_robot/visual/link1.STL
  artifactKey: Guid(81e146642e2a15a9eb36a40a078d63d7) Importer(2089858483,0ecaa5967403d082aa24f35e1b516d23)
Start importing Assets/URDF/welding_robot_description/meshes/welding_robot/visual/link1.STL using Guid(81e146642e2a15a9eb36a40a078d63d7) Importer(2089858483,0ecaa5967403d082aa24f35e1b516d23)  -> (artifact id: 'a35712d72ced980b21e4026e5578e5ee') in 0.002835 seconds
Number of updated asset objects reloaded before import = 0
Number of asset objects unloaded after import = 1
========================================================================
Received Import Request.
  Time since last request: 0.000061 seconds.
  path: Assets/URDF/welding_robot_description/config
  artifactKey: Guid(1184e05251eea64f9ae74d449dc99279) Importer(2089858483,0ecaa5967403d082aa24f35e1b516d23)
Start importing Assets/URDF/welding_robot_description/config using Guid(1184e05251eea64f9ae74d449dc99279) Importer(2089858483,0ecaa5967403d082aa24f35e1b516d23)  -> (artifact id: 'b58c34f893091d7441b2e69043d28533') in 0.002300 seconds
Number of updated asset objects reloaded before import = 0
Number of asset objects unloaded after import = 1
========================================================================
Received Import Request.
  Time since last request: 0.000072 seconds.
  path: Assets/URDF/welding_robot_description/meshes/welding_robot/visual/eef.STL
  artifactKey: Guid(50e86853b6502ccc5abdafce94643974) Importer(2089858483,0ecaa5967403d082aa24f35e1b516d23)
Start importing Assets/URDF/welding_robot_description/meshes/welding_robot/visual/eef.STL using Guid(50e86853b6502ccc5abdafce94643974) Importer(2089858483,0ecaa5967403d082aa24f35e1b516d23)  -> (artifact id: 'a5eb45189f8086a3f0841f244b99822c') in 0.002739 seconds
Number of updated asset objects reloaded before import = 0
Number of asset objects unloaded after import = 1
========================================================================
Received Import Request.
  Time since last request: 0.000083 seconds.
  path: Assets/URDF/welding_robot_description/meshes/welding_robot
  artifactKey: Guid(34029279026d32583bcd584f7bb6d05b) Importer(2089858483,0ecaa5967403d082aa24f35e1b516d23)
Start importing Assets/URDF/welding_robot_description/meshes/welding_robot using Guid(34029279026d32583bcd584f7bb6d05b) Importer(2089858483,0ecaa5967403d082aa24f35e1b516d23)  -> (artifact id: 'ad7d42a3afa16f31bfd0fb18ac383a7c') in 0.003378 seconds
Number of updated asset objects reloaded before import = 0
Number of asset objects unloaded after import = 1
========================================================================
Received Import Request.
  Time since last request: 0.000056 seconds.
  path: Assets/URDF/welding_robot_description/urdf/welding_robot_macro.xacro
  artifactKey: Guid(bda02e2bd4fa35a9096e2dde597908e5) Importer(2089858483,0ecaa5967403d082aa24f35e1b516d23)
Start importing Assets/URDF/welding_robot_description/urdf/welding_robot_macro.xacro using Guid(bda02e2bd4fa35a9096e2dde597908e5) Importer(2089858483,0ecaa5967403d082aa24f35e1b516d23)  -> (artifact id: '237a2464a71e96b4a12bbd75a01d458c') in 0.002937 seconds
Number of updated asset objects reloaded before import = 0
Number of asset objects unloaded after import = 1
========================================================================
Received Import Request.
  Time since last request: 0.000049 seconds.
  path: Assets/URDF/welding_robot_description/package.xml
  artifactKey: Guid(f652af48fdc3a3d879dec2e53d4e9285) Importer(2089858483,0ecaa5967403d082aa24f35e1b516d23)
Start importing Assets/URDF/welding_robot_description/package.xml using Guid(f652af48fdc3a3d879dec2e53d4e9285) Importer(2089858483,0ecaa5967403d082aa24f35e1b516d23)  -> (artifact id: '907fba794d6e20346fbf6c77de7d4670') in 0.002537 seconds
Number of updated asset objects reloaded before import = 0
Number of asset objects unloaded after import = 1
========================================================================
Received Import Request.
  Time since last request: 0.000067 seconds.
  path: Assets/URDF/welding_robot_description/src
  artifactKey: Guid(3015b45945beeb852bb10ab55e9f0a74) Importer(2089858483,0ecaa5967403d082aa24f35e1b516d23)
Start importing Assets/URDF/welding_robot_description/src using Guid(3015b45945beeb852bb10ab55e9f0a74) Importer(2089858483,0ecaa5967403d082aa24f35e1b516d23)  -> (artifact id: '63622d0c51d13948a59306be1efb4154') in 0.002458 seconds
Number of updated asset objects reloaded before import = 0
Number of asset objects unloaded after import = 1
========================================================================
Received Import Request.
  Time since last request: 0.000052 seconds.
  path: Assets/URDF/welding_robot_description/launch
  artifactKey: Guid(de6dc7f5d26495d1fa70d6f84aeed4c6) Importer(2089858483,0ecaa5967403d082aa24f35e1b516d23)
Start importing Assets/URDF/welding_robot_description/launch using Guid(de6dc7f5d26495d1fa70d6f84aeed4c6) Importer(2089858483,0ecaa5967403d082aa24f35e1b516d23)  -> (artifact id: '7de22e38c92fadba6bce5a6fd9b4b9ab') in 0.002358 seconds
Number of updated asset objects reloaded before import = 0
Number of asset objects unloaded after import = 1
========================================================================
Received Import Request.
  Time since last request: 0.000055 seconds.
  path: Assets/URDF/welding_robot_description/include/welding_robot_description
  artifactKey: Guid(ce71cc233d461494d8c80c69dd3dd5d0) Importer(2089858483,0ecaa5967403d082aa24f35e1b516d23)
Start importing Assets/URDF/welding_robot_description/include/welding_robot_description using Guid(ce71cc233d461494d8c80c69dd3dd5d0) Importer(2089858483,0ecaa5967403d082aa24f35e1b516d23)  -> (artifact id: '020067be86a39771609927b2d5fec678') in 0.002435 seconds
Number of updated asset objects reloaded before import = 0
Number of asset objects unloaded after import = 1
========================================================================
Received Import Request.
  Time since last request: 0.000054 seconds.
  path: Assets/URDF/welding_robot_description/meshes/welding_robot/collision/link3.STL
  artifactKey: Guid(5b3a4535e033f6f8881c094ad931141e) Importer(2089858483,0ecaa5967403d082aa24f35e1b516d23)
Start importing Assets/URDF/welding_robot_description/meshes/welding_robot/collision/link3.STL using Guid(5b3a4535e033f6f8881c094ad931141e) Importer(2089858483,0ecaa5967403d082aa24f35e1b516d23)  -> (artifact id: '90ba1033b0d22d448a68755208a04aa8') in 0.002809 seconds
Number of updated asset objects reloaded before import = 0
Number of asset objects unloaded after import = 1
========================================================================
Received Import Request.
  Time since last request: 0.000072 seconds.
  path: Assets/URDF/welding_robot_description/meshes/welding_robot/visual/base_link.STL
  artifactKey: Guid(12f6a53eee04abb298792a431fac5950) Importer(2089858483,0ecaa5967403d082aa24f35e1b516d23)
Start importing Assets/URDF/welding_robot_description/meshes/welding_robot/visual/base_link.STL using Guid(12f6a53eee04abb298792a431fac5950) Importer(2089858483,0ecaa5967403d082aa24f35e1b516d23)  -> (artifact id: 'e1412a335bb3090958613b8f7daf0363') in 0.003764 seconds
Number of updated asset objects reloaded before import = 0
Number of asset objects unloaded after import = 1
========================================================================
Received Import Request.
  Time since last request: 0.000063 seconds.
  path: Assets/URDF/welding_robot_description/meshes/welding_robot/collision/base_link.STL
  artifactKey: Guid(35c02ec5c2ec5552ab8348775b5904f8) Importer(2089858483,0ecaa5967403d082aa24f35e1b516d23)
Start importing Assets/URDF/welding_robot_description/meshes/welding_robot/collision/base_link.STL using Guid(35c02ec5c2ec5552ab8348775b5904f8) Importer(2089858483,0ecaa5967403d082aa24f35e1b516d23)  -> (artifact id: '73d41565ca77c0f86b2505005c8275cd') in 0.002685 seconds
Number of updated asset objects reloaded before import = 0
Number of asset objects unloaded after import = 1
========================================================================
Received Import Request.
  Time since last request: 0.000053 seconds.
  path: Assets/URDF/welding_robot_description/rviz/welding_robot.rviz
  artifactKey: Guid(4d7e87cfe60eb32179e59e94655463ea) Importer(2089858483,0ecaa5967403d082aa24f35e1b516d23)
Start importing Assets/URDF/welding_robot_description/rviz/welding_robot.rviz using Guid(4d7e87cfe60eb32179e59e94655463ea) Importer(2089858483,0ecaa5967403d082aa24f35e1b516d23)  -> (artifact id: '6cb2a4e2f7761a5fb41772f9ae69e5a4') in 0.002724 seconds
Number of updated asset objects reloaded before import = 0
Number of asset objects unloaded after import = 1
========================================================================
Received Import Request.
  Time since last request: 0.000062 seconds.
  path: Assets/URDF/welding_robot_description/config/welding_robot_controller.yaml
  artifactKey: Guid(de00030c8b44983669f5f448254db5f5) Importer(2089858483,0ecaa5967403d082aa24f35e1b516d23)
Start importing Assets/URDF/welding_robot_description/config/welding_robot_controller.yaml using Guid(de00030c8b44983669f5f448254db5f5) Importer(2089858483,0ecaa5967403d082aa24f35e1b516d23)  -> (artifact id: '8bbf7d682ac90a020c272e98db383017') in 0.002774 seconds
Number of updated asset objects reloaded before import = 0
Number of asset objects unloaded after import = 1
========================================================================
Received Import Request.
  Time since last request: 0.000057 seconds.
  path: Assets/URDF/welding_robot_description/meshes/welding_robot/collision/link2.STL
  artifactKey: Guid(c34b4a43cad1a0c8c97dc6d459af0424) Importer(2089858483,0ecaa5967403d082aa24f35e1b516d23)
Start importing Assets/URDF/welding_robot_description/meshes/welding_robot/collision/link2.STL using Guid(c34b4a43cad1a0c8c97dc6d459af0424) Importer(2089858483,0ecaa5967403d082aa24f35e1b516d23)  -> (artifact id: 'ed76537d2a72d94fbbf64e429521432c') in 0.002769 seconds
Number of updated asset objects reloaded before import = 0
Number of asset objects unloaded after import = 1
========================================================================
Received Import Request.
  Time since last request: 0.000053 seconds.
  path: Assets/URDF/welding_robot_description/launch/view_robot.launch.py
  artifactKey: Guid(e769f35dadac0820a95e735e69f0c06e) Importer(2089858483,0ecaa5967403d082aa24f35e1b516d23)
Start importing Assets/URDF/welding_robot_description/launch/view_robot.launch.py using Guid(e769f35dadac0820a95e735e69f0c06e) Importer(2089858483,0ecaa5967403d082aa24f35e1b516d23)  -> (artifact id: '27f33c601602c26f24c115745e8b67ca') in 0.003544 seconds
Number of updated asset objects reloaded before import = 0
Number of asset objects unloaded after import = 1
========================================================================
Received Import Request.
  Time since last request: 0.000068 seconds.
  path: Assets/URDF/welding_robot_description/meshes/welding_robot/visual
  artifactKey: Guid(f5209547fb3e537658dffe06175ddaf5) Importer(2089858483,0ecaa5967403d082aa24f35e1b516d23)
Start importing Assets/URDF/welding_robot_description/meshes/welding_robot/visual using Guid(f5209547fb3e537658dffe06175ddaf5) Importer(2089858483,0ecaa5967403d082aa24f35e1b516d23)  -> (artifact id: '688f538851374876eb37da8fee0254a6') in 0.002518 seconds
Number of updated asset objects reloaded before import = 0
Number of asset objects unloaded after import = 1
========================================================================
Received Import Request.
  Time since last request: 0.000061 seconds.
  path: Assets/URDF/welding_robot_description/urdf
  artifactKey: Guid(b5b7ca88155c7e7249335cc78b28aec3) Importer(2089858483,0ecaa5967403d082aa24f35e1b516d23)
Start importing Assets/URDF/welding_robot_description/urdf using Guid(b5b7ca88155c7e7249335cc78b28aec3) Importer(2089858483,0ecaa5967403d082aa24f35e1b516d23)  -> (artifact id: '24332face227ef9834d8d35e7559e2db') in 0.002561 seconds
Number of updated asset objects reloaded before import = 0
Number of asset objects unloaded after import = 1
========================================================================
Received Import Request.
  Time since last request: 0.000042 seconds.
  path: Assets/URDF/welding_robot_description/meshes/welding_robot/collision
  artifactKey: Guid(d6e68fb64e721f0fd891f4a20af91c4f) Importer(2089858483,0ecaa5967403d082aa24f35e1b516d23)
Start importing Assets/URDF/welding_robot_description/meshes/welding_robot/collision using Guid(d6e68fb64e721f0fd891f4a20af91c4f) Importer(2089858483,0ecaa5967403d082aa24f35e1b516d23)  -> (artifact id: '0c2af868d457fc808403a3640217349f') in 0.002328 seconds
Number of updated asset objects reloaded before import = 0
Number of asset objects unloaded after import = 1
========================================================================
Received Import Request.
  Time since last request: 0.000059 seconds.
  path: Assets/URDF/welding_robot_description/ros2_control
  artifactKey: Guid(4e36dad0a4a7d215da3625868cd1a4f7) Importer(2089858483,0ecaa5967403d082aa24f35e1b516d23)
Start importing Assets/URDF/welding_robot_description/ros2_control using Guid(4e36dad0a4a7d215da3625868cd1a4f7) Importer(2089858483,0ecaa5967403d082aa24f35e1b516d23)  -> (artifact id: 'f3c5128954046671bed5368e82b7791e') in 0.002566 seconds
Number of updated asset objects reloaded before import = 0
Number of asset objects unloaded after import = 1
========================================================================
Received Import Request.
  Time since last request: 0.000054 seconds.
  path: Assets/URDF/welding_robot_description/meshes/welding_robot/collision/link4.STL
  artifactKey: Guid(b0d4ef719bbfff1ef88f343c1c6c77a2) Importer(2089858483,0ecaa5967403d082aa24f35e1b516d23)
Start importing Assets/URDF/welding_robot_description/meshes/welding_robot/collision/link4.STL using Guid(b0d4ef719bbfff1ef88f343c1c6c77a2) Importer(2089858483,0ecaa5967403d082aa24f35e1b516d23)  -> (artifact id: '05bdc8b8b183a87ed4bac98d150b795a') in 0.002794 seconds
Number of updated asset objects reloaded before import = 0
Number of asset objects unloaded after import = 1
========================================================================
Received Import Request.
  Time since last request: 0.000048 seconds.
  path: Assets/URDF/welding_robot_description/ros2_control/welding_robot.ros2_control.xacro
  artifactKey: Guid(683ee9915d53b53289379e8d0519267f) Importer(2089858483,0ecaa5967403d082aa24f35e1b516d23)
Start importing Assets/URDF/welding_robot_description/ros2_control/welding_robot.ros2_control.xacro using Guid(683ee9915d53b53289379e8d0519267f) Importer(2089858483,0ecaa5967403d082aa24f35e1b516d23)  -> (artifact id: 'b76740843187ea1f31f2e4d5d5dc54d1') in 0.003054 seconds
Number of updated asset objects reloaded before import = 0
Number of asset objects unloaded after import = 1
========================================================================
Received Import Request.
  Time since last request: 0.000385 seconds.
  path: Assets/URDF/welding_robot_description/meshes/welding_robot/collision/eef.STL
  artifactKey: Guid(a909c83c96203284fb4a23e11b774559) Importer(2089858483,0ecaa5967403d082aa24f35e1b516d23)
Start importing Assets/URDF/welding_robot_description/meshes/welding_robot/collision/eef.STL using Guid(a909c83c96203284fb4a23e11b774559) Importer(2089858483,0ecaa5967403d082aa24f35e1b516d23)  -> (artifact id: '4ded642a681fb698bf69274d13748ea3') in 0.003043 seconds
Number of updated asset objects reloaded before import = 0
Number of asset objects unloaded after import = 1
========================================================================
Received Import Request.
  Time since last request: 0.000032 seconds.
  path: Assets/URDF/welding_robot_description/rviz
  artifactKey: Guid(9eede091085b103eb8d65e076da9ee39) Importer(2089858483,0ecaa5967403d082aa24f35e1b516d23)
Start importing Assets/URDF/welding_robot_description/rviz using Guid(9eede091085b103eb8d65e076da9ee39) Importer(2089858483,0ecaa5967403d082aa24f35e1b516d23)  -> (artifact id: '759bbbb92d3cc16cb12ff8e93e4c7ee3') in 0.003236 seconds
Number of updated asset objects reloaded before import = 0
Number of asset objects unloaded after import = 1
========================================================================
Received Import Request.
  Time since last request: 0.000187 seconds.
  path: Assets/URDF/welding_robot_description/meshes/welding_robot/visual/link4.STL
  artifactKey: Guid(1ef5d485db3cd4e29850785ff902e9e0) Importer(2089858483,0ecaa5967403d082aa24f35e1b516d23)
Start importing Assets/URDF/welding_robot_description/meshes/welding_robot/visual/link4.STL using Guid(1ef5d485db3cd4e29850785ff902e9e0) Importer(2089858483,0ecaa5967403d082aa24f35e1b516d23)  -> (artifact id: 'd8be82f9adaa99d9658cc2362e5272a5') in 0.002696 seconds
Number of updated asset objects reloaded before import = 0
Number of asset objects unloaded after import = 1
========================================================================
Received Import Request.
  Time since last request: 0.000077 seconds.
  path: Assets/URDF/welding_robot_description/urdf/welding_robot_gazebo.xacro
  artifactKey: Guid(a726aa200ea2ec95bb4755cd27d1a03e) Importer(2089858483,0ecaa5967403d082aa24f35e1b516d23)
Start importing Assets/URDF/welding_robot_description/urdf/welding_robot_gazebo.xacro using Guid(a726aa200ea2ec95bb4755cd27d1a03e) Importer(2089858483,0ecaa5967403d082aa24f35e1b516d23)  -> (artifact id: 'b57dc4abeed5012756cf40b9e7d6cf2e') in 0.002395 seconds
Number of updated asset objects reloaded before import = 0
Number of asset objects unloaded after import = 1
Editor requested this worker to shutdown with reason: Scaling down because of idle timeout
TcpMessagingSession - receive error: operation aborted. errorcode: 125, details: Operation aborted.
AssetImportWorker is now disconnected from the server
Process exiting
Assertion failed on expression: 'm_PodArrays.empty()'
Checking for leaked weakptr:
  Found no leaked weakptrs.
All object instances wasn't destroyed before shutting down
Assertion failed on expression: 'm_MemoryFSRefCount == 0'
Memory Statistics:
[ALLOC_TEMP_TLS] TLS Allocator
  StackAllocators : 
    [ALLOC_TEMP_Loading.PreloadManager]
      Peak usage frame count: [0-1.0 KB]: 2 frames
      Initial Block Size 32.0 MB
      Current Block Size 32.0 MB
      Peak Allocated Bytes 0 B
      Overflow Count 0
    [ALLOC_TEMP_BakingJobs.worker 11]
      Initial Block Size 256.0 KB
      Current Block Size 256.0 KB
      Peak Allocated Bytes 0 B
      Overflow Count 0
    [ALLOC_TEMP_BakingJobs.worker 10]
      Initial Block Size 256.0 KB
      Current Block Size 256.0 KB
      Peak Allocated Bytes 0 B
      Overflow Count 0
    [ALLOC_TEMP_BakingJobs.worker 9]
      Initial Block Size 256.0 KB
      Current Block Size 256.0 KB
      Peak Allocated Bytes 0 B
      Overflow Count 0
    [ALLOC_TEMP_BakingJobs.worker 8]
      Initial Block Size 256.0 KB
      Current Block Size 256.0 KB
      Peak Allocated Bytes 0 B
      Overflow Count 0
    [ALLOC_TEMP_BakingJobs.worker 7]
      Initial Block Size 256.0 KB
      Current Block Size 256.0 KB
      Peak Allocated Bytes 0 B
      Overflow Count 0
    [ALLOC_TEMP_BakingJobs.worker 6]
      Initial Block Size 256.0 KB
      Current Block Size 256.0 KB
      Peak Allocated Bytes 0 B
      Overflow Count 0
    [ALLOC_TEMP_BakingJobs.worker 5]
      Initial Block Size 256.0 KB
      Current Block Size 256.0 KB
      Peak Allocated Bytes 0 B
      Overflow Count 0
    [ALLOC_TEMP_BakingJobs.worker 4]
      Initial Block Size 256.0 KB
      Current Block Size 256.0 KB
      Peak Allocated Bytes 0 B
      Overflow Count 0
    [ALLOC_TEMP_BakingJobs.worker 3]
      Initial Block Size 256.0 KB
      Current Block Size 256.0 KB
      Peak Allocated Bytes 0 B
      Overflow Count 0
    [ALLOC_TEMP_BakingJobs.worker 2]
      Initial Block Size 256.0 KB
      Current Block Size 256.0 KB
      Peak Allocated Bytes 0 B
      Overflow Count 0
    [ALLOC_TEMP_BakingJobs.worker 1]
      Initial Block Size 256.0 KB
      Current Block Size 256.0 KB
      Peak Allocated Bytes 0 B
      Overflow Count 0
    [ALLOC_TEMP_BakingJobs.worker 0]
      Initial Block Size 256.0 KB
      Current Block Size 256.0 KB
      Peak Allocated Bytes 0 B
      Overflow Count 0
    [ALLOC_TEMP_AssetDatabase.FileHasherHasher]
      Initial Block Size 64.0 KB
      Current Block Size 64.0 KB
      Peak Allocated Bytes 31 B
      Overflow Count 0
    [ALLOC_TEMP_AssetDatabase.FileHasherReader]
      Initial Block Size 64.0 KB
      Current Block Size 64.0 KB
      Peak Allocated Bytes 31 B
      Overflow Count 0
    [ALLOC_TEMP_AssetDatabase.FileHasherHasher]
      Initial Block Size 64.0 KB
      Current Block Size 64.0 KB
      Peak Allocated Bytes 31 B
      Overflow Count 0
    [ALLOC_TEMP_AssetDatabase.FileHasherReader]
      Initial Block Size 64.0 KB
      Current Block Size 64.0 KB
      Peak Allocated Bytes 31 B
      Overflow Count 0
    [ALLOC_TEMP_AssetDatabase.FileHasherHasher]
      Initial Block Size 64.0 KB
      Current Block Size 64.0 KB
      Peak Allocated Bytes 31 B
      Overflow Count 0
    [ALLOC_TEMP_AssetDatabase.FileHasherReader]
      Initial Block Size 64.0 KB
      Current Block Size 64.0 KB
      Peak Allocated Bytes 31 B
      Overflow Count 0
    [ALLOC_TEMP_AssetDatabase.FileHasherHasher]
      Initial Block Size 64.0 KB
      Current Block Size 64.0 KB
      Peak Allocated Bytes 31 B
      Overflow Count 0
    [ALLOC_TEMP_AssetDatabase.FileHasherReader]
      Initial Block Size 64.0 KB
      Current Block Size 64.0 KB
      Peak Allocated Bytes 31 B
      Overflow Count 0
    [ALLOC_TEMP_Loading.AsyncRead]
      Initial Block Size 64.0 KB
      Current Block Size 64.0 KB
      Peak Allocated Bytes 0 B
      Overflow Count 0
    [ALLOC_TEMP_BatchDeleteObjects]
      Initial Block Size 64.0 KB
      Current Block Size 64.0 KB
      Peak Allocated Bytes 0 B
      Overflow Count 0
    [ALLOC_TEMP_Background Job.worker 15]
      Initial Block Size 32.0 KB
      Current Block Size 32.0 KB
      Peak Allocated Bytes 0 B
      Overflow Count 0
    [ALLOC_TEMP_Background Job.worker 14]
      Initial Block Size 32.0 KB
      Current Block Size 32.0 KB
      Peak Allocated Bytes 0 B
      Overflow Count 0
    [ALLOC_TEMP_Background Job.worker 13]
      Initial Block Size 32.0 KB
      Current Block Size 32.0 KB
      Peak Allocated Bytes 0 B
      Overflow Count 0
    [ALLOC_TEMP_Background Job.worker 12]
      Initial Block Size 32.0 KB
      Current Block Size 32.0 KB
      Peak Allocated Bytes 0 B
      Overflow Count 0
    [ALLOC_TEMP_Background Job.worker 11]
      Initial Block Size 32.0 KB
      Current Block Size 32.0 KB
      Peak Allocated Bytes 0 B
      Overflow Count 0
    [ALLOC_TEMP_Background Job.worker 10]
      Initial Block Size 32.0 KB
      Current Block Size 32.0 KB
      Peak Allocated Bytes 0 B
      Overflow Count 0
    [ALLOC_TEMP_Background Job.worker 9]
      Initial Block Size 32.0 KB
      Current Block Size 32.0 KB
      Peak Allocated Bytes 0 B
      Overflow Count 0
    [ALLOC_TEMP_Background Job.worker 8]
      Initial Block Size 32.0 KB
      Current Block Size 32.0 KB
      Peak Allocated Bytes 0 B
      Overflow Count 0
    [ALLOC_TEMP_Background Job.worker 7]
      Initial Block Size 32.0 KB
      Current Block Size 32.0 KB
      Peak Allocated Bytes 0 B
      Overflow Count 0
    [ALLOC_TEMP_Background Job.worker 6]
      Initial Block Size 32.0 KB
      Current Block Size 32.0 KB
      Peak Allocated Bytes 0 B
      Overflow Count 0
    [ALLOC_TEMP_Background Job.worker 5]
      Initial Block Size 32.0 KB
      Current Block Size 32.0 KB
      Peak Allocated Bytes 0 B
      Overflow Count 0
    [ALLOC_TEMP_Background Job.worker 4]
      Initial Block Size 32.0 KB
      Current Block Size 32.0 KB
      Peak Allocated Bytes 0 B
      Overflow Count 0
    [ALLOC_TEMP_Background Job.worker 3]
      Initial Block Size 32.0 KB
      Current Block Size 32.0 KB
      Peak Allocated Bytes 0 B
      Overflow Count 0
    [ALLOC_TEMP_Background Job.worker 2]
      Initial Block Size 32.0 KB
      Current Block Size 32.0 KB
      Peak Allocated Bytes 0 B
      Overflow Count 0
    [ALLOC_TEMP_Background Job.worker 1]
      Initial Block Size 32.0 KB
      Current Block Size 32.0 KB
      Peak Allocated Bytes 5.1 KB
      Overflow Count 0
    [ALLOC_TEMP_Background Job.worker 0]
      Initial Block Size 32.0 KB
      Current Block Size 32.0 KB
      Peak Allocated Bytes 0 B
      Overflow Count 0
    [ALLOC_TEMP_Job.worker 10]
      Initial Block Size 256.0 KB
      Current Block Size 256.0 KB
      Peak Allocated Bytes 0 B
      Overflow Count 0
    [ALLOC_TEMP_Job.worker 9]
      Initial Block Size 256.0 KB
      Current Block Size 256.0 KB
      Peak Allocated Bytes 0 B
      Overflow Count 0
    [ALLOC_TEMP_Job.worker 8]
      Initial Block Size 256.0 KB
      Current Block Size 256.0 KB
      Peak Allocated Bytes 0 B
      Overflow Count 0
    [ALLOC_TEMP_Job.worker 7]
      Initial Block Size 256.0 KB
      Current Block Size 256.0 KB
      Peak Allocated Bytes 0 B
      Overflow Count 0
    [ALLOC_TEMP_Job.worker 6]
      Initial Block Size 256.0 KB
      Current Block Size 256.0 KB
      Peak Allocated Bytes 0 B
      Overflow Count 0
    [ALLOC_TEMP_Job.worker 5]
      Initial Block Size 256.0 KB
      Current Block Size 256.0 KB
      Peak Allocated Bytes 0 B
      Overflow Count 0
    [ALLOC_TEMP_Job.worker 4]
      Initial Block Size 256.0 KB
      Current Block Size 256.0 KB
      Peak Allocated Bytes 0 B
      Overflow Count 0
    [ALLOC_TEMP_Job.worker 3]
      Initial Block Size 256.0 KB
      Current Block Size 256.0 KB
      Peak Allocated Bytes 0 B
      Overflow Count 0
    [ALLOC_TEMP_Job.worker 2]
      Initial Block Size 256.0 KB
      Current Block Size 256.0 KB
      Peak Allocated Bytes 0 B
      Overflow Count 0
    [ALLOC_TEMP_Job.worker 1]
      Initial Block Size 256.0 KB
      Current Block Size 256.0 KB
      Peak Allocated Bytes 0.6 KB
      Overflow Count 0
    [ALLOC_TEMP_Job.worker 0]
      Initial Block Size 256.0 KB
      Current Block Size 256.0 KB
      Peak Allocated Bytes 0 B
      Overflow Count 0
    [ALLOC_TEMP_MAIN]
      Peak usage frame count: [1.0 MB-2.0 MB]: 46 frames, [8.0 MB-16.0 MB]: 1 frames
      Initial Block Size 16.0 MB
      Current Block Size 18.7 MB
      Peak Allocated Bytes 15.3 MB
      Overflow Count 0
    [ALLOC_TEMP_CoreBusinessMetricsCache]
      Initial Block Size 64.0 KB
      Current Block Size 64.0 KB
      Peak Allocated Bytes 0 B
      Overflow Count 0
    [ALLOC_TEMP_AssetDatabase.IOService]
      Initial Block Size 64.0 KB
      Current Block Size 64.0 KB
      Peak Allocated Bytes 32.6 KB
      Overflow Count 0
    [ALLOC_TEMP_Profiler.Dispatcher]
      Initial Block Size 64.0 KB
      Current Block Size 64.0 KB
      Peak Allocated Bytes 0 B
      Overflow Count 0
    [ALLOC_TEMP_AssetGarbageCollectorHelper] x 11
      Initial Block Size 64.0 KB
      Current Block Size 64.0 KB
      Peak Allocated Bytes 0 B
      Overflow Count 0
[ALLOC_MEMORYPROFILER]
  Peak usage frame count: [256.0 KB-0.5 MB]: 46 frames, [0.5 MB-1.0 MB]: 1 frames
  Requested Block Size 1.0 MB
  Peak Block count 1
  Peak Allocated memory 0.6 MB
  Peak Large allocation bytes 0 B
[ALLOC_DEFAULT] Dual Thread Allocator
  Peak main deferred allocation count 18
    [ALLOC_BUCKET]
      Large Block size 32.0 MB
      Used Block count 1
      Peak Allocated bytes 7.3 MB
    [ALLOC_DEFAULT_MAIN]
      Peak usage frame count: [32.0 MB-64.0 MB]: 47 frames
      Requested Block Size 16.0 MB
      Peak Block count 4
      Peak Allocated memory 49.8 MB
      Peak Large allocation bytes 0 B
    [ALLOC_DEFAULT_THREAD]
      Peak usage frame count: [0.5 MB-1.0 MB]: 45 frames, [2.0 MB-4.0 MB]: 2 frames
      Requested Block Size 16.0 MB
      Peak Block count 1
      Peak Allocated memory 3.3 MB
      Peak Large allocation bytes 0 B
[ALLOC_TEMP_JOB_1_FRAME]
  Initial Block Size 2.0 MB
  Used Block Count 0
  Overflow Count (too large) 0
  Overflow Count (full) 0
[ALLOC_TEMP_JOB_2_FRAMES]
  Initial Block Size 2.0 MB
  Used Block Count 0
  Overflow Count (too large) 0
  Overflow Count (full) 0
[ALLOC_TEMP_JOB_4_FRAMES (JobTemp)]
  Initial Block Size 2.0 MB
  Used Block Count 1
  Overflow Count (too large) 0
  Overflow Count (full) 0
[ALLOC_TEMP_JOB_ASYNC (Background)]
  Initial Block Size 1.0 MB
  Used Block Count 1
  Overflow Count (too large) 0
  Overflow Count (full) 0
[ALLOC_GFX] Dual Thread Allocator
  Peak main deferred allocation count 0
    [ALLOC_BUCKET]
      Large Block size 32.0 MB
      Used Block count 1
      Peak Allocated bytes 7.3 MB
    [ALLOC_GFX_MAIN]
      Peak usage frame count: [64.0 KB-128.0 KB]: 47 frames
      Requested Block Size 16.0 MB
      Peak Block count 1
      Peak Allocated memory 70.0 KB
      Peak Large allocation bytes 0 B
    [ALLOC_GFX_THREAD]
      Peak usage frame count: [0-1.0 KB]: 47 frames
      Requested Block Size 16.0 MB
      Peak Block count 0
      Peak Allocated memory 0 B
      Peak Large allocation bytes 0 B
[ALLOC_CACHEOBJECTS] Dual Thread Allocator
  Peak main deferred allocation count 17140
    [ALLOC_BUCKET]
      Large Block size 32.0 MB
      Used Block count 1
      Peak Allocated bytes 7.3 MB
    [ALLOC_CACHEOBJECTS_MAIN]
      Peak usage frame count: [2.0 MB-4.0 MB]: 46 frames, [32.0 MB-64.0 MB]: 1 frames
      Requested Block Size 4.0 MB
      Peak Block count 11
      Peak Allocated memory 40.7 MB
      Peak Large allocation bytes 0 B
    [ALLOC_CACHEOBJECTS_THREAD]
      Peak usage frame count: [0-1.0 KB]: 47 frames
      Requested Block Size 4.0 MB
      Peak Block count 0
      Peak Allocated memory 0 B
      Peak Large allocation bytes 0 B
[ALLOC_TYPETREE] Dual Thread Allocator
  Peak main deferred allocation count 27209
    [ALLOC_BUCKET]
      Large Block size 32.0 MB
      Used Block count 1
      Peak Allocated bytes 7.3 MB
    [ALLOC_TYPETREE_MAIN]
      Peak usage frame count: [128.0 KB-256.0 KB]: 43 frames, [256.0 KB-0.5 MB]: 3 frames, [16.0 MB-32.0 MB]: 1 frames
      Requested Block Size 2.0 MB
      Peak Block count 10
      Peak Allocated memory 16.7 MB
      Peak Large allocation bytes 0 B
    [ALLOC_TYPETREE_THREAD]
      Peak usage frame count: [0-1.0 KB]: 47 frames
      Requested Block Size 2.0 MB
      Peak Block count 0
      Peak Allocated memory 0 B
      Peak Large allocation bytes 0 B
[ALLOC_PROFILER]
  Peak usage frame count: [32.0 KB-64.0 KB]: 46 frames, [64.0 KB-128.0 KB]: 1 frames
  Requested Block Size 16.0 MB
  Peak Block count 1
  Peak Allocated memory 84.5 KB
  Peak Large allocation bytes 0 B
    [ALLOC_PROFILER_BUCKET]
      Large Block size 32.0 MB
      Used Block count 1
      Peak Allocated bytes 2.6 KB
[ALLOC_PROFILER_EDITOR]
  Peak usage frame count: [0-1.0 KB]: 47 frames
  Requested Block Size 1.0 MB
  Peak Block count 0
  Peak Allocated memory 0 B
  Peak Large allocation bytes 0 B
    [ALLOC_PROFILER_BUCKET]
      Large Block size 32.0 MB
      Used Block count 1
      Peak Allocated bytes 2.6 KB
##utp:{"type":"MemoryLeaks","version":2,"phase":"Immediate","time":1686208534353,"processId":72385,"allocatedMemory":48066424,"memoryLabels":[{"Default":41129},{"Permanent":18086},{"Thread":1086336},{"Manager":3356529},{"VertexData":12},{"Geometry":408},{"Particles":17856},{"VFX":44},{"Texture":69593},{"Shader":148215},{"Material":3160},{"GfxDevice":223912},{"Animation":15046},{"Audio":4932},{"Font":1792},{"FontEngine":336},{"Physics":271133},{"Physics2D":153264},{"Serialization":3035063},{"Input":59520},{"JobScheduler":12818680},{"GarbageCollector":1049152},{"Mono":92},{"ScriptingNativeRuntime":7924736},{"BaseObject":1820175},{"Resource":1260},{"Renderer":7128},{"Transform":48},{"File":84516},{"Network":3356},{"WebCam":40},{"Culling":48},{"Terrain":1073},{"TerrainPhysics":8},{"Wind":24},{"STL":142848},{"String":441050},{"DynamicArray":997654},{"HashMap":1294931},{"Utility":2917118},{"PoolAlloc":1488},{"AI":59656},{"TypeTree":4533},{"ScriptManager":1518832},{"MonoScriptCache":569712},{"RuntimeInitializeOnLoadManager":72},{"SpriteAtlas":112},{"GI":16312},{"Director":7928},{"WebRequest":720},{"VR":45961},{"SceneManager":640},{"Video":256},{"LazyScriptCache":32},{"ManagedAttributeManager":1},{"TextureStreaming":1416},{"NativeArray":839},{"ScreenCapture":8},{"Camera":25},{"Secure":1},{"CrashReporter":1040},{"SerializationCache":1576},{"APIUpdating":11856},{"Subsystems":384},{"VirtualTexturing":59488},{"StaticSafetyDebugInfo":327680},{"EditorGui":4728292},{"EditorUtility":13111},{"VersionControl":4},{"Undo":736},{"AssetDatabase":2316812},{"AssetImporter":284083},{"RestService":2880},{"EditorGi":24528},{"ProgressiveLightmapper":11144},{"License":3144},{"UnityConnect":25432},{"Collab":25},{"Upm":1232},{"DrivenProperties":80},{"LocalIPC":120},{"ProfilerEditor":10991},{"CoreBusinessMetrics":2875},{"AssetReference":32},{"IPCStream":32}]}
