Unity Editor version:    2022.3.1f1 (f18e0c1b5784)
Branch:                  2022.3/staging
Build type:              Release
Batch mode:              YES
System name:             Linux
Distro version:          #44~22.04.1-Ubuntu SMP PREEMPT_DYNAMIC Mon May 22 13:39:36 UTC 2
Kernel version:          5.19.0-43-generic
Architecture:            x86_64
Available memory:        15413 MB
Using pre-set license
Pro License: YES
Desktop is 1920 x 1080 @ 60 Hz
Initialize udev device monitor.

COMMAND LINE ARGUMENTS:
Unity
-adb2
-batchMode
-noUpm
-name
AssetImportWorker4
-projectPath
/home/lvquang/Desktop/test_unity
-logFile
Logs/AssetImportWorker4.log
-srvPort
37511
Successfully changed project path to: /home/lvquang/Desktop/test_unity
/home/lvquang/Desktop/test_unity
[UnityMemory] Configuration Parameters - Can be set up in boot.config
    "memorysetup-bucket-allocator-granularity=16"
    "memorysetup-bucket-allocator-bucket-count=8"
    "memorysetup-bucket-allocator-block-size=33554432"
    "memorysetup-bucket-allocator-block-count=8"
    "memorysetup-main-allocator-block-size=16777216"
    "memorysetup-thread-allocator-block-size=16777216"
    "memorysetup-gfx-main-allocator-block-size=16777216"
    "memorysetup-gfx-thread-allocator-block-size=16777216"
    "memorysetup-cache-allocator-block-size=4194304"
    "memorysetup-typetree-allocator-block-size=2097152"
    "memorysetup-profiler-bucket-allocator-granularity=16"
    "memorysetup-profiler-bucket-allocator-bucket-count=8"
    "memorysetup-profiler-bucket-allocator-block-size=33554432"
    "memorysetup-profiler-bucket-allocator-block-count=8"
    "memorysetup-profiler-allocator-block-size=16777216"
    "memorysetup-profiler-editor-allocator-block-size=1048576"
    "memorysetup-temp-allocator-size-main=16777216"
    "memorysetup-job-temp-allocator-block-size=2097152"
    "memorysetup-job-temp-allocator-block-size-background=1048576"
    "memorysetup-job-temp-allocator-reduction-small-platforms=262144"
    "memorysetup-allocator-temp-initial-block-size-main=262144"
    "memorysetup-allocator-temp-initial-block-size-worker=262144"
    "memorysetup-temp-allocator-size-background-worker=32768"
    "memorysetup-temp-allocator-size-job-worker=262144"
    "memorysetup-temp-allocator-size-preload-manager=33554432"
    "memorysetup-temp-allocator-size-nav-mesh-worker=65536"
    "memorysetup-temp-allocator-size-audio-worker=65536"
    "memorysetup-temp-allocator-size-cloud-worker=32768"
    "memorysetup-temp-allocator-size-gi-baking-worker=262144"
    "memorysetup-temp-allocator-size-gfx=262144"
Player connection [140428710441920] Host "[IP] 192.168.0.108 [Port] 0 [Flags] 2 [Guid] 3308773137 [EditorId] 3308773137 [Version] 1048832 [Id] LinuxEditor(16,192.168.0.108) [Debug] 1 [PackageName] LinuxEditor [ProjectName] Editor" joined multi-casting on [225.0.0.222:54997]...

Player connection [140428710441920] Host "[IP] 192.168.0.108 [Port] 0 [Flags] 2 [Guid] 3308773137 [EditorId] 3308773137 [Version] 1048832 [Id] LinuxEditor(16,192.168.0.108) [Debug] 1 [PackageName] LinuxEditor [ProjectName] Editor" joined alternative multi-casting on [225.0.0.222:34997]...

Refreshing native plugins compatible for Editor in 5.03 ms, found 2 plugins.
Preloading 0 native plugins for Editor in 0.00 ms.
Initialize engine version: 2022.3.1f1 (f18e0c1b5784)
[Subsystems] Discovering subsystems at path /home/lvquang/Unity/Hub/Editor/2022.3.1f1/Editor/Data/Resources/UnitySubsystems
[Subsystems] Discovering subsystems at path /home/lvquang/Desktop/test_unity/Assets
GLX Extensions: GLX_ARB_context_flush_control GLX_ARB_create_context GLX_ARB_create_context_no_error GLX_ARB_create_context_profile GLX_ARB_create_context_robustness GLX_ARB_fbconfig_float GLX_ARB_framebuffer_sRGB GLX_ARB_get_proc_address GLX_ARB_multisample GLX_EXT_buffer_age GLX_EXT_create_context_es2_profile GLX_EXT_create_context_es_profile GLX_EXT_fbconfig_packed_float GLX_EXT_framebuffer_sRGB GLX_EXT_no_config_context GLX_EXT_swap_control GLX_EXT_swap_control_tear GLX_EXT_texture_from_pixmap GLX_EXT_visual_info GLX_EXT_visual_rating GLX_INTEL_swap_event GLX_MESA_copy_sub_buffer GLX_MESA_query_renderer GLX_MESA_swap_control GLX_OML_swap_method GLX_OML_sync_control GLX_SGIS_multisample GLX_SGIX_fbconfig GLX_SGIX_pbuffer GLX_SGIX_visual_select_group GLX_SGI_make_current_read GLX_SGI_swap_control GLX_SGI_video_sync 
Renderer: RENOIR (renoir, LLVM 15.0.6, DRM 3.47, 5.19.0-43-generic)
Vendor:   AMD
Version:  4.6 (Core Profile) Mesa 22.2.5
GLES:     0
 GL_AMD_conservative_depth GL_AMD_depth_clamp_separate GL_AMD_draw_buffers_blend GL_AMD_framebuffer_multisample_advanced GL_AMD_gpu_shader_int64 GL_AMD_multi_draw_indirect GL_AMD_performance_monitor GL_AMD_pinned_memory GL_AMD_query_buffer_object GL_AMD_seamless_cubemap_per_texture GL_AMD_shader_stencil_export GL_AMD_shader_trinary_minmax GL_AMD_texture_texture4 GL_AMD_vertex_shader_layer GL_AMD_vertex_shader_viewport_index GL_ANGLE_texture_compression_dxt3 GL_ANGLE_texture_compression_dxt5 GL_ARB_ES2_compatibility GL_ARB_ES3_1_compatibility GL_ARB_ES3_2_compatibility GL_ARB_ES3_compatibility GL_ARB_arrays_of_arrays GL_ARB_base_instance GL_ARB_bindless_texture GL_ARB_blend_func_extended GL_ARB_buffer_storage GL_ARB_clear_buffer_object GL_ARB_clear_texture GL_ARB_clip_control GL_ARB_color_buffer_float GL_ARB_compressed_texture_pixel_storage GL_ARB_compute_shader GL_ARB_compute_variable_group_size GL_ARB_conditional_render_inverted GL_ARB_conservative_depth GL_ARB_copy_buffer GL_ARB_copy_image GL_ARB_cull_dist
ance GL_ARB_debug_output GL_ARB_depth_buffer_float GL_ARB_depth_clamp GL_ARB_derivative_control GL_ARB_direct_state_access GL_ARB_draw_buffers GL_ARB_draw_buffers_blend GL_ARB_draw_elements_base_vertex GL_ARB_draw_indirect GL_ARB_draw_instanced GL_ARB_enhanced_layouts GL_ARB_explicit_attrib_location GL_ARB_explicit_uniform_location GL_ARB_fragment_coord_conventions GL_ARB_fragment_layer_viewport GL_ARB_fragment_shader GL_ARB_framebuffer_no_attachments GL_ARB_framebuffer_object GL_ARB_framebuffer_sRGB GL_ARB_get_program_binary GL_ARB_get_texture_sub_image GL_ARB_gl_spirv GL_ARB_gpu_shader5 GL_ARB_gpu_shader_fp64 GL_ARB_gpu_shader_int64 GL_ARB_half_float_pixel GL_ARB_half_float_vertex GL_ARB_indirect_parameters GL_ARB_instanced_arrays GL_ARB_internalformat_query GL_ARB_internalformat_query2 GL_ARB_invalidate_subdata GL_ARB_map_buffer_alignment GL_ARB_map_buffer_range GL_ARB_multi_bind GL_ARB_multi_draw_indirect GL_ARB_occlusion_query2 GL_ARB_parallel_shader_compile GL_ARB_pipeline_statistics_query GL_ARB_pixel
_buffer_object GL_ARB_point_sprite GL_ARB_polygon_offset_clamp GL_ARB_program_interface_query GL_ARB_provoking_vertex GL_ARB_query_buffer_object GL_ARB_robust_buffer_access_behavior GL_ARB_robustness GL_ARB_sample_shading GL_ARB_sampler_objects GL_ARB_seamless_cube_map GL_ARB_seamless_cubemap_per_texture GL_ARB_separate_shader_objects GL_ARB_shader_atomic_counter_ops GL_ARB_shader_atomic_counters GL_ARB_shader_ballot GL_ARB_shader_bit_encoding GL_ARB_shader_clock GL_ARB_shader_draw_parameters GL_ARB_shader_group_vote GL_ARB_shader_image_load_store GL_ARB_shader_image_size GL_ARB_shader_objects GL_ARB_shader_precision GL_ARB_shader_stencil_export GL_ARB_shader_storage_buffer_object GL_ARB_shader_subroutine GL_ARB_shader_texture_image_samples GL_ARB_shader_texture_lod GL_ARB_shader_viewport_layer_array GL_ARB_shading_language_420pack GL_ARB_shading_language_include GL_ARB_shading_language_packing GL_ARB_sparse_buffer GL_ARB_sparse_texture GL_ARB_sparse_texture2 GL_ARB_sparse_texture_clamp GL_ARB_spirv_extensio
ns GL_ARB_stencil_texturing GL_ARB_sync GL_ARB_tessellation_shader GL_ARB_texture_barrier GL_ARB_texture_buffer_object GL_ARB_texture_buffer_object_rgb32 GL_ARB_texture_buffer_range GL_ARB_texture_compression_bptc GL_ARB_texture_compression_rgtc GL_ARB_texture_cube_map_array GL_ARB_texture_filter_anisotropic GL_ARB_texture_float GL_ARB_texture_gather GL_ARB_texture_mirror_clamp_to_edge GL_ARB_texture_multisample GL_ARB_texture_non_power_of_two GL_ARB_texture_query_levels GL_ARB_texture_query_lod GL_ARB_texture_rectangle GL_ARB_texture_rg GL_ARB_texture_rgb10_a2ui GL_ARB_texture_stencil8 GL_ARB_texture_storage GL_ARB_texture_storage_multisample GL_ARB_texture_swizzle GL_ARB_texture_view GL_ARB_timer_query GL_ARB_transform_feedback2 GL_ARB_transform_feedback3 GL_ARB_transform_feedback_instanced GL_ARB_transform_feedback_overflow_query GL_ARB_uniform_buffer_object GL_ARB_vertex_array_bgra GL_ARB_vertex_array_object GL_ARB_vertex_attrib_64bit GL_ARB_vertex_attrib_binding GL_ARB_vertex_buffer_object GL_ARB_vertex
_shader GL_ARB_vertex_type_10f_11f_11f_rev GL_ARB_vertex_type_2_10_10_10_rev GL_ARB_viewport_array GL_ATI_blend_equation_separate GL_ATI_meminfo GL_ATI_texture_float GL_ATI_texture_mirror_once GL_EXT_EGL_image_storage GL_EXT_EGL_sync GL_EXT_abgr GL_EXT_blend_equation_separate GL_EXT_demote_to_helper_invocation GL_EXT_depth_bounds_test GL_EXT_draw_buffers2 GL_EXT_draw_instanced GL_EXT_framebuffer_blit GL_EXT_framebuffer_multisample GL_EXT_framebuffer_multisample_blit_scaled GL_EXT_framebuffer_object GL_EXT_framebuffer_sRGB GL_EXT_memory_object GL_EXT_memory_object_fd GL_EXT_packed_depth_stencil GL_EXT_packed_float GL_EXT_pixel_buffer_object GL_EXT_polygon_offset_clamp GL_EXT_provoking_vertex GL_EXT_semaphore GL_EXT_semaphore_fd GL_EXT_shader_image_load_formatted GL_EXT_shader_image_load_store GL_EXT_shader_integer_mix GL_EXT_shader_samples_identical GL_EXT_texture_array GL_EXT_texture_compression_dxt1 GL_EXT_texture_compression_rgtc GL_EXT_texture_compression_s3tc GL_EXT_texture_filter_anisotropic GL_EXT_text
ure_integer GL_EXT_texture_mirror_clamp GL_EXT_texture_sRGB GL_EXT_texture_sRGB_R8 GL_EXT_texture_sRGB_decode GL_EXT_texture_shadow_lod GL_EXT_texture_shared_exponent GL_EXT_texture_snorm GL_EXT_texture_swizzle GL_EXT_timer_query GL_EXT_transform_feedback GL_EXT_vertex_array_bgra GL_EXT_vertex_attrib_64bit GL_EXT_window_rectangles GL_IBM_multimode_draw_arrays GL_INTEL_blackhole_render GL_KHR_blend_equation_advanced GL_KHR_context_flush_control GL_KHR_debug GL_KHR_no_error GL_KHR_parallel_shader_compile GL_KHR_robust_buffer_access_behavior GL_KHR_robustness GL_KHR_texture_compression_astc_ldr GL_KHR_texture_compression_astc_sliced_3d GL_MESA_framebuffer_flip_y GL_MESA_pack_invert GL_MESA_shader_integer_functions GL_MESA_texture_signed_rgba GL_NVX_gpu_memory_info GL_NV_alpha_to_coverage_dither_control GL_NV_compute_shader_derivatives GL_NV_conditional_render GL_NV_copy_image GL_NV_depth_clamp GL_NV_packed_depth_stencil GL_NV_shader_atomic_int64 GL_NV_texture_barrier GL_NV_vdpau_interop GL_OES_EGL_image GL_S3_s
3tc
OPENGL LOG: Creating OpenGL 4.6 graphics device ; Context level  <OpenGL 4.5> ; Context handle -2104208272
Initialize mono
Mono path[0] = '/home/lvquang/Unity/Hub/Editor/2022.3.1f1/Editor/Data/Managed'
Mono path[1] = '/home/lvquang/Unity/Hub/Editor/2022.3.1f1/Editor/Data/MonoBleedingEdge/lib/mono/unityjit-linux'
Mono config path = '/home/lvquang/Unity/Hub/Editor/2022.3.1f1/Editor/Data/MonoBleedingEdge/etc'
Using monoOptions --debugger-agent=transport=dt_socket,embedding=1,server=y,suspend=n,address=127.0.0.1:56304
Begin MonoManager ReloadAssembly
Registering precompiled unity dll's ...
Register platform support module: /home/lvquang/Unity/Hub/Editor/2022.3.1f1/Editor/Data/PlaybackEngines/WebGLSupport/UnityEditor.WebGL.Extensions.dll
Register platform support module: /home/lvquang/Unity/Hub/Editor/2022.3.1f1/Editor/Data/PlaybackEngines/LinuxStandaloneSupport/UnityEditor.LinuxStandalone.Extensions.dll
Registered in 0.005935 seconds.
- Loaded All Assemblies, in  0.354 seconds
Native extension for LinuxStandalone target not found
Native extension for WebGL target not found
Mono: successfully reloaded assembly
- Finished resetting the current domain, in  0.372 seconds
Domain Reload Profiling: 726ms
	BeginReloadAssembly (81ms)
		ExecutionOrderSort (0ms)
		DisableScriptedObjects (0ms)
		BackupInstance (0ms)
		ReleaseScriptingObjects (0ms)
		CreateAndSetChildDomain (1ms)
	RebuildCommonClasses (37ms)
	RebuildNativeTypeToScriptingClass (8ms)
	initialDomainReloadingComplete (81ms)
	LoadAllAssembliesAndSetupDomain (145ms)
		LoadAssemblies (79ms)
		RebuildTransferFunctionScriptingTraits (0ms)
		AnalyzeDomain (140ms)
			TypeCache.Refresh (139ms)
				TypeCache.ScanAssembly (129ms)
			ScanForSourceGeneratedMonoScriptInfo (0ms)
			ResolveRequiredComponents (1ms)
	FinalizeReload (373ms)
		ReleaseScriptCaches (0ms)
		RebuildScriptCaches (0ms)
		SetupLoadedEditorAssemblies (294ms)
			LogAssemblyErrors (0ms)
			InitializePlatformSupportModulesInManaged (14ms)
			SetLoadedEditorAssemblies (7ms)
			RefreshPlugins (0ms)
			BeforeProcessingInitializeOnLoad (4ms)
			ProcessInitializeOnLoadAttributes (197ms)
			ProcessInitializeOnLoadMethodAttributes (72ms)
			AfterProcessingInitializeOnLoad (0ms)
			EditorAssembliesLoaded (0ms)
		ExecutionOrderSort2 (0ms)
		AwakeInstancesAfterBackupRestoration (0ms)
========================================================================
Worker process is ready to serve import requests
Begin MonoManager ReloadAssembly
Symbol file LoadedFromMemory doesn't match image /home/lvquang/Desktop/test_unity/Library/PackageCache/com.unity.visualscripting@1.8.0/Editor/VisualScripting.Core/Dependencies/YamlDotNet/Unity.VisualScripting.YamlDotNet.dll
Symbol file LoadedFromMemory doesn't match image /home/lvquang/Desktop/test_unity/Library/PackageCache/com.unity.visualscripting@1.8.0/Editor/VisualScripting.Core/Dependencies/DotNetZip/Unity.VisualScripting.IonicZip.dll
- Loaded All Assemblies, in  0.714 seconds
Refreshing native plugins compatible for Editor in 3.12 ms, found 2 plugins.
Native extension for LinuxStandalone target not found
Native extension for WebGL target not found
Mono: successfully reloaded assembly
- Finished resetting the current domain, in  0.772 seconds
Domain Reload Profiling: 1485ms
	BeginReloadAssembly (142ms)
		ExecutionOrderSort (0ms)
		DisableScriptedObjects (9ms)
		BackupInstance (0ms)
		ReleaseScriptingObjects (0ms)
		CreateAndSetChildDomain (24ms)
	RebuildCommonClasses (34ms)
	RebuildNativeTypeToScriptingClass (7ms)
	initialDomainReloadingComplete (63ms)
	LoadAllAssembliesAndSetupDomain (466ms)
		LoadAssemblies (226ms)
		RebuildTransferFunctionScriptingTraits (0ms)
		AnalyzeDomain (300ms)
			TypeCache.Refresh (276ms)
				TypeCache.ScanAssembly (266ms)
			ScanForSourceGeneratedMonoScriptInfo (18ms)
			ResolveRequiredComponents (5ms)
	FinalizeReload (773ms)
		ReleaseScriptCaches (0ms)
		RebuildScriptCaches (0ms)
		SetupLoadedEditorAssemblies (573ms)
			LogAssemblyErrors (0ms)
			InitializePlatformSupportModulesInManaged (10ms)
			SetLoadedEditorAssemblies (5ms)
			RefreshPlugins (0ms)
			BeforeProcessingInitializeOnLoad (74ms)
			ProcessInitializeOnLoadAttributes (410ms)
			ProcessInitializeOnLoadMethodAttributes (68ms)
			AfterProcessingInitializeOnLoad (7ms)
			EditorAssembliesLoaded (0ms)
		ExecutionOrderSort2 (0ms)
		AwakeInstancesAfterBackupRestoration (7ms)
Launched and connected shader compiler UnityShaderCompiler after 0.01 seconds
Refreshing native plugins compatible for Editor in 3.75 ms, found 2 plugins.
Preloading 0 native plugins for Editor in 0.00 ms.
Unloading 3405 Unused Serialized files (Serialized files now loaded: 0)
Unloading 39 unused Assets / (51.3 KB). Loaded Objects now: 3861.
Memory consumption went from 118.2 MB to 118.1 MB.
Total: 4.974305 ms (FindLiveObjects: 0.247797 ms CreateObjectMapping: 0.094985 ms MarkObjects: 4.392668 ms  DeleteObjects: 0.232223 ms)

AssetImportParameters requested are different than current active one (requested -> active):
  custom:container-demuxer-ogg: 62fdf1f143b41e24485cea50d1cbac27 -> 
  custom:video-decoder-ogg-theora: a1e56fd34408186e4bbccfd4996cb3dc -> 
  custom:container-demuxer-webm: 4f35f7cbe854078d1ac9338744f61a02 -> 
  custom:container-muxer-webm: aa71ff27fc2769a1b78a27578f13a17b -> 
  custom:video-decoder-webm-vp8: 9c59270c3fd7afecdb556c50c9e8de78 -> 
  custom:SearchIndexIgnoredProperties: e643bd26f0fe6173181afceb89e7c659 -> 
  custom:AudioImporter_EditorPlatform: 2f0ff77a95e0ac474e3e8eeba4e2f7cb -> 
  custom:video-encoder-webm-vp8: eb34c28f22e8b96e1ab97ce403110664 -> 
  custom:audio-decoder-ogg-vorbis: bf7c407c2cedff20999df2af8eb42d56 -> 
  custom:audio-encoder-webm-vorbis: bf7c407c2cedff20999df2af8eb42d56 -> 
========================================================================
Received Import Request.
  Time since last request: 21412.576489 seconds.
  path: Assets/URDF/welding_robot_description/meshes/welding_robot/collision/base_link.prefab
  artifactKey: Guid(cdae5917ba32446ee8b16b4622a154e9) Importer(2089858483,0ecaa5967403d082aa24f35e1b516d23)
Start importing Assets/URDF/welding_robot_description/meshes/welding_robot/collision/base_link.prefab using Guid(cdae5917ba32446ee8b16b4622a154e9) Importer(2089858483,0ecaa5967403d082aa24f35e1b516d23)  -> (artifact id: '6094494f5d34ba11f55635f93cd165c5') in 0.168738 seconds
Number of updated asset objects reloaded before import = 0
Number of asset objects unloaded after import = 9
========================================================================
Received Import Request.
  Time since last request: 138.753349 seconds.
  path: Assets/URDF/welding_robot_description/meshes/welding_robot/collision/base_link.prefab
  artifactKey: Guid(cdae5917ba32446ee8b16b4622a154e9) Importer(2089858483,0ecaa5967403d082aa24f35e1b516d23)
Start importing Assets/URDF/welding_robot_description/meshes/welding_robot/collision/base_link.prefab using Guid(cdae5917ba32446ee8b16b4622a154e9) Importer(2089858483,0ecaa5967403d082aa24f35e1b516d23)  -> (artifact id: 'bf823c5afbd1901b59550a6c6f9361c3') in 0.014979 seconds
Number of updated asset objects reloaded before import = 0
Number of asset objects unloaded after import = 9
========================================================================
Received Import Request.
  Time since last request: 9.794105 seconds.
  path: Assets/URDF/welding_robot_description/meshes/welding_robot/collision/link2_0.asset
  artifactKey: Guid(0da3be728b7cfbf9895dd096d7ffd32d) Importer(2089858483,0ecaa5967403d082aa24f35e1b516d23)
Start importing Assets/URDF/welding_robot_description/meshes/welding_robot/collision/link2_0.asset using Guid(0da3be728b7cfbf9895dd096d7ffd32d) Importer(2089858483,0ecaa5967403d082aa24f35e1b516d23)  -> (artifact id: '20fc3708fc2652a4303bfcba5bfc931e') in 0.008792 seconds
Number of updated asset objects reloaded before import = 0
Number of asset objects unloaded after import = 1
========================================================================
Received Import Request.
  Time since last request: 0.020446 seconds.
  path: Assets/URDF/welding_robot_description/meshes/welding_robot/collision/link2_1.asset
  artifactKey: Guid(f987e90776eea45e8890a0a81d602190) Importer(2089858483,0ecaa5967403d082aa24f35e1b516d23)
Start importing Assets/URDF/welding_robot_description/meshes/welding_robot/collision/link2_1.asset using Guid(f987e90776eea45e8890a0a81d602190) Importer(2089858483,0ecaa5967403d082aa24f35e1b516d23)  -> (artifact id: '4272e63b538aa83c55263edf1db480fd') in 0.002481 seconds
Number of updated asset objects reloaded before import = 0
Number of asset objects unloaded after import = 1
========================================================================
Received Import Request.
  Time since last request: 0.000070 seconds.
  path: Assets/URDF/welding_robot_description/meshes/welding_robot/collision/link2_2.asset
  artifactKey: Guid(096aaa1222c2f2c3cb29ebc77850df6b) Importer(2089858483,0ecaa5967403d082aa24f35e1b516d23)
Start importing Assets/URDF/welding_robot_description/meshes/welding_robot/collision/link2_2.asset using Guid(096aaa1222c2f2c3cb29ebc77850df6b) Importer(2089858483,0ecaa5967403d082aa24f35e1b516d23)  -> (artifact id: '0cec5942a3dd7ef1713d3283d66a7445') in 0.002737 seconds
Number of updated asset objects reloaded before import = 0
Number of asset objects unloaded after import = 1
========================================================================
Received Import Request.
  Time since last request: 10.404650 seconds.
  path: Assets/URDF/welding_robot_description/meshes/welding_robot/collision/link4_0.asset
  artifactKey: Guid(c2b9c13d8754967d494f7daabc55c86c) Importer(2089858483,0ecaa5967403d082aa24f35e1b516d23)
Start importing Assets/URDF/welding_robot_description/meshes/welding_robot/collision/link4_0.asset using Guid(c2b9c13d8754967d494f7daabc55c86c) Importer(2089858483,0ecaa5967403d082aa24f35e1b516d23)  -> (artifact id: '08facd1eca7e1fb52ac83a3459c39095') in 0.009486 seconds
Number of updated asset objects reloaded before import = 0
Number of asset objects unloaded after import = 1
========================================================================
Received Import Request.
  Time since last request: 0.000042 seconds.
  path: Assets/URDF/welding_robot_description/meshes/welding_robot/collision/link5_11.asset
  artifactKey: Guid(03a94ea844d6bf66688af2672837178e) Importer(2089858483,0ecaa5967403d082aa24f35e1b516d23)
Start importing Assets/URDF/welding_robot_description/meshes/welding_robot/collision/link5_11.asset using Guid(03a94ea844d6bf66688af2672837178e) Importer(2089858483,0ecaa5967403d082aa24f35e1b516d23)  -> (artifact id: '4edf5a55adbc6ff3914cfc0951834f85') in 0.002568 seconds
Number of updated asset objects reloaded before import = 0
Number of asset objects unloaded after import = 1
========================================================================
Received Import Request.
  Time since last request: 0.000029 seconds.
  path: Assets/URDF/welding_robot_description/meshes/welding_robot/collision/link5_13.asset
  artifactKey: Guid(0b2fbac97bfb4c98c886e15a9dbd1f06) Importer(2089858483,0ecaa5967403d082aa24f35e1b516d23)
Start importing Assets/URDF/welding_robot_description/meshes/welding_robot/collision/link5_13.asset using Guid(0b2fbac97bfb4c98c886e15a9dbd1f06) Importer(2089858483,0ecaa5967403d082aa24f35e1b516d23)  -> (artifact id: 'c3fff6c48d111b1e6e4aad10cd980adb') in 0.002499 seconds
Number of updated asset objects reloaded before import = 0
Number of asset objects unloaded after import = 1
========================================================================
Received Import Request.
  Time since last request: 0.000035 seconds.
  path: Assets/URDF/welding_robot_description/meshes/welding_robot/collision/link5.prefab
  artifactKey: Guid(113e6cb3aa54f65b99253bc02c943260) Importer(2089858483,0ecaa5967403d082aa24f35e1b516d23)
Start importing Assets/URDF/welding_robot_description/meshes/welding_robot/collision/link5.prefab using Guid(113e6cb3aa54f65b99253bc02c943260) Importer(2089858483,0ecaa5967403d082aa24f35e1b516d23)  -> (artifact id: 'fc0d7e0e0d453866523171cb1debc775') in 0.006236 seconds
Number of updated asset objects reloaded before import = 0
Number of asset objects unloaded after import = 9
========================================================================
Received Import Request.
  Time since last request: 0.000017 seconds.
  path: Assets/URDF/welding_robot_description/meshes/welding_robot/collision/link5_14.asset
  artifactKey: Guid(eb6e9dc155b1ce492a35e34d3dd9d7cc) Importer(2089858483,0ecaa5967403d082aa24f35e1b516d23)
Start importing Assets/URDF/welding_robot_description/meshes/welding_robot/collision/link5_14.asset using Guid(eb6e9dc155b1ce492a35e34d3dd9d7cc) Importer(2089858483,0ecaa5967403d082aa24f35e1b516d23)  -> (artifact id: '687b9c3ede8a48c7b4c04ab2beacc43b') in 0.003471 seconds
Number of updated asset objects reloaded before import = 0
Number of asset objects unloaded after import = 1
========================================================================
Received Import Request.
  Time since last request: 0.000059 seconds.
  path: Assets/URDF/welding_robot_description/meshes/welding_robot/collision/link4_2.asset
  artifactKey: Guid(118726f4879fcba669df4dc3dd996859) Importer(2089858483,0ecaa5967403d082aa24f35e1b516d23)
Start importing Assets/URDF/welding_robot_description/meshes/welding_robot/collision/link4_2.asset using Guid(118726f4879fcba669df4dc3dd996859) Importer(2089858483,0ecaa5967403d082aa24f35e1b516d23)  -> (artifact id: '163e886d9b87194514e6313263d77146') in 0.002370 seconds
Number of updated asset objects reloaded before import = 0
Number of asset objects unloaded after import = 1
========================================================================
Received Import Request.
  Time since last request: 0.000049 seconds.
  path: Assets/URDF/Materials/rgba-0.996078431372549-0-0-1.mat
  artifactKey: Guid(080fea2a75665de59a2f5314c7356bec) Importer(2089858483,0ecaa5967403d082aa24f35e1b516d23)
Start importing Assets/URDF/Materials/rgba-0.996078431372549-0-0-1.mat using Guid(080fea2a75665de59a2f5314c7356bec) Importer(2089858483,0ecaa5967403d082aa24f35e1b516d23)  -> (artifact id: '5922a2dc2c3d13ca41e0f6702305f221') in 0.034221 seconds
Number of updated asset objects reloaded before import = 0
Number of asset objects unloaded after import = 1
========================================================================
Received Import Request.
  Time since last request: 0.000085 seconds.
  path: Assets/URDF/welding_robot_description/meshes/welding_robot/collision/link5_2.asset
  artifactKey: Guid(aac13ec306565b88780750121cd21251) Importer(2089858483,0ecaa5967403d082aa24f35e1b516d23)
Start importing Assets/URDF/welding_robot_description/meshes/welding_robot/collision/link5_2.asset using Guid(aac13ec306565b88780750121cd21251) Importer(2089858483,0ecaa5967403d082aa24f35e1b516d23)  -> (artifact id: 'ebf7f9debcd317c4edd134f95f82a6c4') in 0.002412 seconds
Number of updated asset objects reloaded before import = 0
Number of asset objects unloaded after import = 1
========================================================================
Received Import Request.
  Time since last request: 0.000031 seconds.
  path: Assets/URDF/welding_robot_description/meshes/welding_robot/collision/link5_8.asset
  artifactKey: Guid(5ff8e60cdb275607ca623f2a7e07a533) Importer(2089858483,0ecaa5967403d082aa24f35e1b516d23)
Start importing Assets/URDF/welding_robot_description/meshes/welding_robot/collision/link5_8.asset using Guid(5ff8e60cdb275607ca623f2a7e07a533) Importer(2089858483,0ecaa5967403d082aa24f35e1b516d23)  -> (artifact id: '4bdf17243a27bafb585074b5769c41a3') in 0.002708 seconds
Number of updated asset objects reloaded before import = 0
Number of asset objects unloaded after import = 1
========================================================================
Received Import Request.
  Time since last request: 0.000058 seconds.
  path: Assets/URDF/welding_robot_description/meshes/welding_robot/collision/link5_16.asset
  artifactKey: Guid(b6105911ec2882268a4dd009c04127e8) Importer(2089858483,0ecaa5967403d082aa24f35e1b516d23)
Start importing Assets/URDF/welding_robot_description/meshes/welding_robot/collision/link5_16.asset using Guid(b6105911ec2882268a4dd009c04127e8) Importer(2089858483,0ecaa5967403d082aa24f35e1b516d23)  -> (artifact id: 'fc156003068592e182f9f12073a7dcbd') in 0.003504 seconds
Number of updated asset objects reloaded before import = 0
Number of asset objects unloaded after import = 1
========================================================================
Received Import Request.
  Time since last request: 0.000079 seconds.
  path: Assets/URDF/welding_robot_description/meshes/welding_robot/collision/link5_9.asset
  artifactKey: Guid(90e522b8d92a9097e94a8ef93843d8f2) Importer(2089858483,0ecaa5967403d082aa24f35e1b516d23)
Start importing Assets/URDF/welding_robot_description/meshes/welding_robot/collision/link5_9.asset using Guid(90e522b8d92a9097e94a8ef93843d8f2) Importer(2089858483,0ecaa5967403d082aa24f35e1b516d23)  -> (artifact id: 'e9a35bd0339b3ed31e0f0973c6f3f6cb') in 0.002290 seconds
Number of updated asset objects reloaded before import = 0
Number of asset objects unloaded after import = 1
========================================================================
Received Import Request.
  Time since last request: 0.498791 seconds.
  path: Assets/URDF/welding_robot_description/meshes/welding_robot/collision/eef_0.asset
  artifactKey: Guid(06b8b2f59f9a016b6b56aa7fb4650609) Importer(2089858483,0ecaa5967403d082aa24f35e1b516d23)
Start importing Assets/URDF/welding_robot_description/meshes/welding_robot/collision/eef_0.asset using Guid(06b8b2f59f9a016b6b56aa7fb4650609) Importer(2089858483,0ecaa5967403d082aa24f35e1b516d23)  -> (artifact id: 'be70f5af8900ed67dc7527672f881e83') in 0.004971 seconds
Number of updated asset objects reloaded before import = 0
Number of asset objects unloaded after import = 1
========================================================================
Received Import Request.
  Time since last request: 0.000019 seconds.
  path: Assets/URDF/welding_robot_description/meshes/welding_robot/collision/eef_4.asset
  artifactKey: Guid(eb29e563d5e0675c0bf84e585622a6f9) Importer(2089858483,0ecaa5967403d082aa24f35e1b516d23)
Start importing Assets/URDF/welding_robot_description/meshes/welding_robot/collision/eef_4.asset using Guid(eb29e563d5e0675c0bf84e585622a6f9) Importer(2089858483,0ecaa5967403d082aa24f35e1b516d23)  -> (artifact id: '4f9984f4c6c94467edea906b9010ce10') in 0.003946 seconds
Number of updated asset objects reloaded before import = 0
Number of asset objects unloaded after import = 1
========================================================================
Received Import Request.
  Time since last request: 0.000086 seconds.
  path: Assets/URDF/welding_robot_description/meshes/welding_robot/collision/eef_7.asset
  artifactKey: Guid(f4155f9ff43acafc183b5328c38e9e81) Importer(2089858483,0ecaa5967403d082aa24f35e1b516d23)
Start importing Assets/URDF/welding_robot_description/meshes/welding_robot/collision/eef_7.asset using Guid(f4155f9ff43acafc183b5328c38e9e81) Importer(2089858483,0ecaa5967403d082aa24f35e1b516d23)  -> (artifact id: 'ad32ee3ce206d0adccb2581fd6913754') in 0.002660 seconds
Number of updated asset objects reloaded before import = 0
Number of asset objects unloaded after import = 1
========================================================================
Received Import Request.
  Time since last request: 0.567714 seconds.
  path: Assets/URDF/welding_robot_description/meshes/welding_robot/collision/link3_0.asset
  artifactKey: Guid(d5a7a63689145f1c7906076541acca16) Importer(2089858483,0ecaa5967403d082aa24f35e1b516d23)
Start importing Assets/URDF/welding_robot_description/meshes/welding_robot/collision/link3_0.asset using Guid(d5a7a63689145f1c7906076541acca16) Importer(2089858483,0ecaa5967403d082aa24f35e1b516d23)  -> (artifact id: '79a25087a7ece2137ebdfeb65e572a90') in 0.013685 seconds
Number of updated asset objects reloaded before import = 0
Number of asset objects unloaded after import = 1
========================================================================
Received Import Request.
  Time since last request: 0.581187 seconds.
  path: Assets/URDF/welding_robot_description/meshes/welding_robot/collision/link1.prefab
  artifactKey: Guid(087c84d8504447bf19c29d8e1f3bd3d9) Importer(2089858483,0ecaa5967403d082aa24f35e1b516d23)
Start importing Assets/URDF/welding_robot_description/meshes/welding_robot/collision/link1.prefab using Guid(087c84d8504447bf19c29d8e1f3bd3d9) Importer(2089858483,0ecaa5967403d082aa24f35e1b516d23)  -> (artifact id: 'b987bc77069ec10533df573cea0dbf0f') in 0.012532 seconds
Number of updated asset objects reloaded before import = 0
Number of asset objects unloaded after import = 9
========================================================================
Received Import Request.
  Time since last request: 247.031876 seconds.
  path: Assets/URDF/welding_robot_description/meshes/welding_robot/base_link.STL
  artifactKey: Guid(892074c5d28e7cb0f9573b08ec044773) Importer(2089858483,0ecaa5967403d082aa24f35e1b516d23)
Start importing Assets/URDF/welding_robot_description/meshes/welding_robot/base_link.STL using Guid(892074c5d28e7cb0f9573b08ec044773) Importer(2089858483,0ecaa5967403d082aa24f35e1b516d23)  -> (artifact id: '5151acd0ea68527943352eaf9c6db846') in 0.002304 seconds
Number of updated asset objects reloaded before import = 0
Number of asset objects unloaded after import = 1
========================================================================
Received Import Request.
  Time since last request: 0.041505 seconds.
  path: Assets/URDF/welding_robot_description/meshes/welding_robot/link4.STL
  artifactKey: Guid(a1c3852bf8c534bd89e776621177e992) Importer(2089858483,0ecaa5967403d082aa24f35e1b516d23)
Start importing Assets/URDF/welding_robot_description/meshes/welding_robot/link4.STL using Guid(a1c3852bf8c534bd89e776621177e992) Importer(2089858483,0ecaa5967403d082aa24f35e1b516d23)  -> (artifact id: '88b07b527b9934bb4b0496a0aa51ddb0') in 0.003539 seconds
Number of updated asset objects reloaded before import = 0
Number of asset objects unloaded after import = 1
========================================================================
Received Import Request.
  Time since last request: 0.000110 seconds.
  path: Assets/URDF/welding_robot_description/meshes/welding_robot/link2.STL
  artifactKey: Guid(02e782946797b932f888166e16befad3) Importer(2089858483,0ecaa5967403d082aa24f35e1b516d23)
Start importing Assets/URDF/welding_robot_description/meshes/welding_robot/link2.STL using Guid(02e782946797b932f888166e16befad3) Importer(2089858483,0ecaa5967403d082aa24f35e1b516d23)  -> (artifact id: 'd674bd4be634a2901371655fff3588db') in 0.005024 seconds
Number of updated asset objects reloaded before import = 0
Number of asset objects unloaded after import = 1
========================================================================
Received Import Request.
  Time since last request: 0.000077 seconds.
  path: Assets/URDF/welding_robot_description/meshes/welding_robot/link1.STL
  artifactKey: Guid(cace1a4a4a7f46d408acd6ba84a2742e) Importer(2089858483,0ecaa5967403d082aa24f35e1b516d23)
Start importing Assets/URDF/welding_robot_description/meshes/welding_robot/link1.STL using Guid(cace1a4a4a7f46d408acd6ba84a2742e) Importer(2089858483,0ecaa5967403d082aa24f35e1b516d23)  -> (artifact id: 'd7e25a94b7706ce0b617dd24cc29f4b4') in 0.003663 seconds
Number of updated asset objects reloaded before import = 0
Number of asset objects unloaded after import = 1
========================================================================
Received Import Request.
  Time since last request: 2.112359 seconds.
  path: Assets/URDF/Materials/Default.mat
  artifactKey: Guid(59d262fed0cfcc312bd5d86bc21a96ee) Importer(815301076,1909f56bfc062723c751e8b465ee728b)
Start importing Assets/URDF/Materials/Default.mat using Guid(59d262fed0cfcc312bd5d86bc21a96ee) Importer(815301076,1909f56bfc062723c751e8b465ee728b)  -> (artifact id: '638735892e375aecd36a961a717ad852') in 0.316894 seconds
Number of updated asset objects reloaded before import = 0
Number of asset objects unloaded after import = 1
========================================================================
Received Import Request.
  Time since last request: 0.000026 seconds.
  path: Assets/URDF/Materials/rgba-0.996078431372549-0-0-1.mat
  artifactKey: Guid(080fea2a75665de59a2f5314c7356bec) Importer(815301076,1909f56bfc062723c751e8b465ee728b)
Start importing Assets/URDF/Materials/rgba-0.996078431372549-0-0-1.mat using Guid(080fea2a75665de59a2f5314c7356bec) Importer(815301076,1909f56bfc062723c751e8b465ee728b)  -> (artifact id: 'c1d4e5968c6f1dee04d01c28286b8269') in 0.006396 seconds
Number of updated asset objects reloaded before import = 0
Number of asset objects unloaded after import = 1
========================================================================
Received Import Request.
  Time since last request: 271.299122 seconds.
  path: Assets/URDF/welding_robot.urdf
  artifactKey: Guid(c3877fb877b87c767bc6febf196fbeb3) Importer(815301076,1909f56bfc062723c751e8b465ee728b)
Start importing Assets/URDF/welding_robot.urdf using Guid(c3877fb877b87c767bc6febf196fbeb3) Importer(815301076,1909f56bfc062723c751e8b465ee728b)  -> (artifact id: 'c4f00fdbcb33e7595b202b1e5ab2104f') in 0.001145 seconds
Number of updated asset objects reloaded before import = 0
Number of asset objects unloaded after import = 1
========================================================================
Received Import Request.
  Time since last request: 0.967409 seconds.
  path: Assets/URDF/welding_robot.urdf
  artifactKey: Guid(c3877fb877b87c767bc6febf196fbeb3) Importer(2089858483,0ecaa5967403d082aa24f35e1b516d23)
Start importing Assets/URDF/welding_robot.urdf using Guid(c3877fb877b87c767bc6febf196fbeb3) Importer(2089858483,0ecaa5967403d082aa24f35e1b516d23)  -> (artifact id: '3b59bffca3c7ced3193deb13c6c294fb') in 0.003293 seconds
Number of updated asset objects reloaded before import = 0
Number of asset objects unloaded after import = 1
========================================================================
Received Import Request.
  Time since last request: 53.331130 seconds.
  path: Assets/URDF/welding_robot_description/meshes/link4.STL
  artifactKey: Guid(25e913ca758318f898cc9ae92e5cd31c) Importer(2089858483,0ecaa5967403d082aa24f35e1b516d23)
Start importing Assets/URDF/welding_robot_description/meshes/link4.STL using Guid(25e913ca758318f898cc9ae92e5cd31c) Importer(2089858483,0ecaa5967403d082aa24f35e1b516d23)  -> (artifact id: '83eea5890e4dd83037a4c01ec5743b77') in 0.006679 seconds
Number of updated asset objects reloaded before import = 0
Number of asset objects unloaded after import = 1
========================================================================
Received Import Request.
  Time since last request: 0.030801 seconds.
  path: Assets/URDF/welding_robot_description/meshes/base_link.STL
  artifactKey: Guid(67992375b38bf933daa89b820cd84513) Importer(2089858483,0ecaa5967403d082aa24f35e1b516d23)
Start importing Assets/URDF/welding_robot_description/meshes/base_link.STL using Guid(67992375b38bf933daa89b820cd84513) Importer(2089858483,0ecaa5967403d082aa24f35e1b516d23)  -> (artifact id: 'c57ce48a6ea63422ffa55589a9e04f4d') in 0.004537 seconds
Number of updated asset objects reloaded before import = 0
Number of asset objects unloaded after import = 1
========================================================================
Received Import Request.
  Time since last request: 0.000206 seconds.
  path: Assets/URDF/welding_robot_description/meshes/link3.STL
  artifactKey: Guid(64b5f8c93a8365292bc4c53ff29a28a4) Importer(2089858483,0ecaa5967403d082aa24f35e1b516d23)
Start importing Assets/URDF/welding_robot_description/meshes/link3.STL using Guid(64b5f8c93a8365292bc4c53ff29a28a4) Importer(2089858483,0ecaa5967403d082aa24f35e1b516d23)  -> (artifact id: '53398ad408d8a47fadb6ed2a54ce47b3') in 0.004598 seconds
Number of updated asset objects reloaded before import = 0
Number of asset objects unloaded after import = 1
========================================================================
Received Import Request.
  Time since last request: 15.323578 seconds.
  path: Assets/URDF/welding_robot_description/meshes/base_link_0.asset
  artifactKey: Guid(15004b7710300c81cbd164a166316ae0) Importer(2089858483,0ecaa5967403d082aa24f35e1b516d23)
Start importing Assets/URDF/welding_robot_description/meshes/base_link_0.asset using Guid(15004b7710300c81cbd164a166316ae0) Importer(2089858483,0ecaa5967403d082aa24f35e1b516d23)  -> (artifact id: '077efed46b8789b72c9748cf8ef57413') in 0.018241 seconds
Number of updated asset objects reloaded before import = 0
Number of asset objects unloaded after import = 1
========================================================================
Received Import Request.
  Time since last request: 0.000030 seconds.
  path: Assets/URDF/welding_robot_description/meshes/link3.prefab
  artifactKey: Guid(25765a88fed8ef0868d6750b4aa8803f) Importer(2089858483,0ecaa5967403d082aa24f35e1b516d23)
Start importing Assets/URDF/welding_robot_description/meshes/link3.prefab using Guid(25765a88fed8ef0868d6750b4aa8803f) Importer(2089858483,0ecaa5967403d082aa24f35e1b516d23)  -> (artifact id: 'd4d862305c2423323ec893067fb6c7a2') in 0.015879 seconds
Number of updated asset objects reloaded before import = 0
Number of asset objects unloaded after import = 9
========================================================================
Received Import Request.
  Time since last request: 0.000024 seconds.
  path: Assets/URDF/welding_robot_description/meshes/link5_10.asset
  artifactKey: Guid(d82064075949e18869f2e162d64ad4f1) Importer(2089858483,0ecaa5967403d082aa24f35e1b516d23)
Start importing Assets/URDF/welding_robot_description/meshes/link5_10.asset using Guid(d82064075949e18869f2e162d64ad4f1) Importer(2089858483,0ecaa5967403d082aa24f35e1b516d23)  -> (artifact id: 'fdf95a2a0cebd1ebe190a041a394adb8') in 0.004679 seconds
Number of updated asset objects reloaded before import = 0
Number of asset objects unloaded after import = 1
========================================================================
Received Import Request.
  Time since last request: 0.000026 seconds.
  path: Assets/URDF/welding_robot_description/meshes/link4_0.asset
  artifactKey: Guid(fa39a370555387ac197c57666d016b15) Importer(2089858483,0ecaa5967403d082aa24f35e1b516d23)
Start importing Assets/URDF/welding_robot_description/meshes/link4_0.asset using Guid(fa39a370555387ac197c57666d016b15) Importer(2089858483,0ecaa5967403d082aa24f35e1b516d23)  -> (artifact id: 'f420a79c41803b3e7482731c6bd60c64') in 0.012820 seconds
Number of updated asset objects reloaded before import = 0
Number of asset objects unloaded after import = 1
========================================================================
Received Import Request.
  Time since last request: 0.000024 seconds.
  path: Assets/URDF/welding_robot_description/meshes/eef_8.asset
  artifactKey: Guid(364cc53b83bb1ba9fbd02523418cbc88) Importer(2089858483,0ecaa5967403d082aa24f35e1b516d23)
Start importing Assets/URDF/welding_robot_description/meshes/eef_8.asset using Guid(364cc53b83bb1ba9fbd02523418cbc88) Importer(2089858483,0ecaa5967403d082aa24f35e1b516d23)  -> (artifact id: 'ee6d12ac01b6c04e65e9603c23aa7120') in 0.004938 seconds
Number of updated asset objects reloaded before import = 0
Number of asset objects unloaded after import = 1
========================================================================
Received Import Request.
  Time since last request: 0.000050 seconds.
  path: Assets/URDF/welding_robot_description/meshes/eef_6.asset
  artifactKey: Guid(522fbc7d91e0a367d8ac354bd2b750e0) Importer(2089858483,0ecaa5967403d082aa24f35e1b516d23)
Start importing Assets/URDF/welding_robot_description/meshes/eef_6.asset using Guid(522fbc7d91e0a367d8ac354bd2b750e0) Importer(2089858483,0ecaa5967403d082aa24f35e1b516d23)  -> (artifact id: 'fbd0d98cc4d75e53ea48d32f87dc6166') in 0.005642 seconds
Number of updated asset objects reloaded before import = 0
Number of asset objects unloaded after import = 1
========================================================================
Received Import Request.
  Time since last request: 0.000061 seconds.
  path: Assets/URDF/welding_robot_description/meshes/link2_0.asset
  artifactKey: Guid(093a055a2f80e787eb2284f6eab1a9a7) Importer(2089858483,0ecaa5967403d082aa24f35e1b516d23)
Start importing Assets/URDF/welding_robot_description/meshes/link2_0.asset using Guid(093a055a2f80e787eb2284f6eab1a9a7) Importer(2089858483,0ecaa5967403d082aa24f35e1b516d23)  -> (artifact id: '82c9038319b98fccbd4bb9fd283855b8') in 0.009702 seconds
Number of updated asset objects reloaded before import = 0
Number of asset objects unloaded after import = 1
========================================================================
Received Import Request.
  Time since last request: 0.000067 seconds.
  path: Assets/URDF/welding_robot_description/meshes/link5_7.asset
  artifactKey: Guid(3430b95eefca18d158e6b6a57a836f77) Importer(2089858483,0ecaa5967403d082aa24f35e1b516d23)
Start importing Assets/URDF/welding_robot_description/meshes/link5_7.asset using Guid(3430b95eefca18d158e6b6a57a836f77) Importer(2089858483,0ecaa5967403d082aa24f35e1b516d23)  -> (artifact id: '3ea43ad878bf4cf71b754fa33c95ea25') in 0.004060 seconds
Number of updated asset objects reloaded before import = 0
Number of asset objects unloaded after import = 1
========================================================================
Received Import Request.
  Time since last request: 0.000021 seconds.
  path: Assets/URDF/welding_robot_description/meshes/eef_1.asset
  artifactKey: Guid(afe46d0e4aa693a8d99304d453091ec0) Importer(2089858483,0ecaa5967403d082aa24f35e1b516d23)
Start importing Assets/URDF/welding_robot_description/meshes/eef_1.asset using Guid(afe46d0e4aa693a8d99304d453091ec0) Importer(2089858483,0ecaa5967403d082aa24f35e1b516d23)  -> (artifact id: '1abae37c18937d3475a27310b6945e11') in 0.004249 seconds
Number of updated asset objects reloaded before import = 0
Number of asset objects unloaded after import = 1
========================================================================
Received Import Request.
  Time since last request: 0.000056 seconds.
  path: Assets/URDF/welding_robot_description/meshes/link5_1.asset
  artifactKey: Guid(f12d5dcf3585b6728bc3b5510f0f51cb) Importer(2089858483,0ecaa5967403d082aa24f35e1b516d23)
Start importing Assets/URDF/welding_robot_description/meshes/link5_1.asset using Guid(f12d5dcf3585b6728bc3b5510f0f51cb) Importer(2089858483,0ecaa5967403d082aa24f35e1b516d23)  -> (artifact id: 'c83a109df297be7b2fad9180b16b4423') in 0.002407 seconds
Number of updated asset objects reloaded before import = 0
Number of asset objects unloaded after import = 1
========================================================================
Received Import Request.
  Time since last request: 0.000032 seconds.
  path: Assets/URDF/welding_robot_description/meshes/base_link_5.asset
  artifactKey: Guid(1a01abb8d9d9d069e8b566b24db3d567) Importer(2089858483,0ecaa5967403d082aa24f35e1b516d23)
Start importing Assets/URDF/welding_robot_description/meshes/base_link_5.asset using Guid(1a01abb8d9d9d069e8b566b24db3d567) Importer(2089858483,0ecaa5967403d082aa24f35e1b516d23)  -> (artifact id: '8b41fa15e7925ade6e23495090eae4dd') in 0.002839 seconds
Number of updated asset objects reloaded before import = 0
Number of asset objects unloaded after import = 1
========================================================================
Received Import Request.
  Time since last request: 0.000018 seconds.
  path: Assets/URDF/welding_robot_description/meshes/link1_7.asset
  artifactKey: Guid(5ce67e793db1a6d769a61c88cd4e186b) Importer(2089858483,0ecaa5967403d082aa24f35e1b516d23)
Start importing Assets/URDF/welding_robot_description/meshes/link1_7.asset using Guid(5ce67e793db1a6d769a61c88cd4e186b) Importer(2089858483,0ecaa5967403d082aa24f35e1b516d23)  -> (artifact id: '3427c0bf522067878de25e53c3a34ae0') in 0.002630 seconds
Number of updated asset objects reloaded before import = 0
Number of asset objects unloaded after import = 1
========================================================================
Received Import Request.
  Time since last request: 0.000017 seconds.
  path: Assets/URDF/welding_robot_description/meshes/link5_8.asset
  artifactKey: Guid(f300701988e076731b9b80a2022a160c) Importer(2089858483,0ecaa5967403d082aa24f35e1b516d23)
Start importing Assets/URDF/welding_robot_description/meshes/link5_8.asset using Guid(f300701988e076731b9b80a2022a160c) Importer(2089858483,0ecaa5967403d082aa24f35e1b516d23)  -> (artifact id: 'e5ba9fdcd58498998157c4ca598c2337') in 0.002379 seconds
Number of updated asset objects reloaded before import = 0
Number of asset objects unloaded after import = 1
========================================================================
Received Import Request.
  Time since last request: 0.000027 seconds.
  path: Assets/URDF/welding_robot_description/meshes/link1_5.asset
  artifactKey: Guid(b3f7ae31edbb9922088f5bda5ae79e0a) Importer(2089858483,0ecaa5967403d082aa24f35e1b516d23)
Start importing Assets/URDF/welding_robot_description/meshes/link1_5.asset using Guid(b3f7ae31edbb9922088f5bda5ae79e0a) Importer(2089858483,0ecaa5967403d082aa24f35e1b516d23)  -> (artifact id: 'a575b0973ffdcc3b04ed03b4282398dc') in 0.002485 seconds
Number of updated asset objects reloaded before import = 0
Number of asset objects unloaded after import = 1
========================================================================
Received Import Request.
  Time since last request: 0.000028 seconds.
  path: Assets/URDF/welding_robot_description/meshes/link3_1.asset
  artifactKey: Guid(f8c2a2f0bb14751ce9754249d0717b4f) Importer(2089858483,0ecaa5967403d082aa24f35e1b516d23)
Start importing Assets/URDF/welding_robot_description/meshes/link3_1.asset using Guid(f8c2a2f0bb14751ce9754249d0717b4f) Importer(2089858483,0ecaa5967403d082aa24f35e1b516d23)  -> (artifact id: 'eb539210666ea85ea66ade29d78e6fd2') in 0.004187 seconds
Number of updated asset objects reloaded before import = 0
Number of asset objects unloaded after import = 1
========================================================================
Received Import Request.
  Time since last request: 0.000063 seconds.
  path: Assets/URDF/welding_robot_description/meshes/base_link_3.asset
  artifactKey: Guid(e7e58f8ebf5c19f3984f9b027e27dc90) Importer(2089858483,0ecaa5967403d082aa24f35e1b516d23)
Start importing Assets/URDF/welding_robot_description/meshes/base_link_3.asset using Guid(e7e58f8ebf5c19f3984f9b027e27dc90) Importer(2089858483,0ecaa5967403d082aa24f35e1b516d23)  -> (artifact id: 'af178d448d3458791d807f64c3787082') in 0.002504 seconds
Number of updated asset objects reloaded before import = 0
Number of asset objects unloaded after import = 1
========================================================================
Received Import Request.
  Time since last request: 0.000035 seconds.
  path: Assets/URDF/welding_robot_description/meshes/eef_3.asset
  artifactKey: Guid(8024642471d07fa668eba2f3eef6fc91) Importer(2089858483,0ecaa5967403d082aa24f35e1b516d23)
Start importing Assets/URDF/welding_robot_description/meshes/eef_3.asset using Guid(8024642471d07fa668eba2f3eef6fc91) Importer(2089858483,0ecaa5967403d082aa24f35e1b516d23)  -> (artifact id: '6b34bbc64347c1e67d2aa3dcf4840c82') in 0.002698 seconds
Number of updated asset objects reloaded before import = 0
Number of asset objects unloaded after import = 1
========================================================================
Received Import Request.
  Time since last request: 0.000041 seconds.
  path: Assets/URDF/welding_robot_description/meshes/link1_11.asset
  artifactKey: Guid(6cfccfbd7a8670b60b1c0c931e3762aa) Importer(2089858483,0ecaa5967403d082aa24f35e1b516d23)
Start importing Assets/URDF/welding_robot_description/meshes/link1_11.asset using Guid(6cfccfbd7a8670b60b1c0c931e3762aa) Importer(2089858483,0ecaa5967403d082aa24f35e1b516d23)  -> (artifact id: '8a49eb4d8292a47ee4cbeb80e43fc7aa') in 0.002741 seconds
Number of updated asset objects reloaded before import = 0
Number of asset objects unloaded after import = 1
========================================================================
Received Import Request.
  Time since last request: 0.000019 seconds.
  path: Assets/URDF/welding_robot_description/meshes/link4_3.asset
  artifactKey: Guid(031a72a63880b292ebbdb06c9cbbcba1) Importer(2089858483,0ecaa5967403d082aa24f35e1b516d23)
Start importing Assets/URDF/welding_robot_description/meshes/link4_3.asset using Guid(031a72a63880b292ebbdb06c9cbbcba1) Importer(2089858483,0ecaa5967403d082aa24f35e1b516d23)  -> (artifact id: '23a0df7927a490850958d5296a4c6e36') in 0.002226 seconds
Number of updated asset objects reloaded before import = 0
Number of asset objects unloaded after import = 1
========================================================================
Received Import Request.
  Time since last request: 0.000017 seconds.
  path: Assets/URDF/welding_robot_description/meshes/eef_2.asset
  artifactKey: Guid(42107c4254c3e30649d65b9216b38b28) Importer(2089858483,0ecaa5967403d082aa24f35e1b516d23)
Start importing Assets/URDF/welding_robot_description/meshes/eef_2.asset using Guid(42107c4254c3e30649d65b9216b38b28) Importer(2089858483,0ecaa5967403d082aa24f35e1b516d23)  -> (artifact id: 'fc06de1c5a3f6b3a1f929895aa86c226') in 0.002737 seconds
Number of updated asset objects reloaded before import = 0
Number of asset objects unloaded after import = 1
========================================================================
Received Import Request.
  Time since last request: 0.000052 seconds.
  path: Assets/URDF/welding_robot_description/meshes/eef.prefab
  artifactKey: Guid(57df9b3df3a643a80998632bbb4700ff) Importer(2089858483,0ecaa5967403d082aa24f35e1b516d23)
Start importing Assets/URDF/welding_robot_description/meshes/eef.prefab using Guid(57df9b3df3a643a80998632bbb4700ff) Importer(2089858483,0ecaa5967403d082aa24f35e1b516d23)  -> (artifact id: '45cb2f673436333ae85dfd2fea16c20f') in 0.003158 seconds
Number of updated asset objects reloaded before import = 0
Number of asset objects unloaded after import = 9
========================================================================
Received Import Request.
  Time since last request: 0.000014 seconds.
  path: Assets/URDF/welding_robot_description/meshes/link2_1.asset
  artifactKey: Guid(309edccff085d246e9d2c34d4d6900ab) Importer(2089858483,0ecaa5967403d082aa24f35e1b516d23)
Start importing Assets/URDF/welding_robot_description/meshes/link2_1.asset using Guid(309edccff085d246e9d2c34d4d6900ab) Importer(2089858483,0ecaa5967403d082aa24f35e1b516d23)  -> (artifact id: '2fb41a6c87f74138cd00d4bf3925ee0c') in 0.002248 seconds
Number of updated asset objects reloaded before import = 0
Number of asset objects unloaded after import = 1
========================================================================
Received Import Request.
  Time since last request: 0.000054 seconds.
  path: Assets/URDF/welding_robot_description/meshes/link1_0.asset
  artifactKey: Guid(34891691ae7b6ac74b5eefbe4b240f99) Importer(2089858483,0ecaa5967403d082aa24f35e1b516d23)
Start importing Assets/URDF/welding_robot_description/meshes/link1_0.asset using Guid(34891691ae7b6ac74b5eefbe4b240f99) Importer(2089858483,0ecaa5967403d082aa24f35e1b516d23)  -> (artifact id: '47271ad81826fea452b23ed01593b175') in 0.008861 seconds
Number of updated asset objects reloaded before import = 0
Number of asset objects unloaded after import = 1
========================================================================
Received Import Request.
  Time since last request: 0.000068 seconds.
  path: Assets/URDF/welding_robot_description/meshes/eef_4.asset
  artifactKey: Guid(a9f047c2476550c3c9cfc8520b8306e6) Importer(2089858483,0ecaa5967403d082aa24f35e1b516d23)
Start importing Assets/URDF/welding_robot_description/meshes/eef_4.asset using Guid(a9f047c2476550c3c9cfc8520b8306e6) Importer(2089858483,0ecaa5967403d082aa24f35e1b516d23)  -> (artifact id: 'fa5b04c6bd7fe227ecb83be6e7ad7a58') in 0.002241 seconds
Number of updated asset objects reloaded before import = 0
Number of asset objects unloaded after import = 1
========================================================================
Received Import Request.
  Time since last request: 0.000017 seconds.
  path: Assets/URDF/welding_robot_description/meshes/link5.prefab
  artifactKey: Guid(ed677f5b90a9077d6b5600488392e3ef) Importer(2089858483,0ecaa5967403d082aa24f35e1b516d23)
Start importing Assets/URDF/welding_robot_description/meshes/link5.prefab using Guid(ed677f5b90a9077d6b5600488392e3ef) Importer(2089858483,0ecaa5967403d082aa24f35e1b516d23)  -> (artifact id: '82366fde4fa29794d52acc7d22d283b9') in 0.005752 seconds
Number of updated asset objects reloaded before import = 0
Number of asset objects unloaded after import = 9
========================================================================
Received Import Request.
  Time since last request: 0.000014 seconds.
  path: Assets/URDF/welding_robot_description/meshes/link1_13.asset
  artifactKey: Guid(5046c556b9f1eb5868450c5776dc60fd) Importer(2089858483,0ecaa5967403d082aa24f35e1b516d23)
Start importing Assets/URDF/welding_robot_description/meshes/link1_13.asset using Guid(5046c556b9f1eb5868450c5776dc60fd) Importer(2089858483,0ecaa5967403d082aa24f35e1b516d23)  -> (artifact id: '50179c057f22edaee6c332df942f4b9f') in 0.002613 seconds
Number of updated asset objects reloaded before import = 0
Number of asset objects unloaded after import = 1
========================================================================
Received Import Request.
  Time since last request: 0.000050 seconds.
  path: Assets/URDF/welding_robot_description/meshes/link5_13.asset
  artifactKey: Guid(24d687566eecd7e13aa86ec0f546702d) Importer(2089858483,0ecaa5967403d082aa24f35e1b516d23)
Start importing Assets/URDF/welding_robot_description/meshes/link5_13.asset using Guid(24d687566eecd7e13aa86ec0f546702d) Importer(2089858483,0ecaa5967403d082aa24f35e1b516d23)  -> (artifact id: '93226f39637f16047e2e138ce4fb303d') in 0.002745 seconds
Number of updated asset objects reloaded before import = 0
Number of asset objects unloaded after import = 1
========================================================================
Received Import Request.
  Time since last request: 0.000027 seconds.
  path: Assets/URDF/welding_robot_description/meshes/link1_8.asset
  artifactKey: Guid(0b94fd91b068f2c38bb5d616048b8ad9) Importer(2089858483,0ecaa5967403d082aa24f35e1b516d23)
Start importing Assets/URDF/welding_robot_description/meshes/link1_8.asset using Guid(0b94fd91b068f2c38bb5d616048b8ad9) Importer(2089858483,0ecaa5967403d082aa24f35e1b516d23)  -> (artifact id: '6b0f79f276c335b716b9dff9a29f33bf') in 0.002499 seconds
Number of updated asset objects reloaded before import = 0
Number of asset objects unloaded after import = 1
========================================================================
Received Import Request.
  Time since last request: 0.000104 seconds.
  path: Assets/URDF/welding_robot_description/meshes/link2_3.asset
  artifactKey: Guid(3b512ddf85d6d64f18c71734bac8ad02) Importer(2089858483,0ecaa5967403d082aa24f35e1b516d23)
Start importing Assets/URDF/welding_robot_description/meshes/link2_3.asset using Guid(3b512ddf85d6d64f18c71734bac8ad02) Importer(2089858483,0ecaa5967403d082aa24f35e1b516d23)  -> (artifact id: '450ecdf6752a63b68d8992d77ab18209') in 0.002464 seconds
Number of updated asset objects reloaded before import = 0
Number of asset objects unloaded after import = 1
========================================================================
Received Import Request.
  Time since last request: 0.000019 seconds.
  path: Assets/URDF/welding_robot_description/meshes/base_link_4.asset
  artifactKey: Guid(c74e046798001da3c99846c7ce55688f) Importer(2089858483,0ecaa5967403d082aa24f35e1b516d23)
Start importing Assets/URDF/welding_robot_description/meshes/base_link_4.asset using Guid(c74e046798001da3c99846c7ce55688f) Importer(2089858483,0ecaa5967403d082aa24f35e1b516d23)  -> (artifact id: 'dc23b97914805f3c999c2cb694beb763') in 0.002519 seconds
Number of updated asset objects reloaded before import = 0
Number of asset objects unloaded after import = 1
========================================================================
Received Import Request.
  Time since last request: 0.000148 seconds.
  path: Assets/URDF/welding_robot_description/meshes/link1_2.asset
  artifactKey: Guid(6589d07f3c97ef83d861ed64e1262484) Importer(2089858483,0ecaa5967403d082aa24f35e1b516d23)
Start importing Assets/URDF/welding_robot_description/meshes/link1_2.asset using Guid(6589d07f3c97ef83d861ed64e1262484) Importer(2089858483,0ecaa5967403d082aa24f35e1b516d23)  -> (artifact id: 'd81fb1b6db622e333778660ae9888c11') in 0.003463 seconds
Number of updated asset objects reloaded before import = 0
Number of asset objects unloaded after import = 1
========================================================================
Received Prepare
Begin MonoManager ReloadAssembly
Symbol file LoadedFromMemory doesn't match image /home/lvquang/Desktop/test_unity/Library/PackageCache/com.unity.visualscripting@1.8.0/Editor/VisualScripting.Core/Dependencies/YamlDotNet/Unity.VisualScripting.YamlDotNet.dll
Symbol file LoadedFromMemory doesn't match image /home/lvquang/Desktop/test_unity/Library/PackageCache/com.unity.visualscripting@1.8.0/Editor/VisualScripting.Core/Dependencies/DotNetZip/Unity.VisualScripting.IonicZip.dll
- Loaded All Assemblies, in  0.678 seconds
Refreshing native plugins compatible for Editor in 3.10 ms, found 2 plugins.
Native extension for LinuxStandalone target not found
Native extension for WebGL target not found
Mono: successfully reloaded assembly
- Finished resetting the current domain, in  0.811 seconds
Domain Reload Profiling: 1488ms
	BeginReloadAssembly (155ms)
		ExecutionOrderSort (0ms)
		DisableScriptedObjects (8ms)
		BackupInstance (0ms)
		ReleaseScriptingObjects (0ms)
		CreateAndSetChildDomain (47ms)
	RebuildCommonClasses (34ms)
	RebuildNativeTypeToScriptingClass (8ms)
	initialDomainReloadingComplete (38ms)
	LoadAllAssembliesAndSetupDomain (441ms)
		LoadAssemblies (237ms)
		RebuildTransferFunctionScriptingTraits (0ms)
		AnalyzeDomain (264ms)
			TypeCache.Refresh (259ms)
				TypeCache.ScanAssembly (248ms)
			ScanForSourceGeneratedMonoScriptInfo (0ms)
			ResolveRequiredComponents (5ms)
	FinalizeReload (812ms)
		ReleaseScriptCaches (0ms)
		RebuildScriptCaches (0ms)
		SetupLoadedEditorAssemblies (503ms)
			LogAssemblyErrors (0ms)
			InitializePlatformSupportModulesInManaged (11ms)
			SetLoadedEditorAssemblies (6ms)
			RefreshPlugins (0ms)
			BeforeProcessingInitializeOnLoad (83ms)
			ProcessInitializeOnLoadAttributes (340ms)
			ProcessInitializeOnLoadMethodAttributes (57ms)
			AfterProcessingInitializeOnLoad (6ms)
			EditorAssembliesLoaded (0ms)
		ExecutionOrderSort2 (0ms)
		AwakeInstancesAfterBackupRestoration (7ms)
Refreshing native plugins compatible for Editor in 3.32 ms, found 2 plugins.
Preloading 0 native plugins for Editor in 0.00 ms.
Unloading 3397 Unused Serialized files (Serialized files now loaded: 0)
Unloading 30 unused Assets / (34.8 KB). Loaded Objects now: 3905.
Memory consumption went from 119.4 MB to 119.4 MB.
Total: 4.413969 ms (FindLiveObjects: 0.536521 ms CreateObjectMapping: 0.169505 ms MarkObjects: 3.641943 ms  DeleteObjects: 0.058317 ms)

Prepare: number of updated asset objects reloaded= 0
AssetImportParameters requested are different than current active one (requested -> active):
  custom:container-demuxer-ogg: 62fdf1f143b41e24485cea50d1cbac27 -> 
  custom:video-decoder-ogg-theora: a1e56fd34408186e4bbccfd4996cb3dc -> 
  custom:container-demuxer-webm: 4f35f7cbe854078d1ac9338744f61a02 -> 
  custom:container-muxer-webm: aa71ff27fc2769a1b78a27578f13a17b -> 
  custom:video-decoder-webm-vp8: 9c59270c3fd7afecdb556c50c9e8de78 -> 
  custom:SearchIndexIgnoredProperties: e643bd26f0fe6173181afceb89e7c659 -> 
  custom:AudioImporter_EditorPlatform: 2f0ff77a95e0ac474e3e8eeba4e2f7cb -> 
  custom:video-encoder-webm-vp8: eb34c28f22e8b96e1ab97ce403110664 -> 
  custom:audio-decoder-ogg-vorbis: bf7c407c2cedff20999df2af8eb42d56 -> 
  custom:audio-encoder-webm-vorbis: bf7c407c2cedff20999df2af8eb42d56 -> 
========================================================================
Received Prepare
Begin MonoManager ReloadAssembly
Symbol file LoadedFromMemory doesn't match image /home/lvquang/Desktop/test_unity/Library/PackageCache/com.unity.visualscripting@1.8.0/Editor/VisualScripting.Core/Dependencies/YamlDotNet/Unity.VisualScripting.YamlDotNet.dll
Symbol file LoadedFromMemory doesn't match image /home/lvquang/Desktop/test_unity/Library/PackageCache/com.unity.visualscripting@1.8.0/Editor/VisualScripting.Core/Dependencies/DotNetZip/Unity.VisualScripting.IonicZip.dll
- Loaded All Assemblies, in  0.671 seconds
Refreshing native plugins compatible for Editor in 3.34 ms, found 2 plugins.
Native extension for LinuxStandalone target not found
Native extension for WebGL target not found
Mono: successfully reloaded assembly
- Finished resetting the current domain, in  0.798 seconds
Domain Reload Profiling: 1467ms
	BeginReloadAssembly (141ms)
		ExecutionOrderSort (0ms)
		DisableScriptedObjects (9ms)
		BackupInstance (0ms)
		ReleaseScriptingObjects (0ms)
		CreateAndSetChildDomain (36ms)
	RebuildCommonClasses (34ms)
	RebuildNativeTypeToScriptingClass (8ms)
	initialDomainReloadingComplete (37ms)
	LoadAllAssembliesAndSetupDomain (448ms)
		LoadAssemblies (236ms)
		RebuildTransferFunctionScriptingTraits (0ms)
		AnalyzeDomain (269ms)
			TypeCache.Refresh (264ms)
				TypeCache.ScanAssembly (253ms)
			ScanForSourceGeneratedMonoScriptInfo (0ms)
			ResolveRequiredComponents (5ms)
	FinalizeReload (798ms)
		ReleaseScriptCaches (0ms)
		RebuildScriptCaches (0ms)
		SetupLoadedEditorAssemblies (474ms)
			LogAssemblyErrors (0ms)
			InitializePlatformSupportModulesInManaged (10ms)
			SetLoadedEditorAssemblies (5ms)
			RefreshPlugins (0ms)
			BeforeProcessingInitializeOnLoad (72ms)
			ProcessInitializeOnLoadAttributes (329ms)
			ProcessInitializeOnLoadMethodAttributes (53ms)
			AfterProcessingInitializeOnLoad (6ms)
			EditorAssembliesLoaded (0ms)
		ExecutionOrderSort2 (0ms)
		AwakeInstancesAfterBackupRestoration (7ms)
Refreshing native plugins compatible for Editor in 3.30 ms, found 2 plugins.
Preloading 0 native plugins for Editor in 0.00 ms.
Unloading 3398 Unused Serialized files (Serialized files now loaded: 0)
Unloading 30 unused Assets / (36.0 KB). Loaded Objects now: 3908.
Memory consumption went from 119.7 MB to 119.7 MB.
Total: 4.427867 ms (FindLiveObjects: 0.416952 ms CreateObjectMapping: 0.326927 ms MarkObjects: 3.622387 ms  DeleteObjects: 0.055314 ms)

Prepare: number of updated asset objects reloaded= 0
AssetImportParameters requested are different than current active one (requested -> active):
  custom:container-demuxer-ogg: 62fdf1f143b41e24485cea50d1cbac27 -> 
  custom:video-decoder-ogg-theora: a1e56fd34408186e4bbccfd4996cb3dc -> 
  custom:container-demuxer-webm: 4f35f7cbe854078d1ac9338744f61a02 -> 
  custom:container-muxer-webm: aa71ff27fc2769a1b78a27578f13a17b -> 
  custom:video-decoder-webm-vp8: 9c59270c3fd7afecdb556c50c9e8de78 -> 
  custom:SearchIndexIgnoredProperties: e643bd26f0fe6173181afceb89e7c659 -> 
  custom:AudioImporter_EditorPlatform: 2f0ff77a95e0ac474e3e8eeba4e2f7cb -> 
  custom:video-encoder-webm-vp8: eb34c28f22e8b96e1ab97ce403110664 -> 
  custom:audio-decoder-ogg-vorbis: bf7c407c2cedff20999df2af8eb42d56 -> 
  custom:audio-encoder-webm-vorbis: bf7c407c2cedff20999df2af8eb42d56 -> 
========================================================================
Received Prepare
Begin MonoManager ReloadAssembly
Symbol file LoadedFromMemory doesn't match image /home/lvquang/Desktop/test_unity/Library/PackageCache/com.unity.visualscripting@1.8.0/Editor/VisualScripting.Core/Dependencies/YamlDotNet/Unity.VisualScripting.YamlDotNet.dll
Symbol file LoadedFromMemory doesn't match image /home/lvquang/Desktop/test_unity/Library/PackageCache/com.unity.visualscripting@1.8.0/Editor/VisualScripting.Core/Dependencies/DotNetZip/Unity.VisualScripting.IonicZip.dll
- Loaded All Assemblies, in  0.681 seconds
Refreshing native plugins compatible for Editor in 4.04 ms, found 2 plugins.
Native extension for LinuxStandalone target not found
Native extension for WebGL target not found
Mono: successfully reloaded assembly
- Finished resetting the current domain, in  0.821 seconds
Domain Reload Profiling: 1501ms
	BeginReloadAssembly (143ms)
		ExecutionOrderSort (0ms)
		DisableScriptedObjects (9ms)
		BackupInstance (0ms)
		ReleaseScriptingObjects (0ms)
		CreateAndSetChildDomain (39ms)
	RebuildCommonClasses (35ms)
	RebuildNativeTypeToScriptingClass (8ms)
	initialDomainReloadingComplete (38ms)
	LoadAllAssembliesAndSetupDomain (456ms)
		LoadAssemblies (244ms)
		RebuildTransferFunctionScriptingTraits (0ms)
		AnalyzeDomain (269ms)
			TypeCache.Refresh (262ms)
				TypeCache.ScanAssembly (251ms)
			ScanForSourceGeneratedMonoScriptInfo (0ms)
			ResolveRequiredComponents (6ms)
	FinalizeReload (822ms)
		ReleaseScriptCaches (0ms)
		RebuildScriptCaches (0ms)
		SetupLoadedEditorAssemblies (500ms)
			LogAssemblyErrors (0ms)
			InitializePlatformSupportModulesInManaged (10ms)
			SetLoadedEditorAssemblies (5ms)
			RefreshPlugins (0ms)
			BeforeProcessingInitializeOnLoad (71ms)
			ProcessInitializeOnLoadAttributes (346ms)
			ProcessInitializeOnLoadMethodAttributes (62ms)
			AfterProcessingInitializeOnLoad (6ms)
			EditorAssembliesLoaded (0ms)
		ExecutionOrderSort2 (0ms)
		AwakeInstancesAfterBackupRestoration (7ms)
Refreshing native plugins compatible for Editor in 3.28 ms, found 2 plugins.
Preloading 0 native plugins for Editor in 0.00 ms.
Unloading 3398 Unused Serialized files (Serialized files now loaded: 0)
Unloading 30 unused Assets / (34.9 KB). Loaded Objects now: 3911.
Memory consumption went from 119.7 MB to 119.7 MB.
Total: 4.059803 ms (FindLiveObjects: 0.319035 ms CreateObjectMapping: 0.186895 ms MarkObjects: 3.490318 ms  DeleteObjects: 0.054965 ms)

Prepare: number of updated asset objects reloaded= 0
AssetImportParameters requested are different than current active one (requested -> active):
  custom:container-demuxer-ogg: 62fdf1f143b41e24485cea50d1cbac27 -> 
  custom:video-decoder-ogg-theora: a1e56fd34408186e4bbccfd4996cb3dc -> 
  custom:container-demuxer-webm: 4f35f7cbe854078d1ac9338744f61a02 -> 
  custom:container-muxer-webm: aa71ff27fc2769a1b78a27578f13a17b -> 
  custom:video-decoder-webm-vp8: 9c59270c3fd7afecdb556c50c9e8de78 -> 
  custom:SearchIndexIgnoredProperties: e643bd26f0fe6173181afceb89e7c659 -> 
  custom:AudioImporter_EditorPlatform: 2f0ff77a95e0ac474e3e8eeba4e2f7cb -> 
  custom:video-encoder-webm-vp8: eb34c28f22e8b96e1ab97ce403110664 -> 
  custom:audio-decoder-ogg-vorbis: bf7c407c2cedff20999df2af8eb42d56 -> 
  custom:audio-encoder-webm-vorbis: bf7c407c2cedff20999df2af8eb42d56 -> 
========================================================================
Received Prepare
Begin MonoManager ReloadAssembly
Symbol file LoadedFromMemory doesn't match image /home/lvquang/Desktop/test_unity/Library/PackageCache/com.unity.visualscripting@1.8.0/Editor/VisualScripting.Core/Dependencies/YamlDotNet/Unity.VisualScripting.YamlDotNet.dll
Symbol file LoadedFromMemory doesn't match image /home/lvquang/Desktop/test_unity/Library/PackageCache/com.unity.visualscripting@1.8.0/Editor/VisualScripting.Core/Dependencies/DotNetZip/Unity.VisualScripting.IonicZip.dll
- Loaded All Assemblies, in  0.677 seconds
Refreshing native plugins compatible for Editor in 3.25 ms, found 2 plugins.
Native extension for LinuxStandalone target not found
Native extension for WebGL target not found
Mono: successfully reloaded assembly
- Finished resetting the current domain, in  0.817 seconds
Domain Reload Profiling: 1492ms
	BeginReloadAssembly (146ms)
		ExecutionOrderSort (0ms)
		DisableScriptedObjects (9ms)
		BackupInstance (0ms)
		ReleaseScriptingObjects (0ms)
		CreateAndSetChildDomain (38ms)
	RebuildCommonClasses (34ms)
	RebuildNativeTypeToScriptingClass (8ms)
	initialDomainReloadingComplete (38ms)
	LoadAllAssembliesAndSetupDomain (449ms)
		LoadAssemblies (242ms)
		RebuildTransferFunctionScriptingTraits (0ms)
		AnalyzeDomain (266ms)
			TypeCache.Refresh (260ms)
				TypeCache.ScanAssembly (250ms)
			ScanForSourceGeneratedMonoScriptInfo (0ms)
			ResolveRequiredComponents (5ms)
	FinalizeReload (817ms)
		ReleaseScriptCaches (0ms)
		RebuildScriptCaches (0ms)
		SetupLoadedEditorAssemblies (493ms)
			LogAssemblyErrors (0ms)
			InitializePlatformSupportModulesInManaged (10ms)
			SetLoadedEditorAssemblies (5ms)
			RefreshPlugins (0ms)
			BeforeProcessingInitializeOnLoad (71ms)
			ProcessInitializeOnLoadAttributes (345ms)
			ProcessInitializeOnLoadMethodAttributes (56ms)
			AfterProcessingInitializeOnLoad (6ms)
			EditorAssembliesLoaded (0ms)
		ExecutionOrderSort2 (0ms)
		AwakeInstancesAfterBackupRestoration (7ms)
Refreshing native plugins compatible for Editor in 3.21 ms, found 2 plugins.
Preloading 0 native plugins for Editor in 0.00 ms.
Unloading 3398 Unused Serialized files (Serialized files now loaded: 0)
Unloading 30 unused Assets / (35.8 KB). Loaded Objects now: 3914.
Memory consumption went from 119.7 MB to 119.7 MB.
Total: 4.180420 ms (FindLiveObjects: 0.328743 ms CreateObjectMapping: 0.111886 ms MarkObjects: 3.661708 ms  DeleteObjects: 0.069422 ms)

Prepare: number of updated asset objects reloaded= 0
AssetImportParameters requested are different than current active one (requested -> active):
  custom:container-demuxer-ogg: 62fdf1f143b41e24485cea50d1cbac27 -> 
  custom:video-decoder-ogg-theora: a1e56fd34408186e4bbccfd4996cb3dc -> 
  custom:container-demuxer-webm: 4f35f7cbe854078d1ac9338744f61a02 -> 
  custom:container-muxer-webm: aa71ff27fc2769a1b78a27578f13a17b -> 
  custom:video-decoder-webm-vp8: 9c59270c3fd7afecdb556c50c9e8de78 -> 
  custom:SearchIndexIgnoredProperties: e643bd26f0fe6173181afceb89e7c659 -> 
  custom:AudioImporter_EditorPlatform: 2f0ff77a95e0ac474e3e8eeba4e2f7cb -> 
  custom:video-encoder-webm-vp8: eb34c28f22e8b96e1ab97ce403110664 -> 
  custom:audio-decoder-ogg-vorbis: bf7c407c2cedff20999df2af8eb42d56 -> 
  custom:audio-encoder-webm-vorbis: bf7c407c2cedff20999df2af8eb42d56 -> 
========================================================================
Received Prepare
Begin MonoManager ReloadAssembly
Symbol file LoadedFromMemory doesn't match image /home/lvquang/Desktop/test_unity/Library/PackageCache/com.unity.visualscripting@1.8.0/Editor/VisualScripting.Core/Dependencies/YamlDotNet/Unity.VisualScripting.YamlDotNet.dll
Symbol file LoadedFromMemory doesn't match image /home/lvquang/Desktop/test_unity/Library/PackageCache/com.unity.visualscripting@1.8.0/Editor/VisualScripting.Core/Dependencies/DotNetZip/Unity.VisualScripting.IonicZip.dll
- Loaded All Assemblies, in  0.662 seconds
Refreshing native plugins compatible for Editor in 3.15 ms, found 2 plugins.
Native extension for LinuxStandalone target not found
Native extension for WebGL target not found
Mono: successfully reloaded assembly
- Finished resetting the current domain, in  0.779 seconds
Domain Reload Profiling: 1440ms
	BeginReloadAssembly (148ms)
		ExecutionOrderSort (0ms)
		DisableScriptedObjects (10ms)
		BackupInstance (0ms)
		ReleaseScriptingObjects (0ms)
		CreateAndSetChildDomain (43ms)
	RebuildCommonClasses (34ms)
	RebuildNativeTypeToScriptingClass (8ms)
	initialDomainReloadingComplete (37ms)
	LoadAllAssembliesAndSetupDomain (433ms)
		LoadAssemblies (229ms)
		RebuildTransferFunctionScriptingTraits (0ms)
		AnalyzeDomain (260ms)
			TypeCache.Refresh (255ms)
				TypeCache.ScanAssembly (245ms)
			ScanForSourceGeneratedMonoScriptInfo (0ms)
			ResolveRequiredComponents (5ms)
	FinalizeReload (780ms)
		ReleaseScriptCaches (0ms)
		RebuildScriptCaches (0ms)
		SetupLoadedEditorAssemblies (463ms)
			LogAssemblyErrors (0ms)
			InitializePlatformSupportModulesInManaged (9ms)
			SetLoadedEditorAssemblies (5ms)
			RefreshPlugins (0ms)
			BeforeProcessingInitializeOnLoad (72ms)
			ProcessInitializeOnLoadAttributes (319ms)
			ProcessInitializeOnLoadMethodAttributes (52ms)
			AfterProcessingInitializeOnLoad (5ms)
			EditorAssembliesLoaded (0ms)
		ExecutionOrderSort2 (0ms)
		AwakeInstancesAfterBackupRestoration (6ms)
Refreshing native plugins compatible for Editor in 3.19 ms, found 2 plugins.
Preloading 0 native plugins for Editor in 0.00 ms.
Unloading 3398 Unused Serialized files (Serialized files now loaded: 0)
Unloading 30 unused Assets / (34.9 KB). Loaded Objects now: 3917.
Memory consumption went from 119.7 MB to 119.7 MB.
Total: 4.030261 ms (FindLiveObjects: 0.262743 ms CreateObjectMapping: 0.122222 ms MarkObjects: 3.546680 ms  DeleteObjects: 0.091143 ms)

Prepare: number of updated asset objects reloaded= 0
AssetImportParameters requested are different than current active one (requested -> active):
  custom:container-demuxer-ogg: 62fdf1f143b41e24485cea50d1cbac27 -> 
  custom:video-decoder-ogg-theora: a1e56fd34408186e4bbccfd4996cb3dc -> 
  custom:container-demuxer-webm: 4f35f7cbe854078d1ac9338744f61a02 -> 
  custom:container-muxer-webm: aa71ff27fc2769a1b78a27578f13a17b -> 
  custom:video-decoder-webm-vp8: 9c59270c3fd7afecdb556c50c9e8de78 -> 
  custom:SearchIndexIgnoredProperties: e643bd26f0fe6173181afceb89e7c659 -> 
  custom:AudioImporter_EditorPlatform: 2f0ff77a95e0ac474e3e8eeba4e2f7cb -> 
  custom:video-encoder-webm-vp8: eb34c28f22e8b96e1ab97ce403110664 -> 
  custom:audio-decoder-ogg-vorbis: bf7c407c2cedff20999df2af8eb42d56 -> 
  custom:audio-encoder-webm-vorbis: bf7c407c2cedff20999df2af8eb42d56 -> 
========================================================================
Received Prepare
Begin MonoManager ReloadAssembly
Symbol file LoadedFromMemory doesn't match image /home/lvquang/Desktop/test_unity/Library/PackageCache/com.unity.visualscripting@1.8.0/Editor/VisualScripting.Core/Dependencies/YamlDotNet/Unity.VisualScripting.YamlDotNet.dll
Symbol file LoadedFromMemory doesn't match image /home/lvquang/Desktop/test_unity/Library/PackageCache/com.unity.visualscripting@1.8.0/Editor/VisualScripting.Core/Dependencies/DotNetZip/Unity.VisualScripting.IonicZip.dll
- Loaded All Assemblies, in  0.680 seconds
Refreshing native plugins compatible for Editor in 4.06 ms, found 2 plugins.
Native extension for LinuxStandalone target not found
Native extension for WebGL target not found
Mono: successfully reloaded assembly
- Finished resetting the current domain, in  0.773 seconds
Domain Reload Profiling: 1451ms
	BeginReloadAssembly (146ms)
		ExecutionOrderSort (0ms)
		DisableScriptedObjects (9ms)
		BackupInstance (0ms)
		ReleaseScriptingObjects (0ms)
		CreateAndSetChildDomain (38ms)
	RebuildCommonClasses (35ms)
	RebuildNativeTypeToScriptingClass (8ms)
	initialDomainReloadingComplete (37ms)
	LoadAllAssembliesAndSetupDomain (453ms)
		LoadAssemblies (232ms)
		RebuildTransferFunctionScriptingTraits (0ms)
		AnalyzeDomain (279ms)
			TypeCache.Refresh (272ms)
				TypeCache.ScanAssembly (261ms)
			ScanForSourceGeneratedMonoScriptInfo (0ms)
			ResolveRequiredComponents (6ms)
	FinalizeReload (773ms)
		ReleaseScriptCaches (0ms)
		RebuildScriptCaches (0ms)
		SetupLoadedEditorAssemblies (464ms)
			LogAssemblyErrors (0ms)
			InitializePlatformSupportModulesInManaged (9ms)
			SetLoadedEditorAssemblies (5ms)
			RefreshPlugins (0ms)
			BeforeProcessingInitializeOnLoad (71ms)
			ProcessInitializeOnLoadAttributes (321ms)
			ProcessInitializeOnLoadMethodAttributes (53ms)
			AfterProcessingInitializeOnLoad (5ms)
			EditorAssembliesLoaded (0ms)
		ExecutionOrderSort2 (0ms)
		AwakeInstancesAfterBackupRestoration (6ms)
Refreshing native plugins compatible for Editor in 3.42 ms, found 2 plugins.
Preloading 0 native plugins for Editor in 0.00 ms.
Unloading 3398 Unused Serialized files (Serialized files now loaded: 0)
Unloading 30 unused Assets / (34.8 KB). Loaded Objects now: 3920.
Memory consumption went from 119.7 MB to 119.7 MB.
Total: 4.577747 ms (FindLiveObjects: 0.372742 ms CreateObjectMapping: 0.170972 ms MarkObjects: 3.967822 ms  DeleteObjects: 0.059086 ms)

Prepare: number of updated asset objects reloaded= 0
AssetImportParameters requested are different than current active one (requested -> active):
  custom:container-demuxer-ogg: 62fdf1f143b41e24485cea50d1cbac27 -> 
  custom:video-decoder-ogg-theora: a1e56fd34408186e4bbccfd4996cb3dc -> 
  custom:container-demuxer-webm: 4f35f7cbe854078d1ac9338744f61a02 -> 
  custom:container-muxer-webm: aa71ff27fc2769a1b78a27578f13a17b -> 
  custom:video-decoder-webm-vp8: 9c59270c3fd7afecdb556c50c9e8de78 -> 
  custom:SearchIndexIgnoredProperties: e643bd26f0fe6173181afceb89e7c659 -> 
  custom:AudioImporter_EditorPlatform: 2f0ff77a95e0ac474e3e8eeba4e2f7cb -> 
  custom:video-encoder-webm-vp8: eb34c28f22e8b96e1ab97ce403110664 -> 
  custom:audio-decoder-ogg-vorbis: bf7c407c2cedff20999df2af8eb42d56 -> 
  custom:audio-encoder-webm-vorbis: bf7c407c2cedff20999df2af8eb42d56 -> 
========================================================================
Received Prepare
Begin MonoManager ReloadAssembly
Symbol file LoadedFromMemory doesn't match image /home/lvquang/Desktop/test_unity/Library/PackageCache/com.unity.visualscripting@1.8.0/Editor/VisualScripting.Core/Dependencies/YamlDotNet/Unity.VisualScripting.YamlDotNet.dll
Symbol file LoadedFromMemory doesn't match image /home/lvquang/Desktop/test_unity/Library/PackageCache/com.unity.visualscripting@1.8.0/Editor/VisualScripting.Core/Dependencies/DotNetZip/Unity.VisualScripting.IonicZip.dll
- Loaded All Assemblies, in  0.677 seconds
Refreshing native plugins compatible for Editor in 3.37 ms, found 2 plugins.
Native extension for LinuxStandalone target not found
Native extension for WebGL target not found
Mono: successfully reloaded assembly
- Finished resetting the current domain, in  0.819 seconds
Domain Reload Profiling: 1495ms
	BeginReloadAssembly (153ms)
		ExecutionOrderSort (0ms)
		DisableScriptedObjects (11ms)
		BackupInstance (0ms)
		ReleaseScriptingObjects (0ms)
		CreateAndSetChildDomain (42ms)
	RebuildCommonClasses (36ms)
	RebuildNativeTypeToScriptingClass (8ms)
	initialDomainReloadingComplete (38ms)
	LoadAllAssembliesAndSetupDomain (440ms)
		LoadAssemblies (235ms)
		RebuildTransferFunctionScriptingTraits (0ms)
		AnalyzeDomain (263ms)
			TypeCache.Refresh (258ms)
				TypeCache.ScanAssembly (248ms)
			ScanForSourceGeneratedMonoScriptInfo (0ms)
			ResolveRequiredComponents (6ms)
	FinalizeReload (819ms)
		ReleaseScriptCaches (0ms)
		RebuildScriptCaches (0ms)
		SetupLoadedEditorAssemblies (491ms)
			LogAssemblyErrors (0ms)
			InitializePlatformSupportModulesInManaged (11ms)
			SetLoadedEditorAssemblies (6ms)
			RefreshPlugins (0ms)
			BeforeProcessingInitializeOnLoad (75ms)
			ProcessInitializeOnLoadAttributes (337ms)
			ProcessInitializeOnLoadMethodAttributes (57ms)
			AfterProcessingInitializeOnLoad (5ms)
			EditorAssembliesLoaded (0ms)
		ExecutionOrderSort2 (0ms)
		AwakeInstancesAfterBackupRestoration (7ms)
Refreshing native plugins compatible for Editor in 3.51 ms, found 2 plugins.
Preloading 0 native plugins for Editor in 0.00 ms.
Unloading 3398 Unused Serialized files (Serialized files now loaded: 0)
Unloading 30 unused Assets / (34.8 KB). Loaded Objects now: 3923.
Memory consumption went from 119.7 MB to 119.7 MB.
Total: 7.263912 ms (FindLiveObjects: 0.584153 ms CreateObjectMapping: 0.278597 ms MarkObjects: 6.321125 ms  DeleteObjects: 0.071797 ms)

Prepare: number of updated asset objects reloaded= 0
AssetImportParameters requested are different than current active one (requested -> active):
  custom:container-demuxer-ogg: 62fdf1f143b41e24485cea50d1cbac27 -> 
  custom:video-decoder-ogg-theora: a1e56fd34408186e4bbccfd4996cb3dc -> 
  custom:container-demuxer-webm: 4f35f7cbe854078d1ac9338744f61a02 -> 
  custom:container-muxer-webm: aa71ff27fc2769a1b78a27578f13a17b -> 
  custom:video-decoder-webm-vp8: 9c59270c3fd7afecdb556c50c9e8de78 -> 
  custom:SearchIndexIgnoredProperties: e643bd26f0fe6173181afceb89e7c659 -> 
  custom:AudioImporter_EditorPlatform: 2f0ff77a95e0ac474e3e8eeba4e2f7cb -> 
  custom:video-encoder-webm-vp8: eb34c28f22e8b96e1ab97ce403110664 -> 
  custom:audio-decoder-ogg-vorbis: bf7c407c2cedff20999df2af8eb42d56 -> 
  custom:audio-encoder-webm-vorbis: bf7c407c2cedff20999df2af8eb42d56 -> 
========================================================================
Received Prepare
Begin MonoManager ReloadAssembly
Symbol file LoadedFromMemory doesn't match image /home/lvquang/Desktop/test_unity/Library/PackageCache/com.unity.visualscripting@1.8.0/Editor/VisualScripting.Core/Dependencies/YamlDotNet/Unity.VisualScripting.YamlDotNet.dll
Symbol file LoadedFromMemory doesn't match image /home/lvquang/Desktop/test_unity/Library/PackageCache/com.unity.visualscripting@1.8.0/Editor/VisualScripting.Core/Dependencies/DotNetZip/Unity.VisualScripting.IonicZip.dll
- Loaded All Assemblies, in  0.698 seconds
Refreshing native plugins compatible for Editor in 3.17 ms, found 2 plugins.
Native extension for LinuxStandalone target not found
Native extension for WebGL target not found
Mono: successfully reloaded assembly
- Finished resetting the current domain, in  0.828 seconds
Domain Reload Profiling: 1525ms
	BeginReloadAssembly (153ms)
		ExecutionOrderSort (0ms)
		DisableScriptedObjects (9ms)
		BackupInstance (0ms)
		ReleaseScriptingObjects (0ms)
		CreateAndSetChildDomain (41ms)
	RebuildCommonClasses (36ms)
	RebuildNativeTypeToScriptingClass (8ms)
	initialDomainReloadingComplete (39ms)
	LoadAllAssembliesAndSetupDomain (460ms)
		LoadAssemblies (244ms)
		RebuildTransferFunctionScriptingTraits (0ms)
		AnalyzeDomain (276ms)
			TypeCache.Refresh (270ms)
				TypeCache.ScanAssembly (260ms)
			ScanForSourceGeneratedMonoScriptInfo (0ms)
			ResolveRequiredComponents (5ms)
	FinalizeReload (828ms)
		ReleaseScriptCaches (0ms)
		RebuildScriptCaches (0ms)
		SetupLoadedEditorAssemblies (512ms)
			LogAssemblyErrors (0ms)
			InitializePlatformSupportModulesInManaged (12ms)
			SetLoadedEditorAssemblies (6ms)
			RefreshPlugins (0ms)
			BeforeProcessingInitializeOnLoad (88ms)
			ProcessInitializeOnLoadAttributes (343ms)
			ProcessInitializeOnLoadMethodAttributes (56ms)
			AfterProcessingInitializeOnLoad (5ms)
			EditorAssembliesLoaded (0ms)
		ExecutionOrderSort2 (0ms)
		AwakeInstancesAfterBackupRestoration (6ms)
Refreshing native plugins compatible for Editor in 3.30 ms, found 2 plugins.
Preloading 0 native plugins for Editor in 0.00 ms.
Unloading 3398 Unused Serialized files (Serialized files now loaded: 0)
Unloading 30 unused Assets / (35.0 KB). Loaded Objects now: 3926.
Memory consumption went from 119.7 MB to 119.7 MB.
Total: 4.095702 ms (FindLiveObjects: 0.308210 ms CreateObjectMapping: 0.126832 ms MarkObjects: 3.599619 ms  DeleteObjects: 0.053848 ms)

Prepare: number of updated asset objects reloaded= 0
AssetImportParameters requested are different than current active one (requested -> active):
  custom:container-demuxer-ogg: 62fdf1f143b41e24485cea50d1cbac27 -> 
  custom:video-decoder-ogg-theora: a1e56fd34408186e4bbccfd4996cb3dc -> 
  custom:container-demuxer-webm: 4f35f7cbe854078d1ac9338744f61a02 -> 
  custom:container-muxer-webm: aa71ff27fc2769a1b78a27578f13a17b -> 
  custom:video-decoder-webm-vp8: 9c59270c3fd7afecdb556c50c9e8de78 -> 
  custom:SearchIndexIgnoredProperties: e643bd26f0fe6173181afceb89e7c659 -> 
  custom:AudioImporter_EditorPlatform: 2f0ff77a95e0ac474e3e8eeba4e2f7cb -> 
  custom:video-encoder-webm-vp8: eb34c28f22e8b96e1ab97ce403110664 -> 
  custom:audio-decoder-ogg-vorbis: bf7c407c2cedff20999df2af8eb42d56 -> 
  custom:audio-encoder-webm-vorbis: bf7c407c2cedff20999df2af8eb42d56 -> 
========================================================================
Received Prepare
Begin MonoManager ReloadAssembly
Symbol file LoadedFromMemory doesn't match image /home/lvquang/Desktop/test_unity/Library/PackageCache/com.unity.visualscripting@1.8.0/Editor/VisualScripting.Core/Dependencies/YamlDotNet/Unity.VisualScripting.YamlDotNet.dll
Symbol file LoadedFromMemory doesn't match image /home/lvquang/Desktop/test_unity/Library/PackageCache/com.unity.visualscripting@1.8.0/Editor/VisualScripting.Core/Dependencies/DotNetZip/Unity.VisualScripting.IonicZip.dll
- Loaded All Assemblies, in  0.670 seconds
Refreshing native plugins compatible for Editor in 3.28 ms, found 2 plugins.
Native extension for LinuxStandalone target not found
Native extension for WebGL target not found
Mono: successfully reloaded assembly
- Finished resetting the current domain, in  0.801 seconds
Domain Reload Profiling: 1469ms
	BeginReloadAssembly (148ms)
		ExecutionOrderSort (0ms)
		DisableScriptedObjects (9ms)
		BackupInstance (0ms)
		ReleaseScriptingObjects (0ms)
		CreateAndSetChildDomain (39ms)
	RebuildCommonClasses (34ms)
	RebuildNativeTypeToScriptingClass (8ms)
	initialDomainReloadingComplete (37ms)
	LoadAllAssembliesAndSetupDomain (440ms)
		LoadAssemblies (236ms)
		RebuildTransferFunctionScriptingTraits (0ms)
		AnalyzeDomain (263ms)
			TypeCache.Refresh (258ms)
				TypeCache.ScanAssembly (248ms)
			ScanForSourceGeneratedMonoScriptInfo (0ms)
			ResolveRequiredComponents (5ms)
	FinalizeReload (801ms)
		ReleaseScriptCaches (0ms)
		RebuildScriptCaches (0ms)
		SetupLoadedEditorAssemblies (489ms)
			LogAssemblyErrors (0ms)
			InitializePlatformSupportModulesInManaged (10ms)
			SetLoadedEditorAssemblies (5ms)
			RefreshPlugins (0ms)
			BeforeProcessingInitializeOnLoad (75ms)
			ProcessInitializeOnLoadAttributes (339ms)
			ProcessInitializeOnLoadMethodAttributes (54ms)
			AfterProcessingInitializeOnLoad (5ms)
			EditorAssembliesLoaded (0ms)
		ExecutionOrderSort2 (0ms)
		AwakeInstancesAfterBackupRestoration (6ms)
Refreshing native plugins compatible for Editor in 4.42 ms, found 2 plugins.
Preloading 0 native plugins for Editor in 0.00 ms.
Unloading 3398 Unused Serialized files (Serialized files now loaded: 0)
Unloading 30 unused Assets / (35.0 KB). Loaded Objects now: 3929.
Memory consumption went from 119.7 MB to 119.7 MB.
Total: 4.025581 ms (FindLiveObjects: 0.359404 ms CreateObjectMapping: 0.110769 ms MarkObjects: 3.421314 ms  DeleteObjects: 0.126412 ms)

Prepare: number of updated asset objects reloaded= 0
AssetImportParameters requested are different than current active one (requested -> active):
  custom:container-demuxer-ogg: 62fdf1f143b41e24485cea50d1cbac27 -> 
  custom:video-decoder-ogg-theora: a1e56fd34408186e4bbccfd4996cb3dc -> 
  custom:container-demuxer-webm: 4f35f7cbe854078d1ac9338744f61a02 -> 
  custom:container-muxer-webm: aa71ff27fc2769a1b78a27578f13a17b -> 
  custom:video-decoder-webm-vp8: 9c59270c3fd7afecdb556c50c9e8de78 -> 
  custom:SearchIndexIgnoredProperties: e643bd26f0fe6173181afceb89e7c659 -> 
  custom:AudioImporter_EditorPlatform: 2f0ff77a95e0ac474e3e8eeba4e2f7cb -> 
  custom:video-encoder-webm-vp8: eb34c28f22e8b96e1ab97ce403110664 -> 
  custom:audio-decoder-ogg-vorbis: bf7c407c2cedff20999df2af8eb42d56 -> 
  custom:audio-encoder-webm-vorbis: bf7c407c2cedff20999df2af8eb42d56 -> 
========================================================================
Received Import Request.
  Time since last request: 2564.340155 seconds.
  path: Assets/Scripts
  artifactKey: Guid(2a01c0b24b2831d84b4a363965f4f52e) Importer(815301076,1909f56bfc062723c751e8b465ee728b)
Start importing Assets/Scripts using Guid(2a01c0b24b2831d84b4a363965f4f52e) Importer(815301076,1909f56bfc062723c751e8b465ee728b)  -> (artifact id: 'e9b9301a1a7b27adbc1daffc7d9375b5') in 0.002811 seconds
Number of updated asset objects reloaded before import = 0
Number of asset objects unloaded after import = 0
========================================================================
Received Import Request.
  Time since last request: 20.901481 seconds.
  path: Assets/Scripts/JointStateSub.cs
  artifactKey: Guid(dab0490b084d98c48aa67abe3a474489) Importer(815301076,1909f56bfc062723c751e8b465ee728b)
Start importing Assets/Scripts/JointStateSub.cs using Guid(dab0490b084d98c48aa67abe3a474489) Importer(815301076,1909f56bfc062723c751e8b465ee728b)  -> (artifact id: '34c0d1c6102f994bf5ff03a15b489190') in 0.000956 seconds
Number of updated asset objects reloaded before import = 0
Number of asset objects unloaded after import = 0
========================================================================
Received Prepare
Begin MonoManager ReloadAssembly
Symbol file LoadedFromMemory doesn't match image /home/lvquang/Desktop/test_unity/Library/PackageCache/com.unity.visualscripting@1.8.0/Editor/VisualScripting.Core/Dependencies/YamlDotNet/Unity.VisualScripting.YamlDotNet.dll
Symbol file LoadedFromMemory doesn't match image /home/lvquang/Desktop/test_unity/Library/PackageCache/com.unity.visualscripting@1.8.0/Editor/VisualScripting.Core/Dependencies/DotNetZip/Unity.VisualScripting.IonicZip.dll
- Loaded All Assemblies, in  0.709 seconds
Refreshing native plugins compatible for Editor in 3.18 ms, found 2 plugins.
Native extension for LinuxStandalone target not found
Native extension for WebGL target not found
Mono: successfully reloaded assembly
- Finished resetting the current domain, in  0.852 seconds
Domain Reload Profiling: 1559ms
	BeginReloadAssembly (157ms)
		ExecutionOrderSort (0ms)
		DisableScriptedObjects (9ms)
		BackupInstance (0ms)
		ReleaseScriptingObjects (0ms)
		CreateAndSetChildDomain (43ms)
	RebuildCommonClasses (38ms)
	RebuildNativeTypeToScriptingClass (9ms)
	initialDomainReloadingComplete (40ms)
	LoadAllAssembliesAndSetupDomain (462ms)
		LoadAssemblies (246ms)
		RebuildTransferFunctionScriptingTraits (0ms)
		AnalyzeDomain (277ms)
			TypeCache.Refresh (270ms)
				TypeCache.ScanAssembly (260ms)
			ScanForSourceGeneratedMonoScriptInfo (3ms)
			ResolveRequiredComponents (5ms)
	FinalizeReload (852ms)
		ReleaseScriptCaches (0ms)
		RebuildScriptCaches (0ms)
		SetupLoadedEditorAssemblies (536ms)
			LogAssemblyErrors (0ms)
			InitializePlatformSupportModulesInManaged (11ms)
			SetLoadedEditorAssemblies (7ms)
			RefreshPlugins (0ms)
			BeforeProcessingInitializeOnLoad (78ms)
			ProcessInitializeOnLoadAttributes (369ms)
			ProcessInitializeOnLoadMethodAttributes (65ms)
			AfterProcessingInitializeOnLoad (6ms)
			EditorAssembliesLoaded (0ms)
		ExecutionOrderSort2 (0ms)
		AwakeInstancesAfterBackupRestoration (7ms)
Refreshing native plugins compatible for Editor in 4.69 ms, found 2 plugins.
Preloading 0 native plugins for Editor in 0.00 ms.
Unloading 3398 Unused Serialized files (Serialized files now loaded: 0)
Unloading 30 unused Assets / (34.9 KB). Loaded Objects now: 3933.
Memory consumption went from 119.5 MB to 119.5 MB.
Total: 4.379467 ms (FindLiveObjects: 0.372743 ms CreateObjectMapping: 0.187524 ms MarkObjects: 3.670439 ms  DeleteObjects: 0.137308 ms)

Prepare: number of updated asset objects reloaded= 0
AssetImportParameters requested are different than current active one (requested -> active):
  custom:container-demuxer-ogg: 62fdf1f143b41e24485cea50d1cbac27 -> 
  custom:video-decoder-ogg-theora: a1e56fd34408186e4bbccfd4996cb3dc -> 
  custom:container-demuxer-webm: 4f35f7cbe854078d1ac9338744f61a02 -> 
  custom:container-muxer-webm: aa71ff27fc2769a1b78a27578f13a17b -> 
  custom:video-decoder-webm-vp8: 9c59270c3fd7afecdb556c50c9e8de78 -> 
  custom:SearchIndexIgnoredProperties: e643bd26f0fe6173181afceb89e7c659 -> 
  custom:AudioImporter_EditorPlatform: 2f0ff77a95e0ac474e3e8eeba4e2f7cb -> 
  custom:video-encoder-webm-vp8: eb34c28f22e8b96e1ab97ce403110664 -> 
  custom:audio-decoder-ogg-vorbis: bf7c407c2cedff20999df2af8eb42d56 -> 
  custom:audio-encoder-webm-vorbis: bf7c407c2cedff20999df2af8eb42d56 -> 
========================================================================
Received Import Request.
  Time since last request: 325.796032 seconds.
  path: Assets/Scripts/JointStateSub.cs
  artifactKey: Guid(dab0490b084d98c48aa67abe3a474489) Importer(815301076,1909f56bfc062723c751e8b465ee728b)
Start importing Assets/Scripts/JointStateSub.cs using Guid(dab0490b084d98c48aa67abe3a474489) Importer(815301076,1909f56bfc062723c751e8b465ee728b)  -> (artifact id: '596342ea2ac1c95dee9f000366b6160c') in 0.001950 seconds
Number of updated asset objects reloaded before import = 0
Number of asset objects unloaded after import = 0
========================================================================
Received Prepare
Begin MonoManager ReloadAssembly
Symbol file LoadedFromMemory doesn't match image /home/lvquang/Desktop/test_unity/Library/PackageCache/com.unity.visualscripting@1.8.0/Editor/VisualScripting.Core/Dependencies/YamlDotNet/Unity.VisualScripting.YamlDotNet.dll
Symbol file LoadedFromMemory doesn't match image /home/lvquang/Desktop/test_unity/Library/PackageCache/com.unity.visualscripting@1.8.0/Editor/VisualScripting.Core/Dependencies/DotNetZip/Unity.VisualScripting.IonicZip.dll
- Loaded All Assemblies, in  0.699 seconds
Refreshing native plugins compatible for Editor in 3.20 ms, found 2 plugins.
Native extension for LinuxStandalone target not found
Native extension for WebGL target not found
Mono: successfully reloaded assembly
- Finished resetting the current domain, in  0.864 seconds
Domain Reload Profiling: 1562ms
	BeginReloadAssembly (154ms)
		ExecutionOrderSort (0ms)
		DisableScriptedObjects (9ms)
		BackupInstance (0ms)
		ReleaseScriptingObjects (0ms)
		CreateAndSetChildDomain (43ms)
	RebuildCommonClasses (40ms)
	RebuildNativeTypeToScriptingClass (8ms)
	initialDomainReloadingComplete (38ms)
	LoadAllAssembliesAndSetupDomain (457ms)
		LoadAssemblies (239ms)
		RebuildTransferFunctionScriptingTraits (0ms)
		AnalyzeDomain (279ms)
			TypeCache.Refresh (271ms)
				TypeCache.ScanAssembly (261ms)
			ScanForSourceGeneratedMonoScriptInfo (2ms)
			ResolveRequiredComponents (5ms)
	FinalizeReload (865ms)
		ReleaseScriptCaches (0ms)
		RebuildScriptCaches (0ms)
		SetupLoadedEditorAssemblies (546ms)
			LogAssemblyErrors (0ms)
			InitializePlatformSupportModulesInManaged (10ms)
			SetLoadedEditorAssemblies (5ms)
			RefreshPlugins (0ms)
			BeforeProcessingInitializeOnLoad (76ms)
			ProcessInitializeOnLoadAttributes (387ms)
			ProcessInitializeOnLoadMethodAttributes (60ms)
			AfterProcessingInitializeOnLoad (7ms)
			EditorAssembliesLoaded (0ms)
		ExecutionOrderSort2 (0ms)
		AwakeInstancesAfterBackupRestoration (7ms)
Refreshing native plugins compatible for Editor in 3.47 ms, found 2 plugins.
Preloading 0 native plugins for Editor in 0.00 ms.
Unloading 3398 Unused Serialized files (Serialized files now loaded: 0)
Unloading 30 unused Assets / (34.9 KB). Loaded Objects now: 3936.
Memory consumption went from 119.5 MB to 119.5 MB.
Total: 3.927734 ms (FindLiveObjects: 0.309327 ms CreateObjectMapping: 0.106717 ms MarkObjects: 3.435982 ms  DeleteObjects: 0.069562 ms)

Prepare: number of updated asset objects reloaded= 0
AssetImportParameters requested are different than current active one (requested -> active):
  custom:container-demuxer-ogg: 62fdf1f143b41e24485cea50d1cbac27 -> 
  custom:video-decoder-ogg-theora: a1e56fd34408186e4bbccfd4996cb3dc -> 
  custom:container-demuxer-webm: 4f35f7cbe854078d1ac9338744f61a02 -> 
  custom:container-muxer-webm: aa71ff27fc2769a1b78a27578f13a17b -> 
  custom:video-decoder-webm-vp8: 9c59270c3fd7afecdb556c50c9e8de78 -> 
  custom:SearchIndexIgnoredProperties: e643bd26f0fe6173181afceb89e7c659 -> 
  custom:AudioImporter_EditorPlatform: 2f0ff77a95e0ac474e3e8eeba4e2f7cb -> 
  custom:video-encoder-webm-vp8: eb34c28f22e8b96e1ab97ce403110664 -> 
  custom:audio-decoder-ogg-vorbis: bf7c407c2cedff20999df2af8eb42d56 -> 
  custom:audio-encoder-webm-vorbis: bf7c407c2cedff20999df2af8eb42d56 -> 
